00:32:57.000 [main                     ] DEBUG Logger               - Configured Logger
00:32:57.040 [main                     ] DEBUG GameApplication      - Logging settings
Title: Game
Version: 0.1
Width: 600
Height: 900
Fullscreen: false
Intro: false
Profiling: false
Single step:false
App Mode: DEVELOPER
Menu Key: ESCAPE
Stage Style: DECORATED
Scene Factory: class com.almasb.fxgl.app.scene.SceneFactory

00:32:57.446 [JavaFX Application Thread] DEBUG FXGLApplication      - Initializing FXGL
00:32:57.456 [JavaFX Application Thread] INFO  Engine               - FXGL-17.2 (20.08.2022 16.50) on LINUX (J:23.0.2 FX:18)
00:32:57.456 [JavaFX Application Thread] DEBUG Engine               - JRE Vendor Name: Oracle Corporation
00:32:57.457 [JavaFX Application Thread] DEBUG Engine               - Running on OS: Linux version 6.8.0-57-generic
00:32:57.457 [JavaFX Application Thread] DEBUG Engine               - Architecture: amd64
00:32:57.457 [JavaFX Application Thread] INFO  Engine               - Source code and latest versions at: https://github.com/AlmasB/FXGL
00:32:57.457 [JavaFX Application Thread] INFO  Engine               -       Ask questions and discuss at: https://github.com/AlmasB/FXGL/discussions
00:32:57.457 [JavaFX Application Thread] INFO  Engine               -              Join the FXGL chat at: https://gitter.im/AlmasB/FXGL
00:32:57.591 [JavaFX Application Thread] DEBUG PrimaryStageWindow   - Creating a JavaFX scene
00:32:57.680 [JavaFX Application Thread] DEBUG PrimaryStageWindow   - Target settings size: 600.0 x 900.0
00:32:57.681 [JavaFX Application Thread] DEBUG PrimaryStageWindow   - Scaled scene size:    600.0 x 900.0
00:32:57.681 [JavaFX Application Thread] DEBUG PrimaryStageWindow   - Scaled ratio: (1.0, 1.0)
00:32:57.683 [JavaFX Application Thread] DEBUG PrimaryStageWindow   - Set initial scene to FXGLStartupScene
00:32:57.692 [JavaFX Application Thread] DEBUG PrimaryStageWindow   - Opening main window
00:32:57.754 [JavaFX Application Thread] DEBUG PrimaryStageWindow   - Window border size: (2.0, 29.0)
00:32:57.755 [JavaFX Application Thread] DEBUG PrimaryStageWindow   - Scaled size: 600.0 x 900.0
00:32:57.756 [JavaFX Application Thread] DEBUG PrimaryStageWindow   - Scaled ratio: (1.0, 1.0)
00:32:57.756 [JavaFX Application Thread] DEBUG PrimaryStageWindow   - Scene size: 600.0 x 900.0
00:32:57.757 [JavaFX Application Thread] DEBUG PrimaryStageWindow   - Stage size: 602.0 x 929.0
00:32:57.771 [FXGL Background Thread 1 ] DEBUG Engine               - Initializing environment variables
00:32:57.928 [FXGL Background Thread 1 ] DEBUG FXGLAssetLoaderServi - User app class for loading assets: class nsu.GameApp
00:32:57.929 [FXGL Background Thread 1 ] DEBUG GameApplicationServi - Applying CSS: fxgl_dark.css
00:32:57.931 [FXGL Background Thread 1 ] DEBUG FXGLAssetLoaderServi - Loading from file system: jar:file:/home/oksana/.gradle/caches/modules-2/files-2.1/com.github.almasb/fxgl/17.2/35db6ae960eec2dcfd19262d3b7f9c42f0e95bc3/fxgl-17.2.jar!/fxglassets/ui/css/fxgl_dark.css
00:32:57.987 [FXGL Background Thread 1 ] DEBUG GameApplicationServi - Initializing application scenes
00:32:58.043 [FXGL Background Thread 1 ] DEBUG GameWorld            - Game world initialized
00:32:58.140 [FXGL Background Thread 1 ] DEBUG PhysicsWorld         - Physics world initialized: appHeight=900, physics.ppm=50.0
00:32:58.140 [FXGL Background Thread 1 ] DEBUG PhysicsWorld         - Using strategy: BRUTE_FORCE
00:32:58.146 [FXGL Background Thread 1 ] DEBUG GameScene            - Game scene initialized: 600x900
00:32:58.165 [FXGL Background Thread 1 ] WARN  FXGL.DefaultMenu     - FXGLDefaultMenu is not designed for resolutions < 800x600
00:32:58.165 [FXGL Background Thread 1 ] DEBUG FXGL.DefaultMenu     - createMenuBodyGameMenu()
00:32:58.181 [FXGL Background Thread 1 ] DEBUG FXGL.DefaultMenu     - createOptionsMenu()
00:32:58.194 [FXGL Background Thread 1 ] DEBUG FXGLAssetLoaderServi - Loading from file system: jar:file:/home/oksana/.gradle/caches/modules-2/files-2.1/com.github.almasb/fxgl/17.2/35db6ae960eec2dcfd19262d3b7f9c42f0e95bc3/fxgl-17.2.jar!/fxglassets/textures/particles/smoke.png
00:32:58.315 [FXGL Background Thread 1 ] DEBUG FXGLAssetLoaderServi - Loading from file system: jar:file:/home/oksana/.gradle/caches/modules-2/files-2.1/com.github.almasb/fxgl/17.2/35db6ae960eec2dcfd19262d3b7f9c42f0e95bc3/fxgl-17.2.jar!/fxglassets/textures/particles/trace_horizontal.png
00:32:58.341 [FXGL Background Thread 1 ] DEBUG GameApplicationServi - Application scenes initialized
00:32:58.359 [FXGL Background Thread 1 ] DEBUG SystemBundleService  - Loading FXGL system data
00:32:58.364 [FXGL Background Thread 1 ] DEBUG FileSystemAccess     - Reading from: /home/oksana/IdeaProjects/tutorial/system/fxgl.bundle
00:32:58.372 [FXGL Background Thread 1 ] DEBUG SystemBundleService  - Bundle FXGL: {}
00:32:58.372 [FXGL Background Thread 1 ] DEBUG UpdaterService       - Checking for updates
00:32:58.379 [FXGL Background Thread 4 ] DEBUG FXGLApplication      - Loading fonts
00:32:58.379 [FXGL Background Thread 1 ] DEBUG FXGLApplication      - Loading default localization
00:32:58.380 [FXGL Background Thread 4 ] DEBUG FXGLAssetLoaderServi - Loading from file system: jar:file:/home/oksana/.gradle/caches/modules-2/files-2.1/com.github.almasb/fxgl/17.2/35db6ae960eec2dcfd19262d3b7f9c42f0e95bc3/fxgl-17.2.jar!/fxglassets/ui/fonts/VarelaRound-Regular.ttf
00:32:58.380 [FXGL Background Thread 1 ] DEBUG FXGLAssetLoaderServi - Loading from file system: jar:file:/home/oksana/.gradle/caches/modules-2/files-2.1/com.github.almasb/fxgl/17.2/35db6ae960eec2dcfd19262d3b7f9c42f0e95bc3/fxgl-17.2.jar!/fxglassets/languages/english.lang
00:32:58.401 [FXGL Background Thread 4 ] DEBUG FXGLAssetLoaderServi - Loading from file system: jar:file:/home/oksana/.gradle/caches/modules-2/files-2.1/com.github.almasb/fxgl/17.2/35db6ae960eec2dcfd19262d3b7f9c42f0e95bc3/fxgl-17.2.jar!/fxglassets/ui/fonts/Abel-Regular.ttf
00:32:58.404 [FXGL Background Thread 4 ] DEBUG FXGLAssetLoaderServi - Loading from file system: jar:file:/home/oksana/.gradle/caches/modules-2/files-2.1/com.github.almasb/fxgl/17.2/35db6ae960eec2dcfd19262d3b7f9c42f0e95bc3/fxgl-17.2.jar!/fxglassets/ui/fonts/TerminalLandMono-Regular.otf
00:32:58.406 [FXGL Background Thread 4 ] DEBUG FXGLAssetLoaderServi - Loading from file system: jar:file:/home/oksana/.gradle/caches/modules-2/files-2.1/com.github.almasb/fxgl/17.2/35db6ae960eec2dcfd19262d3b7f9c42f0e95bc3/fxgl-17.2.jar!/fxglassets/ui/fonts/Courier-Prime.ttf
00:32:58.412 [JavaFX Application Thread] DEBUG FXGLApplication      - Registering font factories with UI factory
00:32:58.415 [FXGL Background Thread 1 ] INFO  FXGLApplication      - FXGL initialization took: 0.643 sec
00:32:58.427 [JavaFX Application Thread] DEBUG Input                - Registered new binding: Move Right - D
00:32:58.428 [JavaFX Application Thread] DEBUG Input                - Registered new binding: Move Left - A
00:32:58.428 [JavaFX Application Thread] DEBUG Input                - Registered new binding: Jump - W
00:32:58.428 [JavaFX Application Thread] DEBUG Input                - Registered new binding: Shot - Space
00:32:58.429 [JavaFX Application Thread] DEBUG FXGLAssetLoaderServi - Loading from file system: jar:file:/home/oksana/.gradle/caches/modules-2/files-2.1/com.github.almasb/fxgl/17.2/35db6ae960eec2dcfd19262d3b7f9c42f0e95bc3/fxgl-17.2.jar!/fxglassets/textures/fxgl_icon.png
00:32:58.484 [JavaFX Application Thread] DEBUG FXGLAssetLoaderServi - Loading from file system: jar:file:/home/oksana/.gradle/caches/modules-2/files-2.1/com.github.almasb/fxgl/17.2/35db6ae960eec2dcfd19262d3b7f9c42f0e95bc3/fxgl-17.2.jar!/fxglassets/textures/fxgl_default_cursor.png
00:32:58.487 [JavaFX Application Thread] DEBUG Input                - Registered new binding: Screenshot - CTRL+8
00:32:58.487 [JavaFX Application Thread] DEBUG Input                - Registered new binding: System info dump - CTRL+9
00:32:58.488 [JavaFX Application Thread] DEBUG Input                - Registered new binding: Restart - CTRL+R
00:32:58.489 [JavaFX Application Thread] DEBUG Input                - Registered new binding: Toggle Debug Camera - CTRL+7
00:32:58.492 [JavaFX Application Thread] DEBUG LoopRunner           - Starting loop
00:32:58.492 [JavaFX Application Thread] DEBUG LoopRunner           - Initializing JavaFX AnimationTimerLoop
00:32:58.493 [JavaFX Application Thread] DEBUG GameApplicationServi - Starting new game
00:32:58.494 [JavaFX Application Thread] DEBUG Input                - Clearing active input actions
00:32:58.513 [JavaFX Application Thread] DEBUG GameApplicationServi - Removing overlay from FXGLStartupScene and adding to FXGLLoadingScene
00:32:58.514 [JavaFX Application Thread] DEBUG PrimaryStageWindow   - FXGLStartupScene -> FXGLLoadingScene
00:32:58.514 [JavaFX Application Thread] DEBUG GameApplicationServi - Clearing previous game
00:32:58.514 [JavaFX Application Thread] DEBUG GameScene            - Clearing game scene
00:32:58.514 [JavaFX Application Thread] DEBUG GameWorld            - Clearing game world
00:32:58.514 [JavaFX Application Thread] DEBUG PhysicsWorld         - Clearing physics world
00:32:58.516 [FXGL Background Thread 1 ] DEBUG FXGLApplication      - Initializing game
00:32:58.623 [FXGL Background Thread 1 ] DEBUG FXGLAssetLoaderServi - Loading from file system: file:/home/oksana/IdeaProjects/tutorial/build/resources/main/assets/textures/player.png
00:32:58.654 [FXGL Background Thread 1 ] INFO  FXGLApplication      - Game initialization took: 0.138 sec
00:32:58.689 [JavaFX Application Thread] DEBUG Input                - Clearing active input actions
00:32:58.701 [JavaFX Application Thread] DEBUG GameApplicationServi - Removing overlay from FXGLLoadingScene and adding to GameScene
00:32:58.701 [JavaFX Application Thread] DEBUG PrimaryStageWindow   - FXGLLoadingScene -> GameScene
00:32:59.543 [FXGL Background Thread 2 ] INFO  UpdaterService       - Your current version:  17.2
00:32:59.543 [FXGL Background Thread 2 ] INFO  UpdaterService       - Latest stable version: 21.1
00:33:01.376 [FXGL Background Thread 3 ] DEBUG Engine               - Logging environment variables
00:33:01.379 [FXGL Background Thread 3 ] DEBUG Engine               - achievements: []
00:33:01.379 [FXGL Background Thread 3 ] DEBUG Engine               - actualHeight: 908.0
00:33:01.379 [FXGL Background Thread 3 ] DEBUG Engine               - actualHeightProperty: ReadOnlyDoubleProperty [value: 908.0]
00:33:01.379 [FXGL Background Thread 3 ] DEBUG Engine               - actualWidth: 598.0
00:33:01.380 [FXGL Background Thread 3 ] DEBUG Engine               - actualWidthProperty: ReadOnlyDoubleProperty [value: 598.0]
00:33:01.380 [FXGL Background Thread 3 ] DEBUG Engine               - appIcon: fxgl_icon.png
00:33:01.380 [FXGL Background Thread 3 ] DEBUG Engine               - applicationMode: DEVELOPER
00:33:01.380 [FXGL Background Thread 3 ] DEBUG Engine               - cSSList: [fxgl_dark.css]
00:33:01.380 [FXGL Background Thread 3 ] DEBUG Engine               - collisionDetectionStrategy: BRUTE_FORCE
00:33:01.380 [FXGL Background Thread 3 ] DEBUG Engine               - configClass: Optional.empty
00:33:01.380 [FXGL Background Thread 3 ] DEBUG Engine               - credits: []
00:33:01.381 [FXGL Background Thread 3 ] DEBUG Engine               - defaultCursor: CursorInfo(imageName=fxgl_default_cursor.png, hotspotX=7.0, hotspotY=6.0)
00:33:01.381 [FXGL Background Thread 3 ] DEBUG Engine               - devBBoxColorProperty: ObjectProperty [value: 0xff0000ff]
00:33:01.381 [FXGL Background Thread 3 ] DEBUG Engine               - devEnableDebugCameraProperty: BooleanProperty [value: false]
00:33:01.382 [FXGL Background Thread 3 ] DEBUG Engine               - devSensorColorProperty: ObjectProperty [value: 0xffff00ff]
00:33:01.382 [FXGL Background Thread 3 ] DEBUG Engine               - devShowBBoxProperty: BooleanProperty [value: false]
00:33:01.382 [FXGL Background Thread 3 ] DEBUG Engine               - devShowPositionProperty: BooleanProperty [value: false]
00:33:01.382 [FXGL Background Thread 3 ] DEBUG Engine               - enabledMenuItems: []
00:33:01.382 [FXGL Background Thread 3 ] DEBUG Engine               - engineServices: [class com.almasb.fxgl.app.services.FXGLAssetLoaderService, class com.almasb.fxgl.app.FXGLApplication$GameApplicationService, class com.almasb.fxgl.app.services.FXGLDialogService, class com.almasb.fxgl.app.services.IOTaskExecutorService, class com.almasb.fxgl.io.FileSystemService, class com.almasb.fxgl.localization.LocalizationService, class com.almasb.fxgl.app.services.SystemBundleService, class com.almasb.fxgl.profile.SaveLoadService, class com.almasb.fxgl.ui.FXGLUIFactoryServiceProvider, class com.almasb.fxgl.ui.FXGLDialogFactoryServiceProvider, class com.almasb.fxgl.audio.AudioPlayer, class com.almasb.fxgl.notification.impl.NotificationServiceProvider, class com.almasb.fxgl.achievement.AchievementService, class com.almasb.fxgl.cutscene.CutsceneService, class com.almasb.fxgl.minigames.MiniGameService, class com.almasb.fxgl.net.NetService, class com.almasb.fxgl.app.services.UpdaterService, class com.almasb.fxgl.dev.DevService]
00:33:01.382 [FXGL Background Thread 3 ] DEBUG Engine               - fontGame: Abel-Regular.ttf
00:33:01.382 [FXGL Background Thread 3 ] DEBUG Engine               - fontMono: TerminalLandMono-Regular.otf
00:33:01.382 [FXGL Background Thread 3 ] DEBUG Engine               - fontText: Courier-Prime.ttf
00:33:01.383 [FXGL Background Thread 3 ] DEBUG Engine               - fontUI: VarelaRound-Regular.ttf
00:33:01.383 [FXGL Background Thread 3 ] DEBUG Engine               - fullScreen: BooleanProperty [value: false]
00:33:01.383 [FXGL Background Thread 3 ] DEBUG Engine               - gameDifficulty: MEDIUM
00:33:01.383 [FXGL Background Thread 3 ] DEBUG Engine               - gameDifficultyProperty: ObjectProperty [value: MEDIUM]
00:33:01.383 [FXGL Background Thread 3 ] DEBUG Engine               - globalMusicVolume: 0.5
00:33:01.383 [FXGL Background Thread 3 ] DEBUG Engine               - globalMusicVolumeProperty: DoubleProperty [value: 0.5]
00:33:01.383 [FXGL Background Thread 3 ] DEBUG Engine               - globalSoundVolume: 0.5
00:33:01.383 [FXGL Background Thread 3 ] DEBUG Engine               - globalSoundVolumeProperty: DoubleProperty [value: 0.5]
00:33:01.383 [FXGL Background Thread 3 ] DEBUG Engine               - height: 900
00:33:01.384 [FXGL Background Thread 3 ] DEBUG Engine               - is3D: false
00:33:01.384 [FXGL Background Thread 3 ] DEBUG Engine               - isAndroid: false
00:33:01.384 [FXGL Background Thread 3 ] DEBUG Engine               - isBrowser: false
00:33:01.384 [FXGL Background Thread 3 ] DEBUG Engine               - isClickFeedbackEnabled: false
00:33:01.384 [FXGL Background Thread 3 ] DEBUG Engine               - isCloseConfirmation: false
00:33:01.384 [FXGL Background Thread 3 ] DEBUG Engine               - isDesktop: true
00:33:01.384 [FXGL Background Thread 3 ] DEBUG Engine               - isDeveloperMenuEnabled: false
00:33:01.384 [FXGL Background Thread 3 ] DEBUG Engine               - isEmbedded: false
00:33:01.384 [FXGL Background Thread 3 ] DEBUG Engine               - isEntityPreloadEnabled: true
00:33:01.384 [FXGL Background Thread 3 ] DEBUG Engine               - isExperimentalTiledLargeMap: false
00:33:01.384 [FXGL Background Thread 3 ] DEBUG Engine               - isFileSystemWriteAllowed: true
00:33:01.384 [FXGL Background Thread 3 ] DEBUG Engine               - isFullScreenAllowed: false
00:33:01.385 [FXGL Background Thread 3 ] DEBUG Engine               - isFullScreenFromStart: false
00:33:01.385 [FXGL Background Thread 3 ] DEBUG Engine               - isGameMenuEnabled: true
00:33:01.385 [FXGL Background Thread 3 ] DEBUG Engine               - isIOS: false
00:33:01.385 [FXGL Background Thread 3 ] DEBUG Engine               - isIntroEnabled: false
00:33:01.385 [FXGL Background Thread 3 ] DEBUG Engine               - isLinux: true
00:33:01.385 [FXGL Background Thread 3 ] DEBUG Engine               - isMac: false
00:33:01.385 [FXGL Background Thread 3 ] DEBUG Engine               - isMainMenuEnabled: false
00:33:01.385 [FXGL Background Thread 3 ] DEBUG Engine               - isManualResizeEnabled: false
00:33:01.385 [FXGL Background Thread 3 ] DEBUG Engine               - isMobile: false
00:33:01.385 [FXGL Background Thread 3 ] DEBUG Engine               - isNative: false
00:33:01.385 [FXGL Background Thread 3 ] DEBUG Engine               - isPauseMusicWhenMinimized: true
00:33:01.385 [FXGL Background Thread 3 ] DEBUG Engine               - isPreserveResizeRatio: false
00:33:01.385 [FXGL Background Thread 3 ] DEBUG Engine               - isProfilingEnabled: false
00:33:01.386 [FXGL Background Thread 3 ] DEBUG Engine               - isScaleAffectedOnResize: true
00:33:01.386 [FXGL Background Thread 3 ] DEBUG Engine               - isSingleStep: false
00:33:01.386 [FXGL Background Thread 3 ] DEBUG Engine               - isUserProfileEnabled: false
00:33:01.386 [FXGL Background Thread 3 ] DEBUG Engine               - isWindows: false
00:33:01.386 [FXGL Background Thread 3 ] DEBUG Engine               - language: ObjectProperty [value: ENGLISH]
00:33:01.386 [FXGL Background Thread 3 ] DEBUG Engine               - menuKey: ESCAPE
00:33:01.386 [FXGL Background Thread 3 ] DEBUG Engine               - mouseSensitivity: 0.2
00:33:01.386 [FXGL Background Thread 3 ] DEBUG Engine               - notificationViewClass: class com.almasb.fxgl.notification.view.XboxNotificationView
00:33:01.386 [FXGL Background Thread 3 ] DEBUG Engine               - pixelsPerMeter: 50.0
00:33:01.386 [FXGL Background Thread 3 ] DEBUG Engine               - platform: LINUX
00:33:01.386 [FXGL Background Thread 3 ] DEBUG Engine               - prefHeightProperty: ReadOnlyDoubleProperty [value: 900.0]
00:33:01.386 [FXGL Background Thread 3 ] DEBUG Engine               - prefWidthProperty: ReadOnlyDoubleProperty [value: 600.0]
00:33:01.386 [FXGL Background Thread 3 ] DEBUG Engine               - profileDir: profiles/
00:33:01.387 [FXGL Background Thread 3 ] DEBUG Engine               - profileName: StringProperty [value: DEFAULT]
00:33:01.387 [FXGL Background Thread 3 ] DEBUG Engine               - randomSeed: -1
00:33:01.387 [FXGL Background Thread 3 ] DEBUG Engine               - runtimeInfo: RuntimeInfo(platform=LINUX, version=17.2, build=20.08.2022 16.50)
00:33:01.387 [FXGL Background Thread 3 ] DEBUG Engine               - saveFileExt: sav
00:33:01.387 [FXGL Background Thread 3 ] DEBUG Engine               - scaledHeightProp$fxgl: DoubleProperty [bound, value: 908.0]
00:33:01.387 [FXGL Background Thread 3 ] DEBUG Engine               - scaledWidthProp$fxgl: DoubleProperty [bound, value: 598.0]
00:33:01.387 [FXGL Background Thread 3 ] DEBUG Engine               - sceneFactory: com.almasb.fxgl.app.scene.SceneFactory@7bc7829
00:33:01.387 [FXGL Background Thread 3 ] DEBUG Engine               - secondsIn24h: 60
00:33:01.388 [FXGL Background Thread 3 ] DEBUG Engine               - soundMenuBack: menu/back.wav
00:33:01.388 [FXGL Background Thread 3 ] DEBUG Engine               - soundMenuPress: menu/press.wav
00:33:01.388 [FXGL Background Thread 3 ] DEBUG Engine               - soundMenuSelect: menu/select.wav
00:33:01.388 [FXGL Background Thread 3 ] DEBUG Engine               - soundNotification: core/notification.wav
00:33:01.388 [FXGL Background Thread 3 ] DEBUG Engine               - stageStyle: DECORATED
00:33:01.388 [FXGL Background Thread 3 ] DEBUG Engine               - supportedLanguages: [ENGLISH, FRENCH, GERMAN, HUNGARIAN, RUSSIAN]
00:33:01.388 [FXGL Background Thread 3 ] DEBUG Engine               - ticksPerSecond: -1
00:33:01.388 [FXGL Background Thread 3 ] DEBUG Engine               - title: Game
00:33:01.388 [FXGL Background Thread 3 ] DEBUG Engine               - urlGithub: https://github.com/AlmasB/FXGL
00:33:01.388 [FXGL Background Thread 3 ] DEBUG Engine               - urlLeaderboard: http://fxgl-top.herokuapp.com/
00:33:01.388 [FXGL Background Thread 3 ] DEBUG Engine               - urlPOM: https://raw.githubusercontent.com/AlmasB/FXGL/release/README.md
00:33:01.388 [FXGL Background Thread 3 ] DEBUG Engine               - userAppClass: class nsu.GameApp
00:33:01.388 [FXGL Background Thread 3 ] DEBUG Engine               - version: 0.1
00:33:01.389 [FXGL Background Thread 3 ] DEBUG Engine               - versionCheckDays: 7
00:33:01.389 [FXGL Background Thread 3 ] DEBUG Engine               - width: 600
00:33:01.389 [FXGL Background Thread 3 ] DEBUG Engine               - Logging services
00:33:01.389 [FXGL Background Thread 3 ] DEBUG Engine               - class com.almasb.fxgl.app.services.FXGLAssetLoaderService
00:33:01.389 [FXGL Background Thread 3 ] DEBUG Engine               - class com.almasb.fxgl.app.FXGLApplication$GameApplicationService
00:33:01.389 [FXGL Background Thread 3 ] DEBUG Engine               - class com.almasb.fxgl.app.services.FXGLDialogService
00:33:01.389 [FXGL Background Thread 3 ] DEBUG Engine               - class com.almasb.fxgl.app.services.IOTaskExecutorService
00:33:01.389 [FXGL Background Thread 3 ] DEBUG Engine               - class com.almasb.fxgl.io.FileSystemService
00:33:01.389 [FXGL Background Thread 3 ] DEBUG Engine               - class com.almasb.fxgl.localization.LocalizationService
00:33:01.389 [FXGL Background Thread 3 ] DEBUG Engine               - class com.almasb.fxgl.app.services.SystemBundleService
00:33:01.390 [FXGL Background Thread 3 ] DEBUG Engine               - class com.almasb.fxgl.profile.SaveLoadService
00:33:01.390 [FXGL Background Thread 3 ] DEBUG Engine               - class com.almasb.fxgl.ui.FXGLUIFactoryServiceProvider
00:33:01.390 [FXGL Background Thread 3 ] DEBUG Engine               - class com.almasb.fxgl.ui.FXGLDialogFactoryServiceProvider
00:33:01.390 [FXGL Background Thread 3 ] DEBUG Engine               - class com.almasb.fxgl.audio.AudioPlayer
00:33:01.390 [FXGL Background Thread 3 ] DEBUG Engine               - class com.almasb.fxgl.notification.impl.NotificationServiceProvider
00:33:01.390 [FXGL Background Thread 3 ] DEBUG Engine               - class com.almasb.fxgl.achievement.AchievementService
00:33:01.390 [FXGL Background Thread 3 ] DEBUG Engine               - class com.almasb.fxgl.cutscene.CutsceneService
00:33:01.390 [FXGL Background Thread 3 ] DEBUG Engine               - class com.almasb.fxgl.minigames.MiniGameService
00:33:01.390 [FXGL Background Thread 3 ] DEBUG Engine               - class com.almasb.fxgl.net.NetService
00:33:01.390 [FXGL Background Thread 3 ] DEBUG Engine               - class com.almasb.fxgl.app.services.UpdaterService
00:33:01.390 [FXGL Background Thread 3 ] DEBUG Engine               - class com.almasb.fxgl.dev.DevService
00:33:06.723 [JavaFX Application Thread] DEBUG FXGLApplication      - Exiting FXGL
00:33:06.723 [JavaFX Application Thread] DEBUG LoopRunner           - Stopping loop
00:33:06.724 [JavaFX Application Thread] DEBUG SystemBundleService  - Saving FXGL system data
00:33:06.732 [JavaFX Application Thread] DEBUG FileSystemAccess     - Writing to: /home/oksana/IdeaProjects/tutorial/system/fxgl.bundle
00:33:06.741 [JavaFX Application Thread] DEBUG Async                - Shutting down background threads
00:33:06.742 [JavaFX Application Thread] DEBUG PrimaryStageWindow   - Closing main window
00:33:06.759 [JavaFX Application Thread] DEBUG Logger               - Closing Logger
