17:08:00.035 [main                     ] DEBUG Logger               - Configured Logger
17:08:00.079 [main                     ] DEBUG GameApplication      - Logging settings
Title: Game
Version: 0.0
Width: 600
Height: 600
Fullscreen: false
Intro: false
Profiling: false
Single step:false
App Mode: DEVELOPER
Menu Key: ESCAPE
Stage Style: DECORATED
Scene Factory: class com.almasb.fxgl.app.scene.SceneFactory

17:08:00.577 [JavaFX Application Thread] DEBUG FXGLApplication      - Initializing FXGL
17:08:00.584 [JavaFX Application Thread] INFO  Engine               - FXGL-17.2 (20.08.2022 16.50) on LINUX (J:23.0.2 FX:18)
17:08:00.585 [JavaFX Application Thread] DEBUG Engine               - JRE Vendor Name: Oracle Corporation
17:08:00.586 [JavaFX Application Thread] DEBUG Engine               - Running on OS: Linux version 6.8.0-58-generic
17:08:00.586 [JavaFX Application Thread] DEBUG Engine               - Architecture: amd64
17:08:00.586 [JavaFX Application Thread] INFO  Engine               - Source code and latest versions at: https://github.com/AlmasB/FXGL
17:08:00.586 [JavaFX Application Thread] INFO  Engine               -       Ask questions and discuss at: https://github.com/AlmasB/FXGL/discussions
17:08:00.587 [JavaFX Application Thread] INFO  Engine               -              Join the FXGL chat at: https://gitter.im/AlmasB/FXGL
17:08:00.717 [JavaFX Application Thread] DEBUG PrimaryStageWindow   - Creating a JavaFX scene
17:08:00.839 [JavaFX Application Thread] DEBUG PrimaryStageWindow   - Target settings size: 600.0 x 600.0
17:08:00.839 [JavaFX Application Thread] DEBUG PrimaryStageWindow   - Scaled scene size:    600.0 x 600.0
17:08:00.839 [JavaFX Application Thread] DEBUG PrimaryStageWindow   - Scaled ratio: (1.0, 1.0)
17:08:00.841 [JavaFX Application Thread] DEBUG PrimaryStageWindow   - Set initial scene to FXGLStartupScene
17:08:00.850 [JavaFX Application Thread] DEBUG PrimaryStageWindow   - Opening main window
17:08:00.917 [JavaFX Application Thread] DEBUG PrimaryStageWindow   - Window border size: (2.0, 29.0)
17:08:00.918 [JavaFX Application Thread] DEBUG PrimaryStageWindow   - Scaled size: 600.0 x 600.0
17:08:00.918 [JavaFX Application Thread] DEBUG PrimaryStageWindow   - Scaled ratio: (1.0, 1.0)
17:08:00.919 [JavaFX Application Thread] DEBUG PrimaryStageWindow   - Scene size: 600.0 x 600.0
17:08:00.919 [JavaFX Application Thread] DEBUG PrimaryStageWindow   - Stage size: 602.0 x 629.0
17:08:00.935 [FXGL Background Thread 1 ] DEBUG Engine               - Initializing environment variables
17:08:01.079 [FXGL Background Thread 1 ] DEBUG FXGLAssetLoaderServi - User app class for loading assets: class nsu.GameApp
17:08:01.080 [FXGL Background Thread 1 ] DEBUG GameApplicationServi - Applying CSS: fxgl_dark.css
17:08:01.081 [FXGL Background Thread 1 ] DEBUG FXGLAssetLoaderServi - Loading from file system: jar:file:/home/oksana/.gradle/caches/modules-2/files-2.1/com.github.almasb/fxgl/17.2/35db6ae960eec2dcfd19262d3b7f9c42f0e95bc3/fxgl-17.2.jar!/fxglassets/ui/css/fxgl_dark.css
17:08:01.136 [FXGL Background Thread 1 ] DEBUG GameApplicationServi - Initializing application scenes
17:08:01.205 [FXGL Background Thread 1 ] DEBUG GameWorld            - Game world initialized
17:08:01.302 [FXGL Background Thread 1 ] DEBUG PhysicsWorld         - Physics world initialized: appHeight=600, physics.ppm=50.0
17:08:01.303 [FXGL Background Thread 1 ] DEBUG PhysicsWorld         - Using strategy: BRUTE_FORCE
17:08:01.309 [FXGL Background Thread 1 ] DEBUG GameScene            - Game scene initialized: 600x600
17:08:01.326 [FXGL Background Thread 1 ] WARN  FXGL.DefaultMenu     - FXGLDefaultMenu is not designed for resolutions < 800x600
17:08:01.327 [FXGL Background Thread 1 ] DEBUG FXGL.DefaultMenu     - createMenuBodyGameMenu()
17:08:01.350 [FXGL Background Thread 1 ] DEBUG FXGL.DefaultMenu     - createOptionsMenu()
17:08:01.366 [FXGL Background Thread 1 ] DEBUG FXGLAssetLoaderServi - Loading from file system: jar:file:/home/oksana/.gradle/caches/modules-2/files-2.1/com.github.almasb/fxgl/17.2/35db6ae960eec2dcfd19262d3b7f9c42f0e95bc3/fxgl-17.2.jar!/fxglassets/textures/particles/smoke.png
17:08:01.508 [FXGL Background Thread 1 ] DEBUG FXGLAssetLoaderServi - Loading from file system: jar:file:/home/oksana/.gradle/caches/modules-2/files-2.1/com.github.almasb/fxgl/17.2/35db6ae960eec2dcfd19262d3b7f9c42f0e95bc3/fxgl-17.2.jar!/fxglassets/textures/particles/trace_horizontal.png
17:08:01.539 [FXGL Background Thread 1 ] DEBUG GameApplicationServi - Application scenes initialized
17:08:01.560 [FXGL Background Thread 1 ] DEBUG SystemBundleService  - Loading FXGL system data
17:08:01.566 [FXGL Background Thread 1 ] DEBUG FileSystemAccess     - Reading from: /home/oksana/IdeaProjects/tutorial/system/fxgl.bundle
17:08:01.578 [FXGL Background Thread 1 ] DEBUG SystemBundleService  - Bundle FXGL: {}
17:08:01.578 [FXGL Background Thread 1 ] DEBUG UpdaterService       - Checking for updates
17:08:01.584 [FXGL Background Thread 4 ] DEBUG FXGLApplication      - Loading fonts
17:08:01.585 [FXGL Background Thread 4 ] DEBUG FXGLAssetLoaderServi - Loading from file system: jar:file:/home/oksana/.gradle/caches/modules-2/files-2.1/com.github.almasb/fxgl/17.2/35db6ae960eec2dcfd19262d3b7f9c42f0e95bc3/fxgl-17.2.jar!/fxglassets/ui/fonts/VarelaRound-Regular.ttf
17:08:01.586 [FXGL Background Thread 1 ] DEBUG FXGLApplication      - Loading default localization
17:08:01.587 [FXGL Background Thread 1 ] DEBUG FXGLAssetLoaderServi - Loading from file system: jar:file:/home/oksana/.gradle/caches/modules-2/files-2.1/com.github.almasb/fxgl/17.2/35db6ae960eec2dcfd19262d3b7f9c42f0e95bc3/fxgl-17.2.jar!/fxglassets/languages/english.lang
17:08:01.617 [FXGL Background Thread 4 ] DEBUG FXGLAssetLoaderServi - Loading from file system: jar:file:/home/oksana/.gradle/caches/modules-2/files-2.1/com.github.almasb/fxgl/17.2/35db6ae960eec2dcfd19262d3b7f9c42f0e95bc3/fxgl-17.2.jar!/fxglassets/ui/fonts/Abel-Regular.ttf
17:08:01.621 [FXGL Background Thread 4 ] DEBUG FXGLAssetLoaderServi - Loading from file system: jar:file:/home/oksana/.gradle/caches/modules-2/files-2.1/com.github.almasb/fxgl/17.2/35db6ae960eec2dcfd19262d3b7f9c42f0e95bc3/fxgl-17.2.jar!/fxglassets/ui/fonts/TerminalLandMono-Regular.otf
17:08:01.624 [FXGL Background Thread 4 ] DEBUG FXGLAssetLoaderServi - Loading from file system: jar:file:/home/oksana/.gradle/caches/modules-2/files-2.1/com.github.almasb/fxgl/17.2/35db6ae960eec2dcfd19262d3b7f9c42f0e95bc3/fxgl-17.2.jar!/fxglassets/ui/fonts/Courier-Prime.ttf
17:08:01.625 [FXGL Background Thread 1 ] INFO  FXGLApplication      - FXGL initialization took: 0.690 sec
17:08:01.637 [JavaFX Application Thread] DEBUG Input                - Registered new binding: Move Right - D
17:08:01.637 [JavaFX Application Thread] DEBUG Input                - Registered new binding: Move Left - A
17:08:01.637 [JavaFX Application Thread] DEBUG Input                - Registered new binding: Jump - W
17:08:01.638 [JavaFX Application Thread] DEBUG Input                - Registered new binding: Shot - Space
17:08:01.638 [JavaFX Application Thread] DEBUG FXGLAssetLoaderServi - Loading from file system: jar:file:/home/oksana/.gradle/caches/modules-2/files-2.1/com.github.almasb/fxgl/17.2/35db6ae960eec2dcfd19262d3b7f9c42f0e95bc3/fxgl-17.2.jar!/fxglassets/textures/fxgl_icon.png
17:08:01.678 [JavaFX Application Thread] DEBUG FXGLAssetLoaderServi - Loading from file system: jar:file:/home/oksana/.gradle/caches/modules-2/files-2.1/com.github.almasb/fxgl/17.2/35db6ae960eec2dcfd19262d3b7f9c42f0e95bc3/fxgl-17.2.jar!/fxglassets/textures/fxgl_default_cursor.png
17:08:01.683 [JavaFX Application Thread] DEBUG Input                - Registered new binding: Screenshot - CTRL+8
17:08:01.686 [JavaFX Application Thread] DEBUG Input                - Registered new binding: System info dump - CTRL+9
17:08:01.687 [JavaFX Application Thread] DEBUG Input                - Registered new binding: Restart - CTRL+R
17:08:01.690 [JavaFX Application Thread] DEBUG Input                - Registered new binding: Toggle Debug Camera - CTRL+7
17:08:01.696 [JavaFX Application Thread] DEBUG LoopRunner           - Starting loop
17:08:01.696 [JavaFX Application Thread] DEBUG LoopRunner           - Initializing JavaFX AnimationTimerLoop
17:08:01.698 [JavaFX Application Thread] DEBUG GameApplicationServi - Starting new game
17:08:01.711 [JavaFX Application Thread] DEBUG Input                - Clearing active input actions
17:08:01.736 [JavaFX Application Thread] DEBUG GameApplicationServi - Removing overlay from FXGLStartupScene and adding to FXGLLoadingScene
17:08:01.736 [JavaFX Application Thread] DEBUG PrimaryStageWindow   - FXGLStartupScene -> FXGLLoadingScene
17:08:01.737 [JavaFX Application Thread] DEBUG GameApplicationServi - Clearing previous game
17:08:01.737 [JavaFX Application Thread] DEBUG GameScene            - Clearing game scene
17:08:01.737 [JavaFX Application Thread] DEBUG GameWorld            - Clearing game world
17:08:01.737 [JavaFX Application Thread] DEBUG PhysicsWorld         - Clearing physics world
17:08:01.739 [FXGL Background Thread 4 ] DEBUG FXGLApplication      - Initializing game
17:08:01.739 [JavaFX Application Thread] DEBUG FXGLApplication      - Registering font factories with UI factory
17:08:01.756 [FXGL Background Thread 4 ] DEBUG FXGLAssetLoaderServi - Loading from file system: file:/home/oksana/IdeaProjects/tutorial/build/resources/main/assets/textures/back2.jpg
17:08:01.805 [FXGL Background Thread 4 ] DEBUG FXGLAssetLoaderServi - Loading from file system: file:/home/oksana/IdeaProjects/tutorial/build/resources/main/assets/textures/block1.png
17:08:01.892 [FXGL Background Thread 4 ] DEBUG FXGLAssetLoaderServi - Loading from file system: file:/home/oksana/IdeaProjects/tutorial/build/resources/main/assets/textures/block1.png
17:08:01.902 [FXGL Background Thread 4 ] DEBUG FXGLAssetLoaderServi - Loading from file system: file:/home/oksana/IdeaProjects/tutorial/build/resources/main/assets/textures/block1.png
17:08:01.913 [FXGL Background Thread 4 ] DEBUG FXGLAssetLoaderServi - Loading from file system: file:/home/oksana/IdeaProjects/tutorial/build/resources/main/assets/textures/coin.png
17:08:01.921 [FXGL Background Thread 4 ] DEBUG FXGLAssetLoaderServi - Loading from file system: file:/home/oksana/IdeaProjects/tutorial/build/resources/main/assets/textures/right_enemy.png
17:08:01.935 [FXGL Background Thread 4 ] DEBUG FXGLAssetLoaderServi - Loading from file system: file:/home/oksana/IdeaProjects/tutorial/build/resources/main/assets/textures/right_smart_enemy.png
17:08:01.951 [FXGL Background Thread 4 ] DEBUG FXGLAssetLoaderServi - Loading from file system: file:/home/oksana/IdeaProjects/tutorial/build/resources/main/assets/textures/right_player.png
17:08:01.963 [FXGL Background Thread 4 ] INFO  FXGLApplication      - Game initialization took: 0.224 sec
17:08:01.965 [JavaFX Application Thread] DEBUG Input                - Clearing active input actions
17:08:01.991 [JavaFX Application Thread] DEBUG GameApplicationServi - Removing overlay from FXGLLoadingScene and adding to GameScene
17:08:01.991 [JavaFX Application Thread] DEBUG PrimaryStageWindow   - FXGLLoadingScene -> GameScene
17:08:02.928 [FXGL Background Thread 2 ] INFO  UpdaterService       - Your current version:  17.2
17:08:02.929 [FXGL Background Thread 2 ] INFO  UpdaterService       - Latest stable version: 21.1
17:08:04.582 [FXGL Background Thread 3 ] DEBUG Engine               - Logging environment variables
17:08:04.583 [FXGL Background Thread 3 ] DEBUG Engine               - achievements: []
17:08:04.583 [FXGL Background Thread 3 ] DEBUG Engine               - actualHeight: 608.0
17:08:04.584 [FXGL Background Thread 3 ] DEBUG Engine               - actualHeightProperty: ReadOnlyDoubleProperty [value: 608.0]
17:08:04.584 [FXGL Background Thread 3 ] DEBUG Engine               - actualWidth: 598.0
17:08:04.584 [FXGL Background Thread 3 ] DEBUG Engine               - actualWidthProperty: ReadOnlyDoubleProperty [value: 598.0]
17:08:04.584 [FXGL Background Thread 3 ] DEBUG Engine               - appIcon: fxgl_icon.png
17:08:04.584 [FXGL Background Thread 3 ] DEBUG Engine               - applicationMode: DEVELOPER
17:08:04.584 [FXGL Background Thread 3 ] DEBUG Engine               - cSSList: [fxgl_dark.css]
17:08:04.584 [FXGL Background Thread 3 ] DEBUG Engine               - collisionDetectionStrategy: BRUTE_FORCE
17:08:04.584 [FXGL Background Thread 3 ] DEBUG Engine               - configClass: Optional.empty
17:08:04.584 [FXGL Background Thread 3 ] DEBUG Engine               - credits: []
17:08:04.585 [FXGL Background Thread 3 ] DEBUG Engine               - defaultCursor: CursorInfo(imageName=fxgl_default_cursor.png, hotspotX=7.0, hotspotY=6.0)
17:08:04.585 [FXGL Background Thread 3 ] DEBUG Engine               - devBBoxColorProperty: ObjectProperty [value: 0xff0000ff]
17:08:04.585 [FXGL Background Thread 3 ] DEBUG Engine               - devEnableDebugCameraProperty: BooleanProperty [value: false]
17:08:04.585 [FXGL Background Thread 3 ] DEBUG Engine               - devSensorColorProperty: ObjectProperty [value: 0xffff00ff]
17:08:04.585 [FXGL Background Thread 3 ] DEBUG Engine               - devShowBBoxProperty: BooleanProperty [value: false]
17:08:04.585 [FXGL Background Thread 3 ] DEBUG Engine               - devShowPositionProperty: BooleanProperty [value: false]
17:08:04.585 [FXGL Background Thread 3 ] DEBUG Engine               - enabledMenuItems: []
17:08:04.586 [FXGL Background Thread 3 ] DEBUG Engine               - engineServices: [class com.almasb.fxgl.app.services.FXGLAssetLoaderService, class com.almasb.fxgl.app.FXGLApplication$GameApplicationService, class com.almasb.fxgl.app.services.FXGLDialogService, class com.almasb.fxgl.app.services.IOTaskExecutorService, class com.almasb.fxgl.io.FileSystemService, class com.almasb.fxgl.localization.LocalizationService, class com.almasb.fxgl.app.services.SystemBundleService, class com.almasb.fxgl.profile.SaveLoadService, class com.almasb.fxgl.ui.FXGLUIFactoryServiceProvider, class com.almasb.fxgl.ui.FXGLDialogFactoryServiceProvider, class com.almasb.fxgl.audio.AudioPlayer, class com.almasb.fxgl.notification.impl.NotificationServiceProvider, class com.almasb.fxgl.achievement.AchievementService, class com.almasb.fxgl.cutscene.CutsceneService, class com.almasb.fxgl.minigames.MiniGameService, class com.almasb.fxgl.net.NetService, class com.almasb.fxgl.app.services.UpdaterService, class com.almasb.fxgl.dev.DevService]
17:08:04.586 [FXGL Background Thread 3 ] DEBUG Engine               - fontGame: Abel-Regular.ttf
17:08:04.586 [FXGL Background Thread 3 ] DEBUG Engine               - fontMono: TerminalLandMono-Regular.otf
17:08:04.586 [FXGL Background Thread 3 ] DEBUG Engine               - fontText: Courier-Prime.ttf
17:08:04.586 [FXGL Background Thread 3 ] DEBUG Engine               - fontUI: VarelaRound-Regular.ttf
17:08:04.586 [FXGL Background Thread 3 ] DEBUG Engine               - fullScreen: BooleanProperty [value: false]
17:08:04.586 [FXGL Background Thread 3 ] DEBUG Engine               - gameDifficulty: MEDIUM
17:08:04.586 [FXGL Background Thread 3 ] DEBUG Engine               - gameDifficultyProperty: ObjectProperty [value: MEDIUM]
17:08:04.586 [FXGL Background Thread 3 ] DEBUG Engine               - globalMusicVolume: 0.5
17:08:04.586 [FXGL Background Thread 3 ] DEBUG Engine               - globalMusicVolumeProperty: DoubleProperty [value: 0.5]
17:08:04.586 [FXGL Background Thread 3 ] DEBUG Engine               - globalSoundVolume: 0.5
17:08:04.586 [FXGL Background Thread 3 ] DEBUG Engine               - globalSoundVolumeProperty: DoubleProperty [value: 0.5]
17:08:04.586 [FXGL Background Thread 3 ] DEBUG Engine               - height: 600
17:08:04.586 [FXGL Background Thread 3 ] DEBUG Engine               - is3D: false
17:08:04.586 [FXGL Background Thread 3 ] DEBUG Engine               - isAndroid: false
17:08:04.586 [FXGL Background Thread 3 ] DEBUG Engine               - isBrowser: false
17:08:04.586 [FXGL Background Thread 3 ] DEBUG Engine               - isClickFeedbackEnabled: false
17:08:04.587 [FXGL Background Thread 3 ] DEBUG Engine               - isCloseConfirmation: false
17:08:04.587 [FXGL Background Thread 3 ] DEBUG Engine               - isDesktop: true
17:08:04.587 [FXGL Background Thread 3 ] DEBUG Engine               - isDeveloperMenuEnabled: false
17:08:04.587 [FXGL Background Thread 3 ] DEBUG Engine               - isEmbedded: false
17:08:04.587 [FXGL Background Thread 3 ] DEBUG Engine               - isEntityPreloadEnabled: true
17:08:04.587 [FXGL Background Thread 3 ] DEBUG Engine               - isExperimentalTiledLargeMap: false
17:08:04.587 [FXGL Background Thread 3 ] DEBUG Engine               - isFileSystemWriteAllowed: true
17:08:04.587 [FXGL Background Thread 3 ] DEBUG Engine               - isFullScreenAllowed: false
17:08:04.587 [FXGL Background Thread 3 ] DEBUG Engine               - isFullScreenFromStart: false
17:08:04.587 [FXGL Background Thread 3 ] DEBUG Engine               - isGameMenuEnabled: true
17:08:04.587 [FXGL Background Thread 3 ] DEBUG Engine               - isIOS: false
17:08:04.587 [FXGL Background Thread 3 ] DEBUG Engine               - isIntroEnabled: false
17:08:04.587 [FXGL Background Thread 3 ] DEBUG Engine               - isLinux: true
17:08:04.587 [FXGL Background Thread 3 ] DEBUG Engine               - isMac: false
17:08:04.587 [FXGL Background Thread 3 ] DEBUG Engine               - isMainMenuEnabled: false
17:08:04.587 [FXGL Background Thread 3 ] DEBUG Engine               - isManualResizeEnabled: false
17:08:04.588 [FXGL Background Thread 3 ] DEBUG Engine               - isMobile: false
17:08:04.588 [FXGL Background Thread 3 ] DEBUG Engine               - isNative: false
17:08:04.588 [FXGL Background Thread 3 ] DEBUG Engine               - isPauseMusicWhenMinimized: true
17:08:04.588 [FXGL Background Thread 3 ] DEBUG Engine               - isPreserveResizeRatio: false
17:08:04.588 [FXGL Background Thread 3 ] DEBUG Engine               - isProfilingEnabled: false
17:08:04.588 [FXGL Background Thread 3 ] DEBUG Engine               - isScaleAffectedOnResize: true
17:08:04.588 [FXGL Background Thread 3 ] DEBUG Engine               - isSingleStep: false
17:08:04.588 [FXGL Background Thread 3 ] DEBUG Engine               - isUserProfileEnabled: false
17:08:04.588 [FXGL Background Thread 3 ] DEBUG Engine               - isWindows: false
17:08:04.588 [FXGL Background Thread 3 ] DEBUG Engine               - language: ObjectProperty [value: ENGLISH]
17:08:04.588 [FXGL Background Thread 3 ] DEBUG Engine               - menuKey: ESCAPE
17:08:04.588 [FXGL Background Thread 3 ] DEBUG Engine               - mouseSensitivity: 0.2
17:08:04.588 [FXGL Background Thread 3 ] DEBUG Engine               - notificationViewClass: class com.almasb.fxgl.notification.view.XboxNotificationView
17:08:04.588 [FXGL Background Thread 3 ] DEBUG Engine               - pixelsPerMeter: 50.0
17:08:04.588 [FXGL Background Thread 3 ] DEBUG Engine               - platform: LINUX
17:08:04.589 [FXGL Background Thread 3 ] DEBUG Engine               - prefHeightProperty: ReadOnlyDoubleProperty [value: 600.0]
17:08:04.589 [FXGL Background Thread 3 ] DEBUG Engine               - prefWidthProperty: ReadOnlyDoubleProperty [value: 600.0]
17:08:04.589 [FXGL Background Thread 3 ] DEBUG Engine               - profileDir: profiles/
17:08:04.589 [FXGL Background Thread 3 ] DEBUG Engine               - profileName: StringProperty [value: DEFAULT]
17:08:04.589 [FXGL Background Thread 3 ] DEBUG Engine               - randomSeed: -1
17:08:04.589 [FXGL Background Thread 3 ] DEBUG Engine               - runtimeInfo: RuntimeInfo(platform=LINUX, version=17.2, build=20.08.2022 16.50)
17:08:04.589 [FXGL Background Thread 3 ] DEBUG Engine               - saveFileExt: sav
17:08:04.589 [FXGL Background Thread 3 ] DEBUG Engine               - scaledHeightProp$fxgl: DoubleProperty [bound, value: 608.0]
17:08:04.589 [FXGL Background Thread 3 ] DEBUG Engine               - scaledWidthProp$fxgl: DoubleProperty [bound, value: 598.0]
17:08:04.590 [FXGL Background Thread 3 ] DEBUG Engine               - sceneFactory: com.almasb.fxgl.app.scene.SceneFactory@2fcf7c54
17:08:04.590 [FXGL Background Thread 3 ] DEBUG Engine               - secondsIn24h: 60
17:08:04.590 [FXGL Background Thread 3 ] DEBUG Engine               - soundMenuBack: menu/back.wav
17:08:04.590 [FXGL Background Thread 3 ] DEBUG Engine               - soundMenuPress: menu/press.wav
17:08:04.590 [FXGL Background Thread 3 ] DEBUG Engine               - soundMenuSelect: menu/select.wav
17:08:04.590 [FXGL Background Thread 3 ] DEBUG Engine               - soundNotification: core/notification.wav
17:08:04.590 [FXGL Background Thread 3 ] DEBUG Engine               - stageStyle: DECORATED
17:08:04.590 [FXGL Background Thread 3 ] DEBUG Engine               - supportedLanguages: [ENGLISH, FRENCH, GERMAN, HUNGARIAN, RUSSIAN]
17:08:04.590 [FXGL Background Thread 3 ] DEBUG Engine               - ticksPerSecond: -1
17:08:04.590 [FXGL Background Thread 3 ] DEBUG Engine               - title: Game
17:08:04.590 [FXGL Background Thread 3 ] DEBUG Engine               - urlGithub: https://github.com/AlmasB/FXGL
17:08:04.590 [FXGL Background Thread 3 ] DEBUG Engine               - urlLeaderboard: http://fxgl-top.herokuapp.com/
17:08:04.591 [FXGL Background Thread 3 ] DEBUG Engine               - urlPOM: https://raw.githubusercontent.com/AlmasB/FXGL/release/README.md
17:08:04.591 [FXGL Background Thread 3 ] DEBUG Engine               - userAppClass: class nsu.GameApp
17:08:04.591 [FXGL Background Thread 3 ] DEBUG Engine               - version: 0.0
17:08:04.591 [FXGL Background Thread 3 ] DEBUG Engine               - versionCheckDays: 7
17:08:04.591 [FXGL Background Thread 3 ] DEBUG Engine               - width: 600
17:08:04.591 [FXGL Background Thread 3 ] DEBUG Engine               - Logging services
17:08:04.591 [FXGL Background Thread 3 ] DEBUG Engine               - class com.almasb.fxgl.app.services.FXGLAssetLoaderService
17:08:04.591 [FXGL Background Thread 3 ] DEBUG Engine               - class com.almasb.fxgl.app.FXGLApplication$GameApplicationService
17:08:04.591 [FXGL Background Thread 3 ] DEBUG Engine               - class com.almasb.fxgl.app.services.FXGLDialogService
17:08:04.591 [FXGL Background Thread 3 ] DEBUG Engine               - class com.almasb.fxgl.app.services.IOTaskExecutorService
17:08:04.591 [FXGL Background Thread 3 ] DEBUG Engine               - class com.almasb.fxgl.io.FileSystemService
17:08:04.591 [FXGL Background Thread 3 ] DEBUG Engine               - class com.almasb.fxgl.localization.LocalizationService
17:08:04.591 [FXGL Background Thread 3 ] DEBUG Engine               - class com.almasb.fxgl.app.services.SystemBundleService
17:08:04.591 [FXGL Background Thread 3 ] DEBUG Engine               - class com.almasb.fxgl.profile.SaveLoadService
17:08:04.591 [FXGL Background Thread 3 ] DEBUG Engine               - class com.almasb.fxgl.ui.FXGLUIFactoryServiceProvider
17:08:04.591 [FXGL Background Thread 3 ] DEBUG Engine               - class com.almasb.fxgl.ui.FXGLDialogFactoryServiceProvider
17:08:04.591 [FXGL Background Thread 3 ] DEBUG Engine               - class com.almasb.fxgl.audio.AudioPlayer
17:08:04.591 [FXGL Background Thread 3 ] DEBUG Engine               - class com.almasb.fxgl.notification.impl.NotificationServiceProvider
17:08:04.592 [FXGL Background Thread 3 ] DEBUG Engine               - class com.almasb.fxgl.achievement.AchievementService
17:08:04.592 [FXGL Background Thread 3 ] DEBUG Engine               - class com.almasb.fxgl.cutscene.CutsceneService
17:08:04.592 [FXGL Background Thread 3 ] DEBUG Engine               - class com.almasb.fxgl.minigames.MiniGameService
17:08:04.592 [FXGL Background Thread 3 ] DEBUG Engine               - class com.almasb.fxgl.net.NetService
17:08:04.592 [FXGL Background Thread 3 ] DEBUG Engine               - class com.almasb.fxgl.app.services.UpdaterService
17:08:04.592 [FXGL Background Thread 3 ] DEBUG Engine               - class com.almasb.fxgl.dev.DevService
17:08:07.104 [JavaFX Application Thread] DEBUG FXGLAssetLoaderServi - Loading from file system: file:/home/oksana/IdeaProjects/tutorial/build/resources/main/assets/textures/bullet_left.png
17:08:16.557 [JavaFX Application Thread] DEBUG FXGLAssetLoaderServi - Loading from file system: file:/home/oksana/IdeaProjects/tutorial/build/resources/main/assets/textures/bullet_right.png
17:08:25.182 [JavaFX Application Thread] DEBUG PrimaryStageWindow   - Push state: DialogSubScene
17:08:25.182 [JavaFX Application Thread] DEBUG Input                - Clearing active input actions
17:08:25.196 [JavaFX Application Thread] DEBUG GameApplicationServi - Removing overlay from GameScene and adding to DialogSubScene
17:08:25.198 [JavaFX Application Thread] DEBUG PrimaryStageWindow   - GameScene -> DialogSubScene
17:08:25.202 [JavaFX Application Thread] DEBUG FXGLAssetLoaderServi - Loading from file system: file:/home/oksana/IdeaProjects/tutorial/build/resources/main/assets/textures/background2.png
17:08:28.463 [JavaFX Application Thread] DEBUG PrimaryStageWindow   - Pop state: DialogSubScene
17:08:28.464 [JavaFX Application Thread] DEBUG Input                - Clearing active input actions
17:08:28.465 [JavaFX Application Thread] DEBUG GameApplicationServi - Removing overlay from DialogSubScene and adding to GameScene
17:08:28.466 [JavaFX Application Thread] DEBUG PrimaryStageWindow   - GameScene <- DialogSubScene
17:08:35.864 [JavaFX Application Thread] DEBUG FXGLApplication      - Exiting FXGL
17:08:35.864 [JavaFX Application Thread] DEBUG LoopRunner           - Stopping loop
17:08:35.864 [JavaFX Application Thread] DEBUG SystemBundleService  - Saving FXGL system data
17:08:35.869 [JavaFX Application Thread] DEBUG FileSystemAccess     - Writing to: /home/oksana/IdeaProjects/tutorial/system/fxgl.bundle
17:08:35.877 [JavaFX Application Thread] DEBUG Async                - Shutting down background threads
17:08:35.878 [JavaFX Application Thread] DEBUG PrimaryStageWindow   - Closing main window
17:08:35.881 [JavaFX Application Thread] DEBUG Logger               - Closing Logger
