17:17:23.778 [main                     ] DEBUG Logger               - Configured Logger
17:17:23.826 [main                     ] DEBUG GameApplication      - Logging settings
Title: Game
Version: 0.0
Width: 600
Height: 600
Fullscreen: false
Intro: false
Profiling: false
Single step:false
App Mode: DEVELOPER
Menu Key: ESCAPE
Stage Style: DECORATED
Scene Factory: class com.almasb.fxgl.app.scene.SceneFactory

17:17:24.301 [JavaFX Application Thread] DEBUG FXGLApplication      - Initializing FXGL
17:17:24.308 [JavaFX Application Thread] INFO  Engine               - FXGL-17.2 (20.08.2022 16.50) on LINUX (J:23.0.2 FX:18)
17:17:24.309 [JavaFX Application Thread] DEBUG Engine               - JRE Vendor Name: Oracle Corporation
17:17:24.309 [JavaFX Application Thread] DEBUG Engine               - Running on OS: Linux version 6.8.0-58-generic
17:17:24.309 [JavaFX Application Thread] DEBUG Engine               - Architecture: amd64
17:17:24.310 [JavaFX Application Thread] INFO  Engine               - Source code and latest versions at: https://github.com/AlmasB/FXGL
17:17:24.310 [JavaFX Application Thread] INFO  Engine               -       Ask questions and discuss at: https://github.com/AlmasB/FXGL/discussions
17:17:24.310 [JavaFX Application Thread] INFO  Engine               -              Join the FXGL chat at: https://gitter.im/AlmasB/FXGL
17:17:24.511 [JavaFX Application Thread] DEBUG PrimaryStageWindow   - Creating a JavaFX scene
17:17:24.695 [JavaFX Application Thread] DEBUG PrimaryStageWindow   - Target settings size: 600.0 x 600.0
17:17:24.696 [JavaFX Application Thread] DEBUG PrimaryStageWindow   - Scaled scene size:    600.0 x 600.0
17:17:24.696 [JavaFX Application Thread] DEBUG PrimaryStageWindow   - Scaled ratio: (1.0, 1.0)
17:17:24.703 [JavaFX Application Thread] DEBUG PrimaryStageWindow   - Set initial scene to FXGLStartupScene
17:17:24.728 [JavaFX Application Thread] DEBUG PrimaryStageWindow   - Opening main window
17:17:24.810 [JavaFX Application Thread] DEBUG PrimaryStageWindow   - Window border size: (2.0, 29.0)
17:17:24.812 [JavaFX Application Thread] DEBUG PrimaryStageWindow   - Scaled size: 600.0 x 600.0
17:17:24.812 [JavaFX Application Thread] DEBUG PrimaryStageWindow   - Scaled ratio: (1.0, 1.0)
17:17:24.813 [JavaFX Application Thread] DEBUG PrimaryStageWindow   - Scene size: 600.0 x 600.0
17:17:24.813 [JavaFX Application Thread] DEBUG PrimaryStageWindow   - Stage size: 602.0 x 629.0
17:17:24.834 [FXGL Background Thread 1 ] DEBUG Engine               - Initializing environment variables
17:17:25.097 [FXGL Background Thread 1 ] DEBUG FXGLAssetLoaderServi - User app class for loading assets: class nsu.GameApp
17:17:25.098 [FXGL Background Thread 1 ] DEBUG GameApplicationServi - Applying CSS: fxgl_dark.css
17:17:25.099 [FXGL Background Thread 1 ] DEBUG FXGLAssetLoaderServi - Loading from file system: jar:file:/home/oksana/.gradle/caches/modules-2/files-2.1/com.github.almasb/fxgl/17.2/35db6ae960eec2dcfd19262d3b7f9c42f0e95bc3/fxgl-17.2.jar!/fxglassets/ui/css/fxgl_dark.css
17:17:25.207 [FXGL Background Thread 1 ] DEBUG GameApplicationServi - Initializing application scenes
17:17:25.343 [FXGL Background Thread 1 ] DEBUG GameWorld            - Game world initialized
17:17:25.457 [FXGL Background Thread 1 ] DEBUG PhysicsWorld         - Physics world initialized: appHeight=600, physics.ppm=50.0
17:17:25.457 [FXGL Background Thread 1 ] DEBUG PhysicsWorld         - Using strategy: BRUTE_FORCE
17:17:25.464 [FXGL Background Thread 1 ] DEBUG GameScene            - Game scene initialized: 600x600
17:17:25.489 [FXGL Background Thread 1 ] WARN  FXGL.DefaultMenu     - FXGLDefaultMenu is not designed for resolutions < 800x600
17:17:25.490 [FXGL Background Thread 1 ] DEBUG FXGL.DefaultMenu     - createMenuBodyGameMenu()
17:17:25.538 [FXGL Background Thread 1 ] DEBUG FXGL.DefaultMenu     - createOptionsMenu()
17:17:25.564 [FXGL Background Thread 1 ] DEBUG FXGLAssetLoaderServi - Loading from file system: jar:file:/home/oksana/.gradle/caches/modules-2/files-2.1/com.github.almasb/fxgl/17.2/35db6ae960eec2dcfd19262d3b7f9c42f0e95bc3/fxgl-17.2.jar!/fxglassets/textures/particles/smoke.png
17:17:25.787 [FXGL Background Thread 1 ] DEBUG FXGLAssetLoaderServi - Loading from file system: jar:file:/home/oksana/.gradle/caches/modules-2/files-2.1/com.github.almasb/fxgl/17.2/35db6ae960eec2dcfd19262d3b7f9c42f0e95bc3/fxgl-17.2.jar!/fxglassets/textures/particles/trace_horizontal.png
17:17:25.836 [FXGL Background Thread 1 ] DEBUG GameApplicationServi - Application scenes initialized
17:17:25.866 [FXGL Background Thread 1 ] DEBUG SystemBundleService  - Loading FXGL system data
17:17:25.874 [FXGL Background Thread 1 ] DEBUG FileSystemAccess     - Reading from: /home/oksana/IdeaProjects/tutorial/system/fxgl.bundle
17:17:25.890 [FXGL Background Thread 1 ] DEBUG SystemBundleService  - Bundle FXGL: {}
17:17:25.891 [FXGL Background Thread 1 ] DEBUG UpdaterService       - Checking for updates
17:17:25.906 [FXGL Background Thread 4 ] DEBUG FXGLApplication      - Loading fonts
17:17:25.913 [FXGL Background Thread 1 ] DEBUG FXGLApplication      - Loading default localization
17:17:25.911 [FXGL Background Thread 4 ] DEBUG FXGLAssetLoaderServi - Loading from file system: jar:file:/home/oksana/.gradle/caches/modules-2/files-2.1/com.github.almasb/fxgl/17.2/35db6ae960eec2dcfd19262d3b7f9c42f0e95bc3/fxgl-17.2.jar!/fxglassets/ui/fonts/VarelaRound-Regular.ttf
17:17:25.915 [FXGL Background Thread 1 ] DEBUG FXGLAssetLoaderServi - Loading from file system: jar:file:/home/oksana/.gradle/caches/modules-2/files-2.1/com.github.almasb/fxgl/17.2/35db6ae960eec2dcfd19262d3b7f9c42f0e95bc3/fxgl-17.2.jar!/fxglassets/languages/english.lang
17:17:25.961 [FXGL Background Thread 4 ] DEBUG FXGLAssetLoaderServi - Loading from file system: jar:file:/home/oksana/.gradle/caches/modules-2/files-2.1/com.github.almasb/fxgl/17.2/35db6ae960eec2dcfd19262d3b7f9c42f0e95bc3/fxgl-17.2.jar!/fxglassets/ui/fonts/Abel-Regular.ttf
17:17:25.966 [FXGL Background Thread 4 ] DEBUG FXGLAssetLoaderServi - Loading from file system: jar:file:/home/oksana/.gradle/caches/modules-2/files-2.1/com.github.almasb/fxgl/17.2/35db6ae960eec2dcfd19262d3b7f9c42f0e95bc3/fxgl-17.2.jar!/fxglassets/ui/fonts/TerminalLandMono-Regular.otf
17:17:25.976 [FXGL Background Thread 4 ] DEBUG FXGLAssetLoaderServi - Loading from file system: jar:file:/home/oksana/.gradle/caches/modules-2/files-2.1/com.github.almasb/fxgl/17.2/35db6ae960eec2dcfd19262d3b7f9c42f0e95bc3/fxgl-17.2.jar!/fxglassets/ui/fonts/Courier-Prime.ttf
17:17:25.987 [JavaFX Application Thread] DEBUG FXGLApplication      - Registering font factories with UI factory
17:17:25.989 [FXGL Background Thread 1 ] INFO  FXGLApplication      - FXGL initialization took: 1.153 sec
17:17:26.007 [JavaFX Application Thread] DEBUG Input                - Registered new binding: Move Right - D
17:17:26.007 [JavaFX Application Thread] DEBUG Input                - Registered new binding: Move Left - A
17:17:26.011 [JavaFX Application Thread] DEBUG Input                - Registered new binding: Jump - W
17:17:26.011 [JavaFX Application Thread] DEBUG Input                - Registered new binding: Shot - Space
17:17:26.012 [JavaFX Application Thread] DEBUG FXGLAssetLoaderServi - Loading from file system: jar:file:/home/oksana/.gradle/caches/modules-2/files-2.1/com.github.almasb/fxgl/17.2/35db6ae960eec2dcfd19262d3b7f9c42f0e95bc3/fxgl-17.2.jar!/fxglassets/textures/fxgl_icon.png
17:17:26.080 [JavaFX Application Thread] DEBUG FXGLAssetLoaderServi - Loading from file system: jar:file:/home/oksana/.gradle/caches/modules-2/files-2.1/com.github.almasb/fxgl/17.2/35db6ae960eec2dcfd19262d3b7f9c42f0e95bc3/fxgl-17.2.jar!/fxglassets/textures/fxgl_default_cursor.png
17:17:26.086 [JavaFX Application Thread] DEBUG Input                - Registered new binding: Screenshot - CTRL+8
17:17:26.087 [JavaFX Application Thread] DEBUG Input                - Registered new binding: System info dump - CTRL+9
17:17:26.089 [JavaFX Application Thread] DEBUG Input                - Registered new binding: Restart - CTRL+R
17:17:26.090 [JavaFX Application Thread] DEBUG Input                - Registered new binding: Toggle Debug Camera - CTRL+7
17:17:26.093 [JavaFX Application Thread] DEBUG LoopRunner           - Starting loop
17:17:26.093 [JavaFX Application Thread] DEBUG LoopRunner           - Initializing JavaFX AnimationTimerLoop
17:17:26.098 [JavaFX Application Thread] DEBUG GameApplicationServi - Starting new game
17:17:26.099 [JavaFX Application Thread] DEBUG Input                - Clearing active input actions
17:17:26.122 [JavaFX Application Thread] DEBUG GameApplicationServi - Removing overlay from FXGLStartupScene and adding to FXGLLoadingScene
17:17:26.123 [JavaFX Application Thread] DEBUG PrimaryStageWindow   - FXGLStartupScene -> FXGLLoadingScene
17:17:26.123 [JavaFX Application Thread] DEBUG GameApplicationServi - Clearing previous game
17:17:26.123 [JavaFX Application Thread] DEBUG GameScene            - Clearing game scene
17:17:26.123 [JavaFX Application Thread] DEBUG GameWorld            - Clearing game world
17:17:26.124 [JavaFX Application Thread] DEBUG PhysicsWorld         - Clearing physics world
17:17:26.128 [FXGL Background Thread 1 ] DEBUG FXGLApplication      - Initializing game
17:17:26.165 [FXGL Background Thread 1 ] DEBUG FXGLAssetLoaderServi - Loading from file system: file:/home/oksana/IdeaProjects/tutorial/build/resources/main/assets/textures/back2.jpg
17:17:26.234 [FXGL Background Thread 1 ] DEBUG FXGLAssetLoaderServi - Loading from file system: file:/home/oksana/IdeaProjects/tutorial/build/resources/main/assets/textures/block1.png
17:17:26.339 [FXGL Background Thread 1 ] DEBUG FXGLAssetLoaderServi - Loading from file system: file:/home/oksana/IdeaProjects/tutorial/build/resources/main/assets/textures/block1.png
17:17:26.347 [FXGL Background Thread 1 ] DEBUG FXGLAssetLoaderServi - Loading from file system: file:/home/oksana/IdeaProjects/tutorial/build/resources/main/assets/textures/block1.png
17:17:26.368 [FXGL Background Thread 1 ] DEBUG FXGLAssetLoaderServi - Loading from file system: file:/home/oksana/IdeaProjects/tutorial/build/resources/main/assets/textures/coin.png
17:17:26.383 [FXGL Background Thread 1 ] DEBUG FXGLAssetLoaderServi - Loading from file system: file:/home/oksana/IdeaProjects/tutorial/build/resources/main/assets/textures/right_enemy.png
17:17:26.399 [FXGL Background Thread 1 ] DEBUG FXGLAssetLoaderServi - Loading from file system: file:/home/oksana/IdeaProjects/tutorial/build/resources/main/assets/textures/right_smart_enemy.png
17:17:26.424 [FXGL Background Thread 1 ] DEBUG FXGLAssetLoaderServi - Loading from file system: file:/home/oksana/IdeaProjects/tutorial/build/resources/main/assets/textures/right_player.png
17:17:26.448 [FXGL Background Thread 1 ] INFO  FXGLApplication      - Game initialization took: 0.320 sec
17:17:26.453 [JavaFX Application Thread] DEBUG Input                - Clearing active input actions
17:17:26.473 [JavaFX Application Thread] DEBUG GameApplicationServi - Removing overlay from FXGLLoadingScene and adding to GameScene
17:17:26.473 [JavaFX Application Thread] DEBUG PrimaryStageWindow   - FXGLLoadingScene -> GameScene
17:17:27.311 [JavaFX Application Thread] DEBUG FXGLAssetLoaderServi - Loading from file system: file:/home/oksana/IdeaProjects/tutorial/build/resources/main/assets/textures/bullet_right.png
17:17:27.582 [FXGL Background Thread 2 ] INFO  UpdaterService       - Your current version:  17.2
17:17:27.583 [FXGL Background Thread 2 ] INFO  UpdaterService       - Latest stable version: 21.1
17:17:28.897 [FXGL Background Thread 3 ] DEBUG Engine               - Logging environment variables
17:17:28.899 [FXGL Background Thread 3 ] DEBUG Engine               - achievements: []
17:17:28.900 [FXGL Background Thread 3 ] DEBUG Engine               - actualHeight: 608.0
17:17:28.900 [FXGL Background Thread 3 ] DEBUG Engine               - actualHeightProperty: ReadOnlyDoubleProperty [value: 608.0]
17:17:28.900 [FXGL Background Thread 3 ] DEBUG Engine               - actualWidth: 598.0
17:17:28.900 [FXGL Background Thread 3 ] DEBUG Engine               - actualWidthProperty: ReadOnlyDoubleProperty [value: 598.0]
17:17:28.900 [FXGL Background Thread 3 ] DEBUG Engine               - appIcon: fxgl_icon.png
17:17:28.900 [FXGL Background Thread 3 ] DEBUG Engine               - applicationMode: DEVELOPER
17:17:28.900 [FXGL Background Thread 3 ] DEBUG Engine               - cSSList: [fxgl_dark.css]
17:17:28.900 [FXGL Background Thread 3 ] DEBUG Engine               - collisionDetectionStrategy: BRUTE_FORCE
17:17:28.903 [FXGL Background Thread 3 ] DEBUG Engine               - configClass: Optional.empty
17:17:28.903 [FXGL Background Thread 3 ] DEBUG Engine               - credits: []
17:17:28.904 [FXGL Background Thread 3 ] DEBUG Engine               - defaultCursor: CursorInfo(imageName=fxgl_default_cursor.png, hotspotX=7.0, hotspotY=6.0)
17:17:28.904 [FXGL Background Thread 3 ] DEBUG Engine               - devBBoxColorProperty: ObjectProperty [value: 0xff0000ff]
17:17:28.905 [FXGL Background Thread 3 ] DEBUG Engine               - devEnableDebugCameraProperty: BooleanProperty [value: false]
17:17:28.905 [FXGL Background Thread 3 ] DEBUG Engine               - devSensorColorProperty: ObjectProperty [value: 0xffff00ff]
17:17:28.905 [FXGL Background Thread 3 ] DEBUG Engine               - devShowBBoxProperty: BooleanProperty [value: false]
17:17:28.905 [FXGL Background Thread 3 ] DEBUG Engine               - devShowPositionProperty: BooleanProperty [value: false]
17:17:28.905 [FXGL Background Thread 3 ] DEBUG Engine               - enabledMenuItems: []
17:17:28.905 [FXGL Background Thread 3 ] DEBUG Engine               - engineServices: [class com.almasb.fxgl.app.services.FXGLAssetLoaderService, class com.almasb.fxgl.app.FXGLApplication$GameApplicationService, class com.almasb.fxgl.app.services.FXGLDialogService, class com.almasb.fxgl.app.services.IOTaskExecutorService, class com.almasb.fxgl.io.FileSystemService, class com.almasb.fxgl.localization.LocalizationService, class com.almasb.fxgl.app.services.SystemBundleService, class com.almasb.fxgl.profile.SaveLoadService, class com.almasb.fxgl.ui.FXGLUIFactoryServiceProvider, class com.almasb.fxgl.ui.FXGLDialogFactoryServiceProvider, class com.almasb.fxgl.audio.AudioPlayer, class com.almasb.fxgl.notification.impl.NotificationServiceProvider, class com.almasb.fxgl.achievement.AchievementService, class com.almasb.fxgl.cutscene.CutsceneService, class com.almasb.fxgl.minigames.MiniGameService, class com.almasb.fxgl.net.NetService, class com.almasb.fxgl.app.services.UpdaterService, class com.almasb.fxgl.dev.DevService]
17:17:28.905 [FXGL Background Thread 3 ] DEBUG Engine               - fontGame: Abel-Regular.ttf
17:17:28.905 [FXGL Background Thread 3 ] DEBUG Engine               - fontMono: TerminalLandMono-Regular.otf
17:17:28.905 [FXGL Background Thread 3 ] DEBUG Engine               - fontText: Courier-Prime.ttf
17:17:28.905 [FXGL Background Thread 3 ] DEBUG Engine               - fontUI: VarelaRound-Regular.ttf
17:17:28.905 [FXGL Background Thread 3 ] DEBUG Engine               - fullScreen: BooleanProperty [value: false]
17:17:28.905 [FXGL Background Thread 3 ] DEBUG Engine               - gameDifficulty: MEDIUM
17:17:28.906 [FXGL Background Thread 3 ] DEBUG Engine               - gameDifficultyProperty: ObjectProperty [value: MEDIUM]
17:17:28.906 [FXGL Background Thread 3 ] DEBUG Engine               - globalMusicVolume: 0.5
17:17:28.906 [FXGL Background Thread 3 ] DEBUG Engine               - globalMusicVolumeProperty: DoubleProperty [value: 0.5]
17:17:28.906 [FXGL Background Thread 3 ] DEBUG Engine               - globalSoundVolume: 0.5
17:17:28.906 [FXGL Background Thread 3 ] DEBUG Engine               - globalSoundVolumeProperty: DoubleProperty [value: 0.5]
17:17:28.906 [FXGL Background Thread 3 ] DEBUG Engine               - height: 600
17:17:28.906 [FXGL Background Thread 3 ] DEBUG Engine               - is3D: false
17:17:28.907 [FXGL Background Thread 3 ] DEBUG Engine               - isAndroid: false
17:17:28.907 [FXGL Background Thread 3 ] DEBUG Engine               - isBrowser: false
17:17:28.907 [FXGL Background Thread 3 ] DEBUG Engine               - isClickFeedbackEnabled: false
17:17:28.907 [FXGL Background Thread 3 ] DEBUG Engine               - isCloseConfirmation: false
17:17:28.907 [FXGL Background Thread 3 ] DEBUG Engine               - isDesktop: true
17:17:28.907 [FXGL Background Thread 3 ] DEBUG Engine               - isDeveloperMenuEnabled: false
17:17:28.907 [FXGL Background Thread 3 ] DEBUG Engine               - isEmbedded: false
17:17:28.907 [FXGL Background Thread 3 ] DEBUG Engine               - isEntityPreloadEnabled: true
17:17:28.908 [FXGL Background Thread 3 ] DEBUG Engine               - isExperimentalTiledLargeMap: false
17:17:28.908 [FXGL Background Thread 3 ] DEBUG Engine               - isFileSystemWriteAllowed: true
17:17:28.908 [FXGL Background Thread 3 ] DEBUG Engine               - isFullScreenAllowed: false
17:17:28.909 [FXGL Background Thread 3 ] DEBUG Engine               - isFullScreenFromStart: false
17:17:28.909 [FXGL Background Thread 3 ] DEBUG Engine               - isGameMenuEnabled: true
17:17:28.909 [FXGL Background Thread 3 ] DEBUG Engine               - isIOS: false
17:17:28.909 [FXGL Background Thread 3 ] DEBUG Engine               - isIntroEnabled: false
17:17:28.909 [FXGL Background Thread 3 ] DEBUG Engine               - isLinux: true
17:17:28.909 [FXGL Background Thread 3 ] DEBUG Engine               - isMac: false
17:17:28.910 [FXGL Background Thread 3 ] DEBUG Engine               - isMainMenuEnabled: false
17:17:28.910 [FXGL Background Thread 3 ] DEBUG Engine               - isManualResizeEnabled: false
17:17:28.910 [FXGL Background Thread 3 ] DEBUG Engine               - isMobile: false
17:17:28.910 [FXGL Background Thread 3 ] DEBUG Engine               - isNative: false
17:17:28.910 [FXGL Background Thread 3 ] DEBUG Engine               - isPauseMusicWhenMinimized: true
17:17:28.910 [FXGL Background Thread 3 ] DEBUG Engine               - isPreserveResizeRatio: false
17:17:28.910 [FXGL Background Thread 3 ] DEBUG Engine               - isProfilingEnabled: false
17:17:28.910 [FXGL Background Thread 3 ] DEBUG Engine               - isScaleAffectedOnResize: true
17:17:28.910 [FXGL Background Thread 3 ] DEBUG Engine               - isSingleStep: false
17:17:28.911 [FXGL Background Thread 3 ] DEBUG Engine               - isUserProfileEnabled: false
17:17:28.912 [FXGL Background Thread 3 ] DEBUG Engine               - isWindows: false
17:17:28.912 [FXGL Background Thread 3 ] DEBUG Engine               - language: ObjectProperty [value: ENGLISH]
17:17:28.912 [FXGL Background Thread 3 ] DEBUG Engine               - menuKey: ESCAPE
17:17:28.912 [FXGL Background Thread 3 ] DEBUG Engine               - mouseSensitivity: 0.2
17:17:28.912 [FXGL Background Thread 3 ] DEBUG Engine               - notificationViewClass: class com.almasb.fxgl.notification.view.XboxNotificationView
17:17:28.912 [FXGL Background Thread 3 ] DEBUG Engine               - pixelsPerMeter: 50.0
17:17:28.912 [FXGL Background Thread 3 ] DEBUG Engine               - platform: LINUX
17:17:28.912 [FXGL Background Thread 3 ] DEBUG Engine               - prefHeightProperty: ReadOnlyDoubleProperty [value: 600.0]
17:17:28.912 [FXGL Background Thread 3 ] DEBUG Engine               - prefWidthProperty: ReadOnlyDoubleProperty [value: 600.0]
17:17:28.912 [FXGL Background Thread 3 ] DEBUG Engine               - profileDir: profiles/
17:17:28.912 [FXGL Background Thread 3 ] DEBUG Engine               - profileName: StringProperty [value: DEFAULT]
17:17:28.913 [FXGL Background Thread 3 ] DEBUG Engine               - randomSeed: -1
17:17:28.913 [FXGL Background Thread 3 ] DEBUG Engine               - runtimeInfo: RuntimeInfo(platform=LINUX, version=17.2, build=20.08.2022 16.50)
17:17:28.915 [FXGL Background Thread 3 ] DEBUG Engine               - saveFileExt: sav
17:17:28.915 [FXGL Background Thread 3 ] DEBUG Engine               - scaledHeightProp$fxgl: DoubleProperty [bound, value: 608.0]
17:17:28.916 [FXGL Background Thread 3 ] DEBUG Engine               - scaledWidthProp$fxgl: DoubleProperty [bound, value: 598.0]
17:17:28.916 [FXGL Background Thread 3 ] DEBUG Engine               - sceneFactory: com.almasb.fxgl.app.scene.SceneFactory@336d5d39
17:17:28.916 [FXGL Background Thread 3 ] DEBUG Engine               - secondsIn24h: 60
17:17:28.916 [FXGL Background Thread 3 ] DEBUG Engine               - soundMenuBack: menu/back.wav
17:17:28.916 [FXGL Background Thread 3 ] DEBUG Engine               - soundMenuPress: menu/press.wav
17:17:28.917 [FXGL Background Thread 3 ] DEBUG Engine               - soundMenuSelect: menu/select.wav
17:17:28.917 [FXGL Background Thread 3 ] DEBUG Engine               - soundNotification: core/notification.wav
17:17:28.917 [FXGL Background Thread 3 ] DEBUG Engine               - stageStyle: DECORATED
17:17:28.917 [FXGL Background Thread 3 ] DEBUG Engine               - supportedLanguages: [ENGLISH, FRENCH, GERMAN, HUNGARIAN, RUSSIAN]
17:17:28.917 [FXGL Background Thread 3 ] DEBUG Engine               - ticksPerSecond: -1
17:17:28.917 [FXGL Background Thread 3 ] DEBUG Engine               - title: Game
17:17:28.917 [FXGL Background Thread 3 ] DEBUG Engine               - urlGithub: https://github.com/AlmasB/FXGL
17:17:28.917 [FXGL Background Thread 3 ] DEBUG Engine               - urlLeaderboard: http://fxgl-top.herokuapp.com/
17:17:28.917 [FXGL Background Thread 3 ] DEBUG Engine               - urlPOM: https://raw.githubusercontent.com/AlmasB/FXGL/release/README.md
17:17:28.917 [FXGL Background Thread 3 ] DEBUG Engine               - userAppClass: class nsu.GameApp
17:17:28.917 [FXGL Background Thread 3 ] DEBUG Engine               - version: 0.0
17:17:28.918 [FXGL Background Thread 3 ] DEBUG Engine               - versionCheckDays: 7
17:17:28.918 [FXGL Background Thread 3 ] DEBUG Engine               - width: 600
17:17:28.918 [FXGL Background Thread 3 ] DEBUG Engine               - Logging services
17:17:28.918 [FXGL Background Thread 3 ] DEBUG Engine               - class com.almasb.fxgl.app.services.FXGLAssetLoaderService
17:17:28.918 [FXGL Background Thread 3 ] DEBUG Engine               - class com.almasb.fxgl.app.FXGLApplication$GameApplicationService
17:17:28.918 [FXGL Background Thread 3 ] DEBUG Engine               - class com.almasb.fxgl.app.services.FXGLDialogService
17:17:28.918 [FXGL Background Thread 3 ] DEBUG Engine               - class com.almasb.fxgl.app.services.IOTaskExecutorService
17:17:28.918 [FXGL Background Thread 3 ] DEBUG Engine               - class com.almasb.fxgl.io.FileSystemService
17:17:28.918 [FXGL Background Thread 3 ] DEBUG Engine               - class com.almasb.fxgl.localization.LocalizationService
17:17:28.918 [FXGL Background Thread 3 ] DEBUG Engine               - class com.almasb.fxgl.app.services.SystemBundleService
17:17:28.918 [FXGL Background Thread 3 ] DEBUG Engine               - class com.almasb.fxgl.profile.SaveLoadService
17:17:28.918 [FXGL Background Thread 3 ] DEBUG Engine               - class com.almasb.fxgl.ui.FXGLUIFactoryServiceProvider
17:17:28.918 [FXGL Background Thread 3 ] DEBUG Engine               - class com.almasb.fxgl.ui.FXGLDialogFactoryServiceProvider
17:17:28.919 [FXGL Background Thread 3 ] DEBUG Engine               - class com.almasb.fxgl.audio.AudioPlayer
17:17:28.919 [FXGL Background Thread 3 ] DEBUG Engine               - class com.almasb.fxgl.notification.impl.NotificationServiceProvider
17:17:28.919 [FXGL Background Thread 3 ] DEBUG Engine               - class com.almasb.fxgl.achievement.AchievementService
17:17:28.919 [FXGL Background Thread 3 ] DEBUG Engine               - class com.almasb.fxgl.cutscene.CutsceneService
17:17:28.919 [FXGL Background Thread 3 ] DEBUG Engine               - class com.almasb.fxgl.minigames.MiniGameService
17:17:28.919 [FXGL Background Thread 3 ] DEBUG Engine               - class com.almasb.fxgl.net.NetService
17:17:28.919 [FXGL Background Thread 3 ] DEBUG Engine               - class com.almasb.fxgl.app.services.UpdaterService
17:17:28.919 [FXGL Background Thread 3 ] DEBUG Engine               - class com.almasb.fxgl.dev.DevService
17:17:35.529 [JavaFX Application Thread] DEBUG PrimaryStageWindow   - Push state: DialogSubScene
17:17:35.529 [JavaFX Application Thread] DEBUG Input                - Clearing active input actions
17:17:35.545 [JavaFX Application Thread] DEBUG GameApplicationServi - Removing overlay from GameScene and adding to DialogSubScene
17:17:35.545 [JavaFX Application Thread] DEBUG PrimaryStageWindow   - GameScene -> DialogSubScene
17:17:35.555 [JavaFX Application Thread] DEBUG FXGLAssetLoaderServi - Loading from file system: file:/home/oksana/IdeaProjects/tutorial/build/resources/main/assets/textures/background2.png
17:17:37.430 [JavaFX Application Thread] DEBUG PrimaryStageWindow   - Pop state: DialogSubScene
17:17:37.430 [JavaFX Application Thread] DEBUG Input                - Clearing active input actions
17:17:37.431 [JavaFX Application Thread] DEBUG GameApplicationServi - Removing overlay from DialogSubScene and adding to GameScene
17:17:37.432 [JavaFX Application Thread] DEBUG PrimaryStageWindow   - GameScene <- DialogSubScene
17:17:38.208 [JavaFX Application Thread] DEBUG PrimaryStageWindow   - Push state: DialogSubScene
17:17:38.208 [JavaFX Application Thread] DEBUG Input                - Clearing active input actions
17:17:38.213 [JavaFX Application Thread] DEBUG GameApplicationServi - Removing overlay from GameScene and adding to DialogSubScene
17:17:38.214 [JavaFX Application Thread] DEBUG PrimaryStageWindow   - GameScene -> DialogSubScene
17:17:40.425 [JavaFX Application Thread] DEBUG PrimaryStageWindow   - Pop state: DialogSubScene
17:17:40.426 [JavaFX Application Thread] DEBUG Input                - Clearing active input actions
17:17:40.427 [JavaFX Application Thread] DEBUG GameApplicationServi - Removing overlay from DialogSubScene and adding to GameScene
17:17:40.427 [JavaFX Application Thread] DEBUG PrimaryStageWindow   - GameScene <- DialogSubScene
17:17:40.427 [JavaFX Application Thread] DEBUG FXGLApplication      - Exiting FXGL
17:17:40.427 [JavaFX Application Thread] DEBUG LoopRunner           - Stopping loop
17:17:40.428 [JavaFX Application Thread] DEBUG SystemBundleService  - Saving FXGL system data
17:17:40.456 [JavaFX Application Thread] DEBUG FileSystemAccess     - Writing to: /home/oksana/IdeaProjects/tutorial/system/fxgl.bundle
17:17:40.474 [JavaFX Application Thread] DEBUG Async                - Shutting down background threads
17:17:40.474 [JavaFX Application Thread] DEBUG PrimaryStageWindow   - Closing main window
17:17:40.582 [JavaFX Application Thread] DEBUG Logger               - Closing Logger
