11:34:38.322 [main                     ] DEBUG Logger               - Configured Logger
11:34:38.361 [main                     ] DEBUG GameApplication      - Logging settings
Title: Game
Version: 0.1
Width: 1800
Height: 900
Fullscreen: false
Intro: false
Profiling: false
Single step:false
App Mode: DEVELOPER
Menu Key: ESCAPE
Stage Style: DECORATED
Scene Factory: class com.almasb.fxgl.app.scene.SceneFactory

11:34:38.876 [JavaFX Application Thread] DEBUG FXGLApplication      - Initializing FXGL
11:34:38.881 [JavaFX Application Thread] INFO  Engine               - FXGL-17.2 (20.08.2022 16.50) on LINUX (J:23.0.2 FX:18)
11:34:38.882 [JavaFX Application Thread] DEBUG Engine               - JRE Vendor Name: Oracle Corporation
11:34:38.882 [JavaFX Application Thread] DEBUG Engine               - Running on OS: Linux version 6.8.0-52-generic
11:34:38.882 [JavaFX Application Thread] DEBUG Engine               - Architecture: amd64
11:34:38.882 [JavaFX Application Thread] INFO  Engine               - Source code and latest versions at: https://github.com/AlmasB/FXGL
11:34:38.883 [JavaFX Application Thread] INFO  Engine               -       Ask questions and discuss at: https://github.com/AlmasB/FXGL/discussions
11:34:38.883 [JavaFX Application Thread] INFO  Engine               -              Join the FXGL chat at: https://gitter.im/AlmasB/FXGL
11:34:38.998 [JavaFX Application Thread] DEBUG PrimaryStageWindow   - Creating a JavaFX scene
11:34:39.096 [JavaFX Application Thread] DEBUG PrimaryStageWindow   - Target settings size: 1800.0 x 900.0
11:34:39.097 [JavaFX Application Thread] DEBUG PrimaryStageWindow   - Scaled scene size:    1800.0 x 900.0
11:34:39.098 [JavaFX Application Thread] DEBUG PrimaryStageWindow   - Scaled ratio: (1.0, 1.0)
11:34:39.099 [JavaFX Application Thread] DEBUG PrimaryStageWindow   - Set initial scene to FXGLStartupScene
11:34:39.110 [JavaFX Application Thread] DEBUG PrimaryStageWindow   - Opening main window
11:34:39.162 [JavaFX Application Thread] DEBUG PrimaryStageWindow   - Window border size: (2.0, 29.0)
11:34:39.163 [JavaFX Application Thread] DEBUG PrimaryStageWindow   - Scaled size: 1800.0 x 900.0
11:34:39.163 [JavaFX Application Thread] DEBUG PrimaryStageWindow   - Scaled ratio: (1.0, 1.0)
11:34:39.163 [JavaFX Application Thread] DEBUG PrimaryStageWindow   - Scene size: 1800.0 x 900.0
11:34:39.164 [JavaFX Application Thread] DEBUG PrimaryStageWindow   - Stage size: 1802.0 x 929.0
11:34:39.181 [FXGL Background Thread 1 ] DEBUG Engine               - Initializing environment variables
11:34:39.370 [FXGL Background Thread 1 ] DEBUG FXGLAssetLoaderServi - User app class for loading assets: class nsu.GameApp
11:34:39.370 [FXGL Background Thread 1 ] DEBUG GameApplicationServi - Applying CSS: fxgl_dark.css
11:34:39.374 [FXGL Background Thread 1 ] DEBUG FXGLAssetLoaderServi - Loading from file system: jar:file:/home/oksana/.gradle/caches/modules-2/files-2.1/com.github.almasb/fxgl/17.2/35db6ae960eec2dcfd19262d3b7f9c42f0e95bc3/fxgl-17.2.jar!/fxglassets/ui/css/fxgl_dark.css
11:34:39.464 [FXGL Background Thread 1 ] DEBUG GameApplicationServi - Initializing application scenes
11:34:39.521 [FXGL Background Thread 1 ] DEBUG GameWorld            - Game world initialized
11:34:39.648 [FXGL Background Thread 1 ] DEBUG PhysicsWorld         - Physics world initialized: appHeight=900, physics.ppm=50.0
11:34:39.649 [FXGL Background Thread 1 ] DEBUG PhysicsWorld         - Using strategy: BRUTE_FORCE
11:34:39.655 [FXGL Background Thread 1 ] DEBUG GameScene            - Game scene initialized: 1800x900
11:34:39.672 [FXGL Background Thread 1 ] DEBUG FXGL.DefaultMenu     - createMenuBodyGameMenu()
11:34:39.696 [FXGL Background Thread 1 ] DEBUG FXGL.DefaultMenu     - createOptionsMenu()
11:34:39.713 [FXGL Background Thread 1 ] DEBUG FXGLAssetLoaderServi - Loading from file system: jar:file:/home/oksana/.gradle/caches/modules-2/files-2.1/com.github.almasb/fxgl/17.2/35db6ae960eec2dcfd19262d3b7f9c42f0e95bc3/fxgl-17.2.jar!/fxglassets/textures/particles/smoke.png
11:34:39.852 [FXGL Background Thread 1 ] DEBUG FXGLAssetLoaderServi - Loading from file system: jar:file:/home/oksana/.gradle/caches/modules-2/files-2.1/com.github.almasb/fxgl/17.2/35db6ae960eec2dcfd19262d3b7f9c42f0e95bc3/fxgl-17.2.jar!/fxglassets/textures/particles/trace_horizontal.png
11:34:39.889 [FXGL Background Thread 1 ] DEBUG GameApplicationServi - Application scenes initialized
11:34:39.907 [FXGL Background Thread 1 ] DEBUG SystemBundleService  - Loading FXGL system data
11:34:39.912 [FXGL Background Thread 1 ] DEBUG FileSystemAccess     - Reading from: /home/oksana/IdeaProjects/tutorial/system/fxgl.bundle
11:34:39.920 [FXGL Background Thread 1 ] DEBUG SystemBundleService  - Bundle FXGL: {}
11:34:39.920 [FXGL Background Thread 1 ] DEBUG UpdaterService       - Checking for updates
11:34:39.926 [FXGL Background Thread 4 ] DEBUG FXGLApplication      - Loading fonts
11:34:39.927 [FXGL Background Thread 4 ] DEBUG FXGLAssetLoaderServi - Loading from file system: jar:file:/home/oksana/.gradle/caches/modules-2/files-2.1/com.github.almasb/fxgl/17.2/35db6ae960eec2dcfd19262d3b7f9c42f0e95bc3/fxgl-17.2.jar!/fxglassets/ui/fonts/VarelaRound-Regular.ttf
11:34:39.927 [FXGL Background Thread 1 ] DEBUG FXGLApplication      - Loading default localization
11:34:39.928 [FXGL Background Thread 1 ] DEBUG FXGLAssetLoaderServi - Loading from file system: jar:file:/home/oksana/.gradle/caches/modules-2/files-2.1/com.github.almasb/fxgl/17.2/35db6ae960eec2dcfd19262d3b7f9c42f0e95bc3/fxgl-17.2.jar!/fxglassets/languages/english.lang
11:34:39.950 [FXGL Background Thread 4 ] DEBUG FXGLAssetLoaderServi - Loading from file system: jar:file:/home/oksana/.gradle/caches/modules-2/files-2.1/com.github.almasb/fxgl/17.2/35db6ae960eec2dcfd19262d3b7f9c42f0e95bc3/fxgl-17.2.jar!/fxglassets/ui/fonts/Abel-Regular.ttf
11:34:39.953 [FXGL Background Thread 4 ] DEBUG FXGLAssetLoaderServi - Loading from file system: jar:file:/home/oksana/.gradle/caches/modules-2/files-2.1/com.github.almasb/fxgl/17.2/35db6ae960eec2dcfd19262d3b7f9c42f0e95bc3/fxgl-17.2.jar!/fxglassets/ui/fonts/TerminalLandMono-Regular.otf
11:34:39.956 [FXGL Background Thread 4 ] DEBUG FXGLAssetLoaderServi - Loading from file system: jar:file:/home/oksana/.gradle/caches/modules-2/files-2.1/com.github.almasb/fxgl/17.2/35db6ae960eec2dcfd19262d3b7f9c42f0e95bc3/fxgl-17.2.jar!/fxglassets/ui/fonts/Courier-Prime.ttf
11:34:39.960 [FXGL Background Thread 1 ] INFO  FXGLApplication      - FXGL initialization took: 0.780 sec
11:34:39.962 [JavaFX Application Thread] DEBUG FXGLApplication      - Registering font factories with UI factory
11:34:39.975 [JavaFX Application Thread] DEBUG Input                - Registered new binding: Move Right - D
11:34:39.975 [JavaFX Application Thread] DEBUG Input                - Registered new binding: Move Left - A
11:34:39.975 [JavaFX Application Thread] DEBUG Input                - Registered new binding: Jump - W
11:34:39.976 [JavaFX Application Thread] DEBUG FXGLAssetLoaderServi - Loading from file system: jar:file:/home/oksana/.gradle/caches/modules-2/files-2.1/com.github.almasb/fxgl/17.2/35db6ae960eec2dcfd19262d3b7f9c42f0e95bc3/fxgl-17.2.jar!/fxglassets/textures/fxgl_icon.png
11:34:40.016 [JavaFX Application Thread] DEBUG FXGLAssetLoaderServi - Loading from file system: jar:file:/home/oksana/.gradle/caches/modules-2/files-2.1/com.github.almasb/fxgl/17.2/35db6ae960eec2dcfd19262d3b7f9c42f0e95bc3/fxgl-17.2.jar!/fxglassets/textures/fxgl_default_cursor.png
11:34:40.019 [JavaFX Application Thread] DEBUG Input                - Registered new binding: Screenshot - CTRL+8
11:34:40.020 [JavaFX Application Thread] DEBUG Input                - Registered new binding: System info dump - CTRL+9
11:34:40.020 [JavaFX Application Thread] DEBUG Input                - Registered new binding: Restart - CTRL+R
11:34:40.021 [JavaFX Application Thread] DEBUG Input                - Registered new binding: Toggle Debug Camera - CTRL+7
11:34:40.024 [JavaFX Application Thread] DEBUG LoopRunner           - Starting loop
11:34:40.024 [JavaFX Application Thread] DEBUG LoopRunner           - Initializing JavaFX AnimationTimerLoop
11:34:40.025 [JavaFX Application Thread] DEBUG GameApplicationServi - Starting new game
11:34:40.026 [JavaFX Application Thread] DEBUG Input                - Clearing active input actions
11:34:40.042 [JavaFX Application Thread] DEBUG GameApplicationServi - Removing overlay from FXGLStartupScene and adding to FXGLLoadingScene
11:34:40.043 [JavaFX Application Thread] DEBUG PrimaryStageWindow   - FXGLStartupScene -> FXGLLoadingScene
11:34:40.043 [JavaFX Application Thread] DEBUG GameApplicationServi - Clearing previous game
11:34:40.043 [JavaFX Application Thread] DEBUG GameScene            - Clearing game scene
11:34:40.043 [JavaFX Application Thread] DEBUG GameWorld            - Clearing game world
11:34:40.043 [JavaFX Application Thread] DEBUG PhysicsWorld         - Clearing physics world
11:34:40.046 [FXGL Background Thread 1 ] DEBUG FXGLApplication      - Initializing game
11:34:40.138 [FXGL Background Thread 1 ] DEBUG FXGLAssetLoaderServi - Loading from file system: file:/home/oksana/IdeaProjects/tutorial/build/resources/main/assets/textures/player.png
11:34:40.157 [FXGL Background Thread 1 ] INFO  FXGLApplication      - Game initialization took: 0.112 sec
11:34:40.231 [JavaFX Application Thread] DEBUG Input                - Clearing active input actions
11:34:40.254 [JavaFX Application Thread] DEBUG GameApplicationServi - Removing overlay from FXGLLoadingScene and adding to GameScene
11:34:40.255 [JavaFX Application Thread] DEBUG PrimaryStageWindow   - FXGLLoadingScene -> GameScene
11:34:42.157 [FXGL Background Thread 2 ] INFO  UpdaterService       - Your current version:  17.2
11:34:42.162 [FXGL Background Thread 2 ] INFO  UpdaterService       - Latest stable version: 21.1
11:34:42.925 [FXGL Background Thread 3 ] DEBUG Engine               - Logging environment variables
11:34:42.928 [FXGL Background Thread 3 ] DEBUG Engine               - achievements: []
11:34:42.928 [FXGL Background Thread 3 ] DEBUG Engine               - actualHeight: 1024.0
11:34:42.929 [FXGL Background Thread 3 ] DEBUG Engine               - actualHeightProperty: ReadOnlyDoubleProperty [value: 1024.0]
11:34:42.929 [FXGL Background Thread 3 ] DEBUG Engine               - actualWidth: 1848.0
11:34:42.929 [FXGL Background Thread 3 ] DEBUG Engine               - actualWidthProperty: ReadOnlyDoubleProperty [value: 1848.0]
11:34:42.929 [FXGL Background Thread 3 ] DEBUG Engine               - appIcon: fxgl_icon.png
11:34:42.930 [FXGL Background Thread 3 ] DEBUG Engine               - applicationMode: DEVELOPER
11:34:42.934 [FXGL Background Thread 3 ] DEBUG Engine               - cSSList: [fxgl_dark.css]
11:34:42.939 [FXGL Background Thread 3 ] DEBUG Engine               - collisionDetectionStrategy: BRUTE_FORCE
11:34:42.939 [FXGL Background Thread 3 ] DEBUG Engine               - configClass: Optional.empty
11:34:42.940 [FXGL Background Thread 3 ] DEBUG Engine               - credits: []
11:34:42.948 [FXGL Background Thread 3 ] DEBUG Engine               - defaultCursor: CursorInfo(imageName=fxgl_default_cursor.png, hotspotX=7.0, hotspotY=6.0)
11:34:42.950 [FXGL Background Thread 3 ] DEBUG Engine               - devBBoxColorProperty: ObjectProperty [value: 0xff0000ff]
11:34:42.951 [FXGL Background Thread 3 ] DEBUG Engine               - devEnableDebugCameraProperty: BooleanProperty [value: false]
11:34:42.951 [FXGL Background Thread 3 ] DEBUG Engine               - devSensorColorProperty: ObjectProperty [value: 0xffff00ff]
11:34:42.955 [FXGL Background Thread 3 ] DEBUG Engine               - devShowBBoxProperty: BooleanProperty [value: false]
11:34:42.956 [FXGL Background Thread 3 ] DEBUG Engine               - devShowPositionProperty: BooleanProperty [value: false]
11:34:42.956 [FXGL Background Thread 3 ] DEBUG Engine               - enabledMenuItems: []
11:34:42.957 [FXGL Background Thread 3 ] DEBUG Engine               - engineServices: [class com.almasb.fxgl.app.services.FXGLAssetLoaderService, class com.almasb.fxgl.app.FXGLApplication$GameApplicationService, class com.almasb.fxgl.app.services.FXGLDialogService, class com.almasb.fxgl.app.services.IOTaskExecutorService, class com.almasb.fxgl.io.FileSystemService, class com.almasb.fxgl.localization.LocalizationService, class com.almasb.fxgl.app.services.SystemBundleService, class com.almasb.fxgl.profile.SaveLoadService, class com.almasb.fxgl.ui.FXGLUIFactoryServiceProvider, class com.almasb.fxgl.ui.FXGLDialogFactoryServiceProvider, class com.almasb.fxgl.audio.AudioPlayer, class com.almasb.fxgl.notification.impl.NotificationServiceProvider, class com.almasb.fxgl.achievement.AchievementService, class com.almasb.fxgl.cutscene.CutsceneService, class com.almasb.fxgl.minigames.MiniGameService, class com.almasb.fxgl.net.NetService, class com.almasb.fxgl.app.services.UpdaterService, class com.almasb.fxgl.dev.DevService]
11:34:42.957 [FXGL Background Thread 3 ] DEBUG Engine               - fontGame: Abel-Regular.ttf
11:34:42.957 [FXGL Background Thread 3 ] DEBUG Engine               - fontMono: TerminalLandMono-Regular.otf
11:34:42.957 [FXGL Background Thread 3 ] DEBUG Engine               - fontText: Courier-Prime.ttf
11:34:42.961 [FXGL Background Thread 3 ] DEBUG Engine               - fontUI: VarelaRound-Regular.ttf
11:34:42.961 [FXGL Background Thread 3 ] DEBUG Engine               - fullScreen: BooleanProperty [value: false]
11:34:42.961 [FXGL Background Thread 3 ] DEBUG Engine               - gameDifficulty: MEDIUM
11:34:42.962 [FXGL Background Thread 3 ] DEBUG Engine               - gameDifficultyProperty: ObjectProperty [value: MEDIUM]
11:34:42.962 [FXGL Background Thread 3 ] DEBUG Engine               - globalMusicVolume: 0.5
11:34:42.962 [FXGL Background Thread 3 ] DEBUG Engine               - globalMusicVolumeProperty: DoubleProperty [value: 0.5]
11:34:42.962 [FXGL Background Thread 3 ] DEBUG Engine               - globalSoundVolume: 0.5
11:34:42.962 [FXGL Background Thread 3 ] DEBUG Engine               - globalSoundVolumeProperty: DoubleProperty [value: 0.5]
11:34:42.962 [FXGL Background Thread 3 ] DEBUG Engine               - height: 900
11:34:42.962 [FXGL Background Thread 3 ] DEBUG Engine               - is3D: false
11:34:42.962 [FXGL Background Thread 3 ] DEBUG Engine               - isAndroid: false
11:34:42.963 [FXGL Background Thread 3 ] DEBUG Engine               - isBrowser: false
11:34:42.963 [FXGL Background Thread 3 ] DEBUG Engine               - isClickFeedbackEnabled: false
11:34:42.963 [FXGL Background Thread 3 ] DEBUG Engine               - isCloseConfirmation: false
11:34:42.963 [FXGL Background Thread 3 ] DEBUG Engine               - isDesktop: true
11:34:42.963 [FXGL Background Thread 3 ] DEBUG Engine               - isDeveloperMenuEnabled: false
11:34:42.963 [FXGL Background Thread 3 ] DEBUG Engine               - isEmbedded: false
11:34:42.963 [FXGL Background Thread 3 ] DEBUG Engine               - isEntityPreloadEnabled: true
11:34:42.966 [FXGL Background Thread 3 ] DEBUG Engine               - isExperimentalTiledLargeMap: false
11:34:42.966 [FXGL Background Thread 3 ] DEBUG Engine               - isFileSystemWriteAllowed: true
11:34:42.966 [FXGL Background Thread 3 ] DEBUG Engine               - isFullScreenAllowed: false
11:34:42.966 [FXGL Background Thread 3 ] DEBUG Engine               - isFullScreenFromStart: false
11:34:42.966 [FXGL Background Thread 3 ] DEBUG Engine               - isGameMenuEnabled: true
11:34:42.966 [FXGL Background Thread 3 ] DEBUG Engine               - isIOS: false
11:34:42.968 [FXGL Background Thread 3 ] DEBUG Engine               - isIntroEnabled: false
11:34:42.969 [FXGL Background Thread 3 ] DEBUG Engine               - isLinux: true
11:34:42.969 [FXGL Background Thread 3 ] DEBUG Engine               - isMac: false
11:34:42.969 [FXGL Background Thread 3 ] DEBUG Engine               - isMainMenuEnabled: false
11:34:42.970 [FXGL Background Thread 3 ] DEBUG Engine               - isManualResizeEnabled: false
11:34:42.970 [FXGL Background Thread 3 ] DEBUG Engine               - isMobile: false
11:34:42.970 [FXGL Background Thread 3 ] DEBUG Engine               - isNative: false
11:34:42.971 [FXGL Background Thread 3 ] DEBUG Engine               - isPauseMusicWhenMinimized: true
11:34:42.971 [FXGL Background Thread 3 ] DEBUG Engine               - isPreserveResizeRatio: false
11:34:42.971 [FXGL Background Thread 3 ] DEBUG Engine               - isProfilingEnabled: false
11:34:42.971 [FXGL Background Thread 3 ] DEBUG Engine               - isScaleAffectedOnResize: true
11:34:42.971 [FXGL Background Thread 3 ] DEBUG Engine               - isSingleStep: false
11:34:42.971 [FXGL Background Thread 3 ] DEBUG Engine               - isUserProfileEnabled: false
11:34:42.971 [FXGL Background Thread 3 ] DEBUG Engine               - isWindows: false
11:34:42.971 [FXGL Background Thread 3 ] DEBUG Engine               - language: ObjectProperty [value: ENGLISH]
11:34:42.972 [FXGL Background Thread 3 ] DEBUG Engine               - menuKey: ESCAPE
11:34:42.972 [FXGL Background Thread 3 ] DEBUG Engine               - mouseSensitivity: 0.2
11:34:42.972 [FXGL Background Thread 3 ] DEBUG Engine               - notificationViewClass: class com.almasb.fxgl.notification.view.XboxNotificationView
11:34:42.972 [FXGL Background Thread 3 ] DEBUG Engine               - pixelsPerMeter: 50.0
11:34:42.972 [FXGL Background Thread 3 ] DEBUG Engine               - platform: LINUX
11:34:42.972 [FXGL Background Thread 3 ] DEBUG Engine               - prefHeightProperty: ReadOnlyDoubleProperty [value: 900.0]
11:34:42.972 [FXGL Background Thread 3 ] DEBUG Engine               - prefWidthProperty: ReadOnlyDoubleProperty [value: 1800.0]
11:34:42.972 [FXGL Background Thread 3 ] DEBUG Engine               - profileDir: profiles/
11:34:42.973 [FXGL Background Thread 3 ] DEBUG Engine               - profileName: StringProperty [value: DEFAULT]
11:34:42.973 [FXGL Background Thread 3 ] DEBUG Engine               - randomSeed: -1
11:34:42.977 [FXGL Background Thread 3 ] DEBUG Engine               - runtimeInfo: RuntimeInfo(platform=LINUX, version=17.2, build=20.08.2022 16.50)
11:34:42.977 [FXGL Background Thread 3 ] DEBUG Engine               - saveFileExt: sav
11:34:42.977 [FXGL Background Thread 3 ] DEBUG Engine               - scaledHeightProp$fxgl: DoubleProperty [bound, value: 1024.0]
11:34:42.978 [FXGL Background Thread 3 ] DEBUG Engine               - scaledWidthProp$fxgl: DoubleProperty [bound, value: 1848.0]
11:34:42.982 [FXGL Background Thread 3 ] DEBUG Engine               - sceneFactory: com.almasb.fxgl.app.scene.SceneFactory@435e4a25
11:34:42.983 [FXGL Background Thread 3 ] DEBUG Engine               - secondsIn24h: 60
11:34:42.984 [FXGL Background Thread 3 ] DEBUG Engine               - soundMenuBack: menu/back.wav
11:34:42.984 [FXGL Background Thread 3 ] DEBUG Engine               - soundMenuPress: menu/press.wav
11:34:42.984 [FXGL Background Thread 3 ] DEBUG Engine               - soundMenuSelect: menu/select.wav
11:34:42.984 [FXGL Background Thread 3 ] DEBUG Engine               - soundNotification: core/notification.wav
11:34:42.984 [FXGL Background Thread 3 ] DEBUG Engine               - stageStyle: DECORATED
11:34:42.984 [FXGL Background Thread 3 ] DEBUG Engine               - supportedLanguages: [ENGLISH, FRENCH, GERMAN, HUNGARIAN, RUSSIAN]
11:34:42.984 [FXGL Background Thread 3 ] DEBUG Engine               - ticksPerSecond: -1
11:34:42.985 [FXGL Background Thread 3 ] DEBUG Engine               - title: Game
11:34:42.985 [FXGL Background Thread 3 ] DEBUG Engine               - urlGithub: https://github.com/AlmasB/FXGL
11:34:42.985 [FXGL Background Thread 3 ] DEBUG Engine               - urlLeaderboard: http://fxgl-top.herokuapp.com/
11:34:42.985 [FXGL Background Thread 3 ] DEBUG Engine               - urlPOM: https://raw.githubusercontent.com/AlmasB/FXGL/release/README.md
11:34:42.985 [FXGL Background Thread 3 ] DEBUG Engine               - userAppClass: class nsu.GameApp
11:34:42.985 [FXGL Background Thread 3 ] DEBUG Engine               - version: 0.1
11:34:42.986 [FXGL Background Thread 3 ] DEBUG Engine               - versionCheckDays: 7
11:34:42.986 [FXGL Background Thread 3 ] DEBUG Engine               - width: 1800
11:34:42.986 [FXGL Background Thread 3 ] DEBUG Engine               - Logging services
11:34:42.987 [FXGL Background Thread 3 ] DEBUG Engine               - class com.almasb.fxgl.app.services.FXGLAssetLoaderService
11:34:42.987 [FXGL Background Thread 3 ] DEBUG Engine               - class com.almasb.fxgl.app.FXGLApplication$GameApplicationService
11:34:42.988 [FXGL Background Thread 3 ] DEBUG Engine               - class com.almasb.fxgl.app.services.FXGLDialogService
11:34:42.988 [FXGL Background Thread 3 ] DEBUG Engine               - class com.almasb.fxgl.app.services.IOTaskExecutorService
11:34:42.988 [FXGL Background Thread 3 ] DEBUG Engine               - class com.almasb.fxgl.io.FileSystemService
11:34:42.988 [FXGL Background Thread 3 ] DEBUG Engine               - class com.almasb.fxgl.localization.LocalizationService
11:34:42.988 [FXGL Background Thread 3 ] DEBUG Engine               - class com.almasb.fxgl.app.services.SystemBundleService
11:34:42.988 [FXGL Background Thread 3 ] DEBUG Engine               - class com.almasb.fxgl.profile.SaveLoadService
11:34:42.988 [FXGL Background Thread 3 ] DEBUG Engine               - class com.almasb.fxgl.ui.FXGLUIFactoryServiceProvider
11:34:42.988 [FXGL Background Thread 3 ] DEBUG Engine               - class com.almasb.fxgl.ui.FXGLDialogFactoryServiceProvider
11:34:42.988 [FXGL Background Thread 3 ] DEBUG Engine               - class com.almasb.fxgl.audio.AudioPlayer
11:34:42.988 [FXGL Background Thread 3 ] DEBUG Engine               - class com.almasb.fxgl.notification.impl.NotificationServiceProvider
11:34:42.989 [FXGL Background Thread 3 ] DEBUG Engine               - class com.almasb.fxgl.achievement.AchievementService
11:34:42.989 [FXGL Background Thread 3 ] DEBUG Engine               - class com.almasb.fxgl.cutscene.CutsceneService
11:34:42.989 [FXGL Background Thread 3 ] DEBUG Engine               - class com.almasb.fxgl.minigames.MiniGameService
11:34:42.989 [FXGL Background Thread 3 ] DEBUG Engine               - class com.almasb.fxgl.net.NetService
11:34:42.989 [FXGL Background Thread 3 ] DEBUG Engine               - class com.almasb.fxgl.app.services.UpdaterService
11:34:42.990 [FXGL Background Thread 3 ] DEBUG Engine               - class com.almasb.fxgl.dev.DevService
11:34:51.336 [JavaFX Application Thread] DEBUG FXGLApplication      - Exiting FXGL
11:34:51.336 [JavaFX Application Thread] DEBUG LoopRunner           - Stopping loop
11:34:51.336 [JavaFX Application Thread] DEBUG SystemBundleService  - Saving FXGL system data
11:34:51.344 [JavaFX Application Thread] DEBUG FileSystemAccess     - Writing to: /home/oksana/IdeaProjects/tutorial/system/fxgl.bundle
11:34:51.353 [JavaFX Application Thread] DEBUG Async                - Shutting down background threads
11:34:51.353 [JavaFX Application Thread] DEBUG PrimaryStageWindow   - Closing main window
11:34:51.361 [JavaFX Application Thread] DEBUG Logger               - Closing Logger
