00:45:44.611 [main                     ] DEBUG Logger               - Configured Logger
00:45:44.654 [main                     ] DEBUG GameApplication      - Logging settings
Title: Game
Version: 0.1
Width: 600
Height: 900
Fullscreen: false
Intro: false
Profiling: false
Single step:false
App Mode: DEVELOPER
Menu Key: ESCAPE
Stage Style: DECORATED
Scene Factory: class com.almasb.fxgl.app.scene.SceneFactory

00:45:45.081 [JavaFX Application Thread] DEBUG FXGLApplication      - Initializing FXGL
00:45:45.087 [JavaFX Application Thread] INFO  Engine               - FXGL-17.2 (20.08.2022 16.50) on LINUX (J:23.0.2 FX:18)
00:45:45.087 [JavaFX Application Thread] DEBUG Engine               - JRE Vendor Name: Oracle Corporation
00:45:45.088 [JavaFX Application Thread] DEBUG Engine               - Running on OS: Linux version 6.8.0-57-generic
00:45:45.088 [JavaFX Application Thread] DEBUG Engine               - Architecture: amd64
00:45:45.088 [JavaFX Application Thread] INFO  Engine               - Source code and latest versions at: https://github.com/AlmasB/FXGL
00:45:45.088 [JavaFX Application Thread] INFO  Engine               -       Ask questions and discuss at: https://github.com/AlmasB/FXGL/discussions
00:45:45.088 [JavaFX Application Thread] INFO  Engine               -              Join the FXGL chat at: https://gitter.im/AlmasB/FXGL
00:45:45.210 [JavaFX Application Thread] DEBUG PrimaryStageWindow   - Creating a JavaFX scene
00:45:45.307 [JavaFX Application Thread] DEBUG PrimaryStageWindow   - Target settings size: 600.0 x 900.0
00:45:45.307 [JavaFX Application Thread] DEBUG PrimaryStageWindow   - Scaled scene size:    600.0 x 900.0
00:45:45.308 [JavaFX Application Thread] DEBUG PrimaryStageWindow   - Scaled ratio: (1.0, 1.0)
00:45:45.309 [JavaFX Application Thread] DEBUG PrimaryStageWindow   - Set initial scene to FXGLStartupScene
00:45:45.323 [JavaFX Application Thread] DEBUG PrimaryStageWindow   - Opening main window
00:45:45.387 [JavaFX Application Thread] DEBUG PrimaryStageWindow   - Window border size: (2.0, 29.0)
00:45:45.387 [JavaFX Application Thread] DEBUG PrimaryStageWindow   - Scaled size: 600.0 x 900.0
00:45:45.388 [JavaFX Application Thread] DEBUG PrimaryStageWindow   - Scaled ratio: (1.0, 1.0)
00:45:45.388 [JavaFX Application Thread] DEBUG PrimaryStageWindow   - Scene size: 600.0 x 900.0
00:45:45.389 [JavaFX Application Thread] DEBUG PrimaryStageWindow   - Stage size: 602.0 x 929.0
00:45:45.402 [FXGL Background Thread 1 ] DEBUG Engine               - Initializing environment variables
00:45:45.546 [FXGL Background Thread 1 ] DEBUG FXGLAssetLoaderServi - User app class for loading assets: class nsu.GameApp
00:45:45.546 [FXGL Background Thread 1 ] DEBUG GameApplicationServi - Applying CSS: fxgl_dark.css
00:45:45.552 [FXGL Background Thread 1 ] DEBUG FXGLAssetLoaderServi - Loading from file system: jar:file:/home/oksana/.gradle/caches/modules-2/files-2.1/com.github.almasb/fxgl/17.2/35db6ae960eec2dcfd19262d3b7f9c42f0e95bc3/fxgl-17.2.jar!/fxglassets/ui/css/fxgl_dark.css
00:45:45.625 [FXGL Background Thread 1 ] DEBUG GameApplicationServi - Initializing application scenes
00:45:45.700 [FXGL Background Thread 1 ] DEBUG GameWorld            - Game world initialized
00:45:45.808 [FXGL Background Thread 1 ] DEBUG PhysicsWorld         - Physics world initialized: appHeight=900, physics.ppm=50.0
00:45:45.808 [FXGL Background Thread 1 ] DEBUG PhysicsWorld         - Using strategy: BRUTE_FORCE
00:45:45.814 [FXGL Background Thread 1 ] DEBUG GameScene            - Game scene initialized: 600x900
00:45:45.833 [FXGL Background Thread 1 ] WARN  FXGL.DefaultMenu     - FXGLDefaultMenu is not designed for resolutions < 800x600
00:45:45.833 [FXGL Background Thread 1 ] DEBUG FXGL.DefaultMenu     - createMenuBodyGameMenu()
00:45:45.859 [FXGL Background Thread 1 ] DEBUG FXGL.DefaultMenu     - createOptionsMenu()
00:45:45.878 [FXGL Background Thread 1 ] DEBUG FXGLAssetLoaderServi - Loading from file system: jar:file:/home/oksana/.gradle/caches/modules-2/files-2.1/com.github.almasb/fxgl/17.2/35db6ae960eec2dcfd19262d3b7f9c42f0e95bc3/fxgl-17.2.jar!/fxglassets/textures/particles/smoke.png
00:45:46.020 [FXGL Background Thread 1 ] DEBUG FXGLAssetLoaderServi - Loading from file system: jar:file:/home/oksana/.gradle/caches/modules-2/files-2.1/com.github.almasb/fxgl/17.2/35db6ae960eec2dcfd19262d3b7f9c42f0e95bc3/fxgl-17.2.jar!/fxglassets/textures/particles/trace_horizontal.png
00:45:46.059 [FXGL Background Thread 1 ] DEBUG GameApplicationServi - Application scenes initialized
00:45:46.079 [FXGL Background Thread 1 ] DEBUG SystemBundleService  - Loading FXGL system data
00:45:46.084 [FXGL Background Thread 1 ] DEBUG FileSystemAccess     - Reading from: /home/oksana/IdeaProjects/tutorial/system/fxgl.bundle
00:45:46.094 [FXGL Background Thread 1 ] DEBUG SystemBundleService  - Bundle FXGL: {}
00:45:46.094 [FXGL Background Thread 1 ] DEBUG UpdaterService       - Checking for updates
00:45:46.101 [FXGL Background Thread 4 ] DEBUG FXGLApplication      - Loading fonts
00:45:46.102 [FXGL Background Thread 4 ] DEBUG FXGLAssetLoaderServi - Loading from file system: jar:file:/home/oksana/.gradle/caches/modules-2/files-2.1/com.github.almasb/fxgl/17.2/35db6ae960eec2dcfd19262d3b7f9c42f0e95bc3/fxgl-17.2.jar!/fxglassets/ui/fonts/VarelaRound-Regular.ttf
00:45:46.102 [FXGL Background Thread 1 ] DEBUG FXGLApplication      - Loading default localization
00:45:46.103 [FXGL Background Thread 1 ] DEBUG FXGLAssetLoaderServi - Loading from file system: jar:file:/home/oksana/.gradle/caches/modules-2/files-2.1/com.github.almasb/fxgl/17.2/35db6ae960eec2dcfd19262d3b7f9c42f0e95bc3/fxgl-17.2.jar!/fxglassets/languages/english.lang
00:45:46.121 [FXGL Background Thread 4 ] DEBUG FXGLAssetLoaderServi - Loading from file system: jar:file:/home/oksana/.gradle/caches/modules-2/files-2.1/com.github.almasb/fxgl/17.2/35db6ae960eec2dcfd19262d3b7f9c42f0e95bc3/fxgl-17.2.jar!/fxglassets/ui/fonts/Abel-Regular.ttf
00:45:46.125 [FXGL Background Thread 4 ] DEBUG FXGLAssetLoaderServi - Loading from file system: jar:file:/home/oksana/.gradle/caches/modules-2/files-2.1/com.github.almasb/fxgl/17.2/35db6ae960eec2dcfd19262d3b7f9c42f0e95bc3/fxgl-17.2.jar!/fxglassets/ui/fonts/TerminalLandMono-Regular.otf
00:45:46.128 [FXGL Background Thread 4 ] DEBUG FXGLAssetLoaderServi - Loading from file system: jar:file:/home/oksana/.gradle/caches/modules-2/files-2.1/com.github.almasb/fxgl/17.2/35db6ae960eec2dcfd19262d3b7f9c42f0e95bc3/fxgl-17.2.jar!/fxglassets/ui/fonts/Courier-Prime.ttf
00:45:46.140 [JavaFX Application Thread] DEBUG FXGLApplication      - Registering font factories with UI factory
00:45:46.150 [FXGL Background Thread 1 ] INFO  FXGLApplication      - FXGL initialization took: 0.748 sec
00:45:46.166 [JavaFX Application Thread] DEBUG Input                - Registered new binding: Move Right - D
00:45:46.167 [JavaFX Application Thread] DEBUG Input                - Registered new binding: Move Left - A
00:45:46.167 [JavaFX Application Thread] DEBUG Input                - Registered new binding: Jump - W
00:45:46.167 [JavaFX Application Thread] DEBUG Input                - Registered new binding: Shot - Space
00:45:46.168 [JavaFX Application Thread] DEBUG FXGLAssetLoaderServi - Loading from file system: jar:file:/home/oksana/.gradle/caches/modules-2/files-2.1/com.github.almasb/fxgl/17.2/35db6ae960eec2dcfd19262d3b7f9c42f0e95bc3/fxgl-17.2.jar!/fxglassets/textures/fxgl_icon.png
00:45:46.206 [JavaFX Application Thread] DEBUG FXGLAssetLoaderServi - Loading from file system: jar:file:/home/oksana/.gradle/caches/modules-2/files-2.1/com.github.almasb/fxgl/17.2/35db6ae960eec2dcfd19262d3b7f9c42f0e95bc3/fxgl-17.2.jar!/fxglassets/textures/fxgl_default_cursor.png
00:45:46.209 [JavaFX Application Thread] DEBUG Input                - Registered new binding: Screenshot - CTRL+8
00:45:46.210 [JavaFX Application Thread] DEBUG Input                - Registered new binding: System info dump - CTRL+9
00:45:46.221 [JavaFX Application Thread] DEBUG Input                - Registered new binding: Restart - CTRL+R
00:45:46.223 [JavaFX Application Thread] DEBUG Input                - Registered new binding: Toggle Debug Camera - CTRL+7
00:45:46.229 [JavaFX Application Thread] DEBUG LoopRunner           - Starting loop
00:45:46.229 [JavaFX Application Thread] DEBUG LoopRunner           - Initializing JavaFX AnimationTimerLoop
00:45:46.231 [JavaFX Application Thread] DEBUG GameApplicationServi - Starting new game
00:45:46.232 [JavaFX Application Thread] DEBUG Input                - Clearing active input actions
00:45:46.248 [JavaFX Application Thread] DEBUG GameApplicationServi - Removing overlay from FXGLStartupScene and adding to FXGLLoadingScene
00:45:46.249 [JavaFX Application Thread] DEBUG PrimaryStageWindow   - FXGLStartupScene -> FXGLLoadingScene
00:45:46.249 [JavaFX Application Thread] DEBUG GameApplicationServi - Clearing previous game
00:45:46.249 [JavaFX Application Thread] DEBUG GameScene            - Clearing game scene
00:45:46.249 [JavaFX Application Thread] DEBUG GameWorld            - Clearing game world
00:45:46.250 [JavaFX Application Thread] DEBUG PhysicsWorld         - Clearing physics world
00:45:46.252 [FXGL Background Thread 1 ] DEBUG FXGLApplication      - Initializing game
00:45:46.316 [FXGL Background Thread 1 ] DEBUG FXGLAssetLoaderServi - Loading from file system: file:/home/oksana/IdeaProjects/tutorial/build/resources/main/assets/textures/player.png
00:45:46.342 [FXGL Background Thread 1 ] INFO  FXGLApplication      - Game initialization took: 0.090 sec
00:45:46.390 [JavaFX Application Thread] DEBUG Input                - Clearing active input actions
00:45:46.409 [JavaFX Application Thread] DEBUG GameApplicationServi - Removing overlay from FXGLLoadingScene and adding to GameScene
00:45:46.409 [JavaFX Application Thread] DEBUG PrimaryStageWindow   - FXGLLoadingScene -> GameScene
00:45:47.396 [FXGL Background Thread 2 ] INFO  UpdaterService       - Your current version:  17.2
00:45:47.396 [FXGL Background Thread 2 ] INFO  UpdaterService       - Latest stable version: 21.1
00:45:49.099 [FXGL Background Thread 3 ] DEBUG Engine               - Logging environment variables
00:45:49.100 [FXGL Background Thread 3 ] DEBUG Engine               - achievements: []
00:45:49.101 [FXGL Background Thread 3 ] DEBUG Engine               - actualHeight: 900.0
00:45:49.101 [FXGL Background Thread 3 ] DEBUG Engine               - actualHeightProperty: ReadOnlyDoubleProperty [value: 908.0]
00:45:49.101 [FXGL Background Thread 3 ] DEBUG Engine               - actualWidth: 600.0
00:45:49.102 [FXGL Background Thread 3 ] DEBUG Engine               - actualWidthProperty: ReadOnlyDoubleProperty [value: 598.0]
00:45:49.102 [FXGL Background Thread 3 ] DEBUG Engine               - appIcon: fxgl_icon.png
00:45:49.102 [FXGL Background Thread 3 ] DEBUG Engine               - applicationMode: DEVELOPER
00:45:49.102 [FXGL Background Thread 3 ] DEBUG Engine               - cSSList: [fxgl_dark.css]
00:45:49.103 [FXGL Background Thread 3 ] DEBUG Engine               - collisionDetectionStrategy: BRUTE_FORCE
00:45:49.103 [FXGL Background Thread 3 ] DEBUG Engine               - configClass: Optional.empty
00:45:49.103 [FXGL Background Thread 3 ] DEBUG Engine               - credits: []
00:45:49.104 [FXGL Background Thread 3 ] DEBUG Engine               - defaultCursor: CursorInfo(imageName=fxgl_default_cursor.png, hotspotX=7.0, hotspotY=6.0)
00:45:49.104 [FXGL Background Thread 3 ] DEBUG Engine               - devBBoxColorProperty: ObjectProperty [value: 0xff0000ff]
00:45:49.104 [FXGL Background Thread 3 ] DEBUG Engine               - devEnableDebugCameraProperty: BooleanProperty [value: false]
00:45:49.104 [FXGL Background Thread 3 ] DEBUG Engine               - devSensorColorProperty: ObjectProperty [value: 0xffff00ff]
00:45:49.105 [FXGL Background Thread 3 ] DEBUG Engine               - devShowBBoxProperty: BooleanProperty [value: false]
00:45:49.105 [FXGL Background Thread 3 ] DEBUG Engine               - devShowPositionProperty: BooleanProperty [value: false]
00:45:49.105 [FXGL Background Thread 3 ] DEBUG Engine               - enabledMenuItems: []
00:45:49.105 [FXGL Background Thread 3 ] DEBUG Engine               - engineServices: [class com.almasb.fxgl.app.services.FXGLAssetLoaderService, class com.almasb.fxgl.app.FXGLApplication$GameApplicationService, class com.almasb.fxgl.app.services.FXGLDialogService, class com.almasb.fxgl.app.services.IOTaskExecutorService, class com.almasb.fxgl.io.FileSystemService, class com.almasb.fxgl.localization.LocalizationService, class com.almasb.fxgl.app.services.SystemBundleService, class com.almasb.fxgl.profile.SaveLoadService, class com.almasb.fxgl.ui.FXGLUIFactoryServiceProvider, class com.almasb.fxgl.ui.FXGLDialogFactoryServiceProvider, class com.almasb.fxgl.audio.AudioPlayer, class com.almasb.fxgl.notification.impl.NotificationServiceProvider, class com.almasb.fxgl.achievement.AchievementService, class com.almasb.fxgl.cutscene.CutsceneService, class com.almasb.fxgl.minigames.MiniGameService, class com.almasb.fxgl.net.NetService, class com.almasb.fxgl.app.services.UpdaterService, class com.almasb.fxgl.dev.DevService]
00:45:49.105 [FXGL Background Thread 3 ] DEBUG Engine               - fontGame: Abel-Regular.ttf
00:45:49.105 [FXGL Background Thread 3 ] DEBUG Engine               - fontMono: TerminalLandMono-Regular.otf
00:45:49.105 [FXGL Background Thread 3 ] DEBUG Engine               - fontText: Courier-Prime.ttf
00:45:49.105 [FXGL Background Thread 3 ] DEBUG Engine               - fontUI: VarelaRound-Regular.ttf
00:45:49.105 [FXGL Background Thread 3 ] DEBUG Engine               - fullScreen: BooleanProperty [value: false]
00:45:49.105 [FXGL Background Thread 3 ] DEBUG Engine               - gameDifficulty: MEDIUM
00:45:49.105 [FXGL Background Thread 3 ] DEBUG Engine               - gameDifficultyProperty: ObjectProperty [value: MEDIUM]
00:45:49.105 [FXGL Background Thread 3 ] DEBUG Engine               - globalMusicVolume: 0.5
00:45:49.105 [FXGL Background Thread 3 ] DEBUG Engine               - globalMusicVolumeProperty: DoubleProperty [value: 0.5]
00:45:49.106 [FXGL Background Thread 3 ] DEBUG Engine               - globalSoundVolume: 0.5
00:45:49.106 [FXGL Background Thread 3 ] DEBUG Engine               - globalSoundVolumeProperty: DoubleProperty [value: 0.5]
00:45:49.106 [FXGL Background Thread 3 ] DEBUG Engine               - height: 900
00:45:49.106 [FXGL Background Thread 3 ] DEBUG Engine               - is3D: false
00:45:49.106 [FXGL Background Thread 3 ] DEBUG Engine               - isAndroid: false
00:45:49.106 [FXGL Background Thread 3 ] DEBUG Engine               - isBrowser: false
00:45:49.106 [FXGL Background Thread 3 ] DEBUG Engine               - isClickFeedbackEnabled: false
00:45:49.106 [FXGL Background Thread 3 ] DEBUG Engine               - isCloseConfirmation: false
00:45:49.106 [FXGL Background Thread 3 ] DEBUG Engine               - isDesktop: true
00:45:49.106 [FXGL Background Thread 3 ] DEBUG Engine               - isDeveloperMenuEnabled: false
00:45:49.106 [FXGL Background Thread 3 ] DEBUG Engine               - isEmbedded: false
00:45:49.106 [FXGL Background Thread 3 ] DEBUG Engine               - isEntityPreloadEnabled: true
00:45:49.106 [FXGL Background Thread 3 ] DEBUG Engine               - isExperimentalTiledLargeMap: false
00:45:49.106 [FXGL Background Thread 3 ] DEBUG Engine               - isFileSystemWriteAllowed: true
00:45:49.106 [FXGL Background Thread 3 ] DEBUG Engine               - isFullScreenAllowed: false
00:45:49.107 [FXGL Background Thread 3 ] DEBUG Engine               - isFullScreenFromStart: false
00:45:49.107 [FXGL Background Thread 3 ] DEBUG Engine               - isGameMenuEnabled: true
00:45:49.107 [FXGL Background Thread 3 ] DEBUG Engine               - isIOS: false
00:45:49.107 [FXGL Background Thread 3 ] DEBUG Engine               - isIntroEnabled: false
00:45:49.107 [FXGL Background Thread 3 ] DEBUG Engine               - isLinux: true
00:45:49.107 [FXGL Background Thread 3 ] DEBUG Engine               - isMac: false
00:45:49.107 [FXGL Background Thread 3 ] DEBUG Engine               - isMainMenuEnabled: false
00:45:49.107 [FXGL Background Thread 3 ] DEBUG Engine               - isManualResizeEnabled: false
00:45:49.107 [FXGL Background Thread 3 ] DEBUG Engine               - isMobile: false
00:45:49.107 [FXGL Background Thread 3 ] DEBUG Engine               - isNative: false
00:45:49.107 [FXGL Background Thread 3 ] DEBUG Engine               - isPauseMusicWhenMinimized: true
00:45:49.107 [FXGL Background Thread 3 ] DEBUG Engine               - isPreserveResizeRatio: false
00:45:49.107 [FXGL Background Thread 3 ] DEBUG Engine               - isProfilingEnabled: false
00:45:49.107 [FXGL Background Thread 3 ] DEBUG Engine               - isScaleAffectedOnResize: true
00:45:49.107 [FXGL Background Thread 3 ] DEBUG Engine               - isSingleStep: false
00:45:49.108 [FXGL Background Thread 3 ] DEBUG Engine               - isUserProfileEnabled: false
00:45:49.108 [FXGL Background Thread 3 ] DEBUG Engine               - isWindows: false
00:45:49.108 [FXGL Background Thread 3 ] DEBUG Engine               - language: ObjectProperty [value: ENGLISH]
00:45:49.108 [FXGL Background Thread 3 ] DEBUG Engine               - menuKey: ESCAPE
00:45:49.108 [FXGL Background Thread 3 ] DEBUG Engine               - mouseSensitivity: 0.2
00:45:49.108 [FXGL Background Thread 3 ] DEBUG Engine               - notificationViewClass: class com.almasb.fxgl.notification.view.XboxNotificationView
00:45:49.108 [FXGL Background Thread 3 ] DEBUG Engine               - pixelsPerMeter: 50.0
00:45:49.108 [FXGL Background Thread 3 ] DEBUG Engine               - platform: LINUX
00:45:49.108 [FXGL Background Thread 3 ] DEBUG Engine               - prefHeightProperty: ReadOnlyDoubleProperty [value: 900.0]
00:45:49.108 [FXGL Background Thread 3 ] DEBUG Engine               - prefWidthProperty: ReadOnlyDoubleProperty [value: 600.0]
00:45:49.108 [FXGL Background Thread 3 ] DEBUG Engine               - profileDir: profiles/
00:45:49.108 [FXGL Background Thread 3 ] DEBUG Engine               - profileName: StringProperty [value: DEFAULT]
00:45:49.108 [FXGL Background Thread 3 ] DEBUG Engine               - randomSeed: -1
00:45:49.109 [FXGL Background Thread 3 ] DEBUG Engine               - runtimeInfo: RuntimeInfo(platform=LINUX, version=17.2, build=20.08.2022 16.50)
00:45:49.109 [FXGL Background Thread 3 ] DEBUG Engine               - saveFileExt: sav
00:45:49.109 [FXGL Background Thread 3 ] DEBUG Engine               - scaledHeightProp$fxgl: DoubleProperty [bound, value: 908.0]
00:45:49.109 [FXGL Background Thread 3 ] DEBUG Engine               - scaledWidthProp$fxgl: DoubleProperty [bound, value: 598.0]
00:45:49.109 [FXGL Background Thread 3 ] DEBUG Engine               - sceneFactory: com.almasb.fxgl.app.scene.SceneFactory@60ab9b16
00:45:49.109 [FXGL Background Thread 3 ] DEBUG Engine               - secondsIn24h: 60
00:45:49.109 [FXGL Background Thread 3 ] DEBUG Engine               - soundMenuBack: menu/back.wav
00:45:49.109 [FXGL Background Thread 3 ] DEBUG Engine               - soundMenuPress: menu/press.wav
00:45:49.109 [FXGL Background Thread 3 ] DEBUG Engine               - soundMenuSelect: menu/select.wav
00:45:49.109 [FXGL Background Thread 3 ] DEBUG Engine               - soundNotification: core/notification.wav
00:45:49.109 [FXGL Background Thread 3 ] DEBUG Engine               - stageStyle: DECORATED
00:45:49.109 [FXGL Background Thread 3 ] DEBUG Engine               - supportedLanguages: [ENGLISH, FRENCH, GERMAN, HUNGARIAN, RUSSIAN]
00:45:49.109 [FXGL Background Thread 3 ] DEBUG Engine               - ticksPerSecond: -1
00:45:49.109 [FXGL Background Thread 3 ] DEBUG Engine               - title: Game
00:45:49.109 [FXGL Background Thread 3 ] DEBUG Engine               - urlGithub: https://github.com/AlmasB/FXGL
00:45:49.110 [FXGL Background Thread 3 ] DEBUG Engine               - urlLeaderboard: http://fxgl-top.herokuapp.com/
00:45:49.110 [FXGL Background Thread 3 ] DEBUG Engine               - urlPOM: https://raw.githubusercontent.com/AlmasB/FXGL/release/README.md
00:45:49.110 [FXGL Background Thread 3 ] DEBUG Engine               - userAppClass: class nsu.GameApp
00:45:49.110 [FXGL Background Thread 3 ] DEBUG Engine               - version: 0.1
00:45:49.110 [FXGL Background Thread 3 ] DEBUG Engine               - versionCheckDays: 7
00:45:49.110 [FXGL Background Thread 3 ] DEBUG Engine               - width: 600
00:45:49.110 [FXGL Background Thread 3 ] DEBUG Engine               - Logging services
00:45:49.110 [FXGL Background Thread 3 ] DEBUG Engine               - class com.almasb.fxgl.app.services.FXGLAssetLoaderService
00:45:49.110 [FXGL Background Thread 3 ] DEBUG Engine               - class com.almasb.fxgl.app.FXGLApplication$GameApplicationService
00:45:49.110 [FXGL Background Thread 3 ] DEBUG Engine               - class com.almasb.fxgl.app.services.FXGLDialogService
00:45:49.110 [FXGL Background Thread 3 ] DEBUG Engine               - class com.almasb.fxgl.app.services.IOTaskExecutorService
00:45:49.110 [FXGL Background Thread 3 ] DEBUG Engine               - class com.almasb.fxgl.io.FileSystemService
00:45:49.110 [FXGL Background Thread 3 ] DEBUG Engine               - class com.almasb.fxgl.localization.LocalizationService
00:45:49.110 [FXGL Background Thread 3 ] DEBUG Engine               - class com.almasb.fxgl.app.services.SystemBundleService
00:45:49.111 [FXGL Background Thread 3 ] DEBUG Engine               - class com.almasb.fxgl.profile.SaveLoadService
00:45:49.111 [FXGL Background Thread 3 ] DEBUG Engine               - class com.almasb.fxgl.ui.FXGLUIFactoryServiceProvider
00:45:49.111 [FXGL Background Thread 3 ] DEBUG Engine               - class com.almasb.fxgl.ui.FXGLDialogFactoryServiceProvider
00:45:49.111 [FXGL Background Thread 3 ] DEBUG Engine               - class com.almasb.fxgl.audio.AudioPlayer
00:45:49.111 [FXGL Background Thread 3 ] DEBUG Engine               - class com.almasb.fxgl.notification.impl.NotificationServiceProvider
00:45:49.111 [FXGL Background Thread 3 ] DEBUG Engine               - class com.almasb.fxgl.achievement.AchievementService
00:45:49.111 [FXGL Background Thread 3 ] DEBUG Engine               - class com.almasb.fxgl.cutscene.CutsceneService
00:45:49.111 [FXGL Background Thread 3 ] DEBUG Engine               - class com.almasb.fxgl.minigames.MiniGameService
00:45:49.111 [FXGL Background Thread 3 ] DEBUG Engine               - class com.almasb.fxgl.net.NetService
00:45:49.111 [FXGL Background Thread 3 ] DEBUG Engine               - class com.almasb.fxgl.app.services.UpdaterService
00:45:49.111 [FXGL Background Thread 3 ] DEBUG Engine               - class com.almasb.fxgl.dev.DevService
00:45:58.685 [JavaFX Application Thread] DEBUG FXGLApplication      - Exiting FXGL
00:45:58.685 [JavaFX Application Thread] DEBUG LoopRunner           - Stopping loop
00:45:58.685 [JavaFX Application Thread] DEBUG SystemBundleService  - Saving FXGL system data
00:45:58.689 [JavaFX Application Thread] DEBUG FileSystemAccess     - Writing to: /home/oksana/IdeaProjects/tutorial/system/fxgl.bundle
00:45:58.692 [JavaFX Application Thread] DEBUG Async                - Shutting down background threads
00:45:58.692 [JavaFX Application Thread] DEBUG PrimaryStageWindow   - Closing main window
00:45:58.699 [JavaFX Application Thread] DEBUG Logger               - Closing Logger
