17:23:28.202 [main                     ] DEBUG Logger               - Configured Logger
17:23:28.233 [main                     ] DEBUG GameApplication      - Logging settings
Title: Game
Version: 0.0
Width: 600
Height: 600
Fullscreen: false
Intro: false
Profiling: false
Single step:false
App Mode: DEVELOPER
Menu Key: ESCAPE
Stage Style: DECORATED
Scene Factory: class com.almasb.fxgl.app.scene.SceneFactory

17:23:28.674 [JavaFX Application Thread] DEBUG FXGLApplication      - Initializing FXGL
17:23:28.679 [JavaFX Application Thread] INFO  Engine               - FXGL-17.2 (20.08.2022 16.50) on LINUX (J:23.0.2 FX:18)
17:23:28.679 [JavaFX Application Thread] DEBUG Engine               - JRE Vendor Name: Oracle Corporation
17:23:28.679 [JavaFX Application Thread] DEBUG Engine               - Running on OS: Linux version 6.8.0-58-generic
17:23:28.679 [JavaFX Application Thread] DEBUG Engine               - Architecture: amd64
17:23:28.679 [JavaFX Application Thread] INFO  Engine               - Source code and latest versions at: https://github.com/AlmasB/FXGL
17:23:28.680 [JavaFX Application Thread] INFO  Engine               -       Ask questions and discuss at: https://github.com/AlmasB/FXGL/discussions
17:23:28.680 [JavaFX Application Thread] INFO  Engine               -              Join the FXGL chat at: https://gitter.im/AlmasB/FXGL
17:23:28.809 [JavaFX Application Thread] DEBUG PrimaryStageWindow   - Creating a JavaFX scene
17:23:28.897 [JavaFX Application Thread] DEBUG PrimaryStageWindow   - Target settings size: 600.0 x 600.0
17:23:28.897 [JavaFX Application Thread] DEBUG PrimaryStageWindow   - Scaled scene size:    600.0 x 600.0
17:23:28.898 [JavaFX Application Thread] DEBUG PrimaryStageWindow   - Scaled ratio: (1.0, 1.0)
17:23:28.899 [JavaFX Application Thread] DEBUG PrimaryStageWindow   - Set initial scene to FXGLStartupScene
17:23:28.908 [JavaFX Application Thread] DEBUG PrimaryStageWindow   - Opening main window
17:23:28.959 [JavaFX Application Thread] DEBUG PrimaryStageWindow   - Window border size: (2.0, 29.0)
17:23:28.960 [JavaFX Application Thread] DEBUG PrimaryStageWindow   - Scaled size: 600.0 x 600.0
17:23:28.960 [JavaFX Application Thread] DEBUG PrimaryStageWindow   - Scaled ratio: (1.0, 1.0)
17:23:28.961 [JavaFX Application Thread] DEBUG PrimaryStageWindow   - Scene size: 600.0 x 600.0
17:23:28.961 [JavaFX Application Thread] DEBUG PrimaryStageWindow   - Stage size: 602.0 x 629.0
17:23:28.979 [FXGL Background Thread 1 ] DEBUG Engine               - Initializing environment variables
17:23:29.178 [FXGL Background Thread 1 ] DEBUG FXGLAssetLoaderServi - User app class for loading assets: class nsu.GameApp
17:23:29.178 [FXGL Background Thread 1 ] DEBUG GameApplicationServi - Applying CSS: fxgl_dark.css
17:23:29.183 [FXGL Background Thread 1 ] DEBUG FXGLAssetLoaderServi - Loading from file system: jar:file:/home/oksana/.gradle/caches/modules-2/files-2.1/com.github.almasb/fxgl/17.2/35db6ae960eec2dcfd19262d3b7f9c42f0e95bc3/fxgl-17.2.jar!/fxglassets/ui/css/fxgl_dark.css
17:23:29.262 [FXGL Background Thread 1 ] DEBUG GameApplicationServi - Initializing application scenes
17:23:29.367 [FXGL Background Thread 1 ] DEBUG GameWorld            - Game world initialized
17:23:29.456 [FXGL Background Thread 1 ] DEBUG PhysicsWorld         - Physics world initialized: appHeight=600, physics.ppm=50.0
17:23:29.456 [FXGL Background Thread 1 ] DEBUG PhysicsWorld         - Using strategy: BRUTE_FORCE
17:23:29.468 [FXGL Background Thread 1 ] DEBUG GameScene            - Game scene initialized: 600x600
17:23:29.490 [FXGL Background Thread 1 ] WARN  FXGL.DefaultMenu     - FXGLDefaultMenu is not designed for resolutions < 800x600
17:23:29.490 [FXGL Background Thread 1 ] DEBUG FXGL.DefaultMenu     - createMenuBodyGameMenu()
17:23:29.509 [FXGL Background Thread 1 ] DEBUG FXGL.DefaultMenu     - createOptionsMenu()
17:23:29.523 [FXGL Background Thread 1 ] DEBUG FXGLAssetLoaderServi - Loading from file system: jar:file:/home/oksana/.gradle/caches/modules-2/files-2.1/com.github.almasb/fxgl/17.2/35db6ae960eec2dcfd19262d3b7f9c42f0e95bc3/fxgl-17.2.jar!/fxglassets/textures/particles/smoke.png
17:23:29.645 [FXGL Background Thread 1 ] DEBUG FXGLAssetLoaderServi - Loading from file system: jar:file:/home/oksana/.gradle/caches/modules-2/files-2.1/com.github.almasb/fxgl/17.2/35db6ae960eec2dcfd19262d3b7f9c42f0e95bc3/fxgl-17.2.jar!/fxglassets/textures/particles/trace_horizontal.png
17:23:29.704 [FXGL Background Thread 1 ] DEBUG GameApplicationServi - Application scenes initialized
17:23:29.740 [FXGL Background Thread 1 ] DEBUG SystemBundleService  - Loading FXGL system data
17:23:29.746 [FXGL Background Thread 1 ] DEBUG FileSystemAccess     - Reading from: /home/oksana/IdeaProjects/tutorial/system/fxgl.bundle
17:23:29.756 [FXGL Background Thread 1 ] DEBUG SystemBundleService  - Bundle FXGL: {}
17:23:29.756 [FXGL Background Thread 1 ] DEBUG UpdaterService       - Checking for updates
17:23:29.766 [FXGL Background Thread 1 ] DEBUG FXGLApplication      - Loading default localization
17:23:29.767 [FXGL Background Thread 1 ] DEBUG FXGLAssetLoaderServi - Loading from file system: jar:file:/home/oksana/.gradle/caches/modules-2/files-2.1/com.github.almasb/fxgl/17.2/35db6ae960eec2dcfd19262d3b7f9c42f0e95bc3/fxgl-17.2.jar!/fxglassets/languages/english.lang
17:23:29.768 [FXGL Background Thread 4 ] DEBUG FXGLApplication      - Loading fonts
17:23:29.769 [FXGL Background Thread 4 ] DEBUG FXGLAssetLoaderServi - Loading from file system: jar:file:/home/oksana/.gradle/caches/modules-2/files-2.1/com.github.almasb/fxgl/17.2/35db6ae960eec2dcfd19262d3b7f9c42f0e95bc3/fxgl-17.2.jar!/fxglassets/ui/fonts/VarelaRound-Regular.ttf
17:23:29.795 [FXGL Background Thread 4 ] DEBUG FXGLAssetLoaderServi - Loading from file system: jar:file:/home/oksana/.gradle/caches/modules-2/files-2.1/com.github.almasb/fxgl/17.2/35db6ae960eec2dcfd19262d3b7f9c42f0e95bc3/fxgl-17.2.jar!/fxglassets/ui/fonts/Abel-Regular.ttf
17:23:29.798 [FXGL Background Thread 4 ] DEBUG FXGLAssetLoaderServi - Loading from file system: jar:file:/home/oksana/.gradle/caches/modules-2/files-2.1/com.github.almasb/fxgl/17.2/35db6ae960eec2dcfd19262d3b7f9c42f0e95bc3/fxgl-17.2.jar!/fxglassets/ui/fonts/TerminalLandMono-Regular.otf
17:23:29.799 [FXGL Background Thread 1 ] INFO  FXGLApplication      - FXGL initialization took: 0.820 sec
17:23:29.802 [FXGL Background Thread 4 ] DEBUG FXGLAssetLoaderServi - Loading from file system: jar:file:/home/oksana/.gradle/caches/modules-2/files-2.1/com.github.almasb/fxgl/17.2/35db6ae960eec2dcfd19262d3b7f9c42f0e95bc3/fxgl-17.2.jar!/fxglassets/ui/fonts/Courier-Prime.ttf
17:23:29.816 [JavaFX Application Thread] DEBUG Input                - Registered new binding: Move Right - D
17:23:29.816 [JavaFX Application Thread] DEBUG Input                - Registered new binding: Move Left - A
17:23:29.816 [JavaFX Application Thread] DEBUG Input                - Registered new binding: Jump - W
17:23:29.816 [JavaFX Application Thread] DEBUG Input                - Registered new binding: Shot - Space
17:23:29.817 [JavaFX Application Thread] DEBUG FXGLAssetLoaderServi - Loading from file system: jar:file:/home/oksana/.gradle/caches/modules-2/files-2.1/com.github.almasb/fxgl/17.2/35db6ae960eec2dcfd19262d3b7f9c42f0e95bc3/fxgl-17.2.jar!/fxglassets/textures/fxgl_icon.png
17:23:29.846 [JavaFX Application Thread] DEBUG FXGLAssetLoaderServi - Loading from file system: jar:file:/home/oksana/.gradle/caches/modules-2/files-2.1/com.github.almasb/fxgl/17.2/35db6ae960eec2dcfd19262d3b7f9c42f0e95bc3/fxgl-17.2.jar!/fxglassets/textures/fxgl_default_cursor.png
17:23:29.849 [JavaFX Application Thread] DEBUG Input                - Registered new binding: Screenshot - CTRL+8
17:23:29.849 [JavaFX Application Thread] DEBUG Input                - Registered new binding: System info dump - CTRL+9
17:23:29.850 [JavaFX Application Thread] DEBUG Input                - Registered new binding: Restart - CTRL+R
17:23:29.851 [JavaFX Application Thread] DEBUG Input                - Registered new binding: Toggle Debug Camera - CTRL+7
17:23:29.853 [JavaFX Application Thread] DEBUG LoopRunner           - Starting loop
17:23:29.853 [JavaFX Application Thread] DEBUG LoopRunner           - Initializing JavaFX AnimationTimerLoop
17:23:29.855 [JavaFX Application Thread] DEBUG GameApplicationServi - Starting new game
17:23:29.856 [JavaFX Application Thread] DEBUG Input                - Clearing active input actions
17:23:29.878 [JavaFX Application Thread] DEBUG GameApplicationServi - Removing overlay from FXGLStartupScene and adding to FXGLLoadingScene
17:23:29.879 [JavaFX Application Thread] DEBUG PrimaryStageWindow   - FXGLStartupScene -> FXGLLoadingScene
17:23:29.879 [JavaFX Application Thread] DEBUG GameApplicationServi - Clearing previous game
17:23:29.879 [JavaFX Application Thread] DEBUG GameScene            - Clearing game scene
17:23:29.879 [JavaFX Application Thread] DEBUG GameWorld            - Clearing game world
17:23:29.879 [JavaFX Application Thread] DEBUG PhysicsWorld         - Clearing physics world
17:23:29.881 [JavaFX Application Thread] DEBUG FXGLApplication      - Registering font factories with UI factory
17:23:29.882 [FXGL Background Thread 4 ] DEBUG FXGLApplication      - Initializing game
17:23:29.908 [FXGL Background Thread 4 ] DEBUG FXGLAssetLoaderServi - Loading from file system: file:/home/oksana/IdeaProjects/tutorial/build/resources/main/assets/textures/back2.jpg
17:23:29.936 [FXGL Background Thread 4 ] DEBUG FXGLAssetLoaderServi - Loading from file system: file:/home/oksana/IdeaProjects/tutorial/build/resources/main/assets/textures/block1.png
17:23:29.993 [FXGL Background Thread 4 ] DEBUG FXGLAssetLoaderServi - Loading from file system: file:/home/oksana/IdeaProjects/tutorial/build/resources/main/assets/textures/block1.png
17:23:30.005 [FXGL Background Thread 4 ] DEBUG FXGLAssetLoaderServi - Loading from file system: file:/home/oksana/IdeaProjects/tutorial/build/resources/main/assets/textures/block1.png
17:23:30.014 [FXGL Background Thread 4 ] DEBUG FXGLAssetLoaderServi - Loading from file system: file:/home/oksana/IdeaProjects/tutorial/build/resources/main/assets/textures/coin.png
17:23:30.020 [FXGL Background Thread 4 ] DEBUG FXGLAssetLoaderServi - Loading from file system: file:/home/oksana/IdeaProjects/tutorial/build/resources/main/assets/textures/right_enemy.png
17:23:30.027 [FXGL Background Thread 4 ] DEBUG FXGLAssetLoaderServi - Loading from file system: file:/home/oksana/IdeaProjects/tutorial/build/resources/main/assets/textures/right_smart_enemy.png
17:23:30.050 [FXGL Background Thread 4 ] DEBUG FXGLAssetLoaderServi - Loading from file system: file:/home/oksana/IdeaProjects/tutorial/build/resources/main/assets/textures/right_player.png
17:23:30.061 [FXGL Background Thread 4 ] INFO  FXGLApplication      - Game initialization took: 0.179 sec
17:23:30.065 [JavaFX Application Thread] DEBUG Input                - Clearing active input actions
17:23:30.096 [JavaFX Application Thread] DEBUG GameApplicationServi - Removing overlay from FXGLLoadingScene and adding to GameScene
17:23:30.097 [JavaFX Application Thread] DEBUG PrimaryStageWindow   - FXGLLoadingScene -> GameScene
17:23:30.763 [JavaFX Application Thread] DEBUG FXGLAssetLoaderServi - Loading from file system: file:/home/oksana/IdeaProjects/tutorial/build/resources/main/assets/textures/bullet_right.png
17:23:30.832 [FXGL Background Thread 2 ] INFO  UpdaterService       - Your current version:  17.2
17:23:30.833 [FXGL Background Thread 2 ] INFO  UpdaterService       - Latest stable version: 21.1
17:23:32.762 [FXGL Background Thread 3 ] DEBUG Engine               - Logging environment variables
17:23:32.764 [FXGL Background Thread 3 ] DEBUG Engine               - achievements: []
17:23:32.764 [FXGL Background Thread 3 ] DEBUG Engine               - actualHeight: 608.0
17:23:32.765 [FXGL Background Thread 3 ] DEBUG Engine               - actualHeightProperty: ReadOnlyDoubleProperty [value: 608.0]
17:23:32.765 [FXGL Background Thread 3 ] DEBUG Engine               - actualWidth: 598.0
17:23:32.765 [FXGL Background Thread 3 ] DEBUG Engine               - actualWidthProperty: ReadOnlyDoubleProperty [value: 598.0]
17:23:32.765 [FXGL Background Thread 3 ] DEBUG Engine               - appIcon: fxgl_icon.png
17:23:32.765 [FXGL Background Thread 3 ] DEBUG Engine               - applicationMode: DEVELOPER
17:23:32.766 [FXGL Background Thread 3 ] DEBUG Engine               - cSSList: [fxgl_dark.css]
17:23:32.766 [FXGL Background Thread 3 ] DEBUG Engine               - collisionDetectionStrategy: BRUTE_FORCE
17:23:32.766 [FXGL Background Thread 3 ] DEBUG Engine               - configClass: Optional.empty
17:23:32.766 [FXGL Background Thread 3 ] DEBUG Engine               - credits: []
17:23:32.767 [FXGL Background Thread 3 ] DEBUG Engine               - defaultCursor: CursorInfo(imageName=fxgl_default_cursor.png, hotspotX=7.0, hotspotY=6.0)
17:23:32.768 [FXGL Background Thread 3 ] DEBUG Engine               - devBBoxColorProperty: ObjectProperty [value: 0xff0000ff]
17:23:32.770 [FXGL Background Thread 3 ] DEBUG Engine               - devEnableDebugCameraProperty: BooleanProperty [value: false]
17:23:32.771 [FXGL Background Thread 3 ] DEBUG Engine               - devSensorColorProperty: ObjectProperty [value: 0xffff00ff]
17:23:32.771 [FXGL Background Thread 3 ] DEBUG Engine               - devShowBBoxProperty: BooleanProperty [value: false]
17:23:32.771 [FXGL Background Thread 3 ] DEBUG Engine               - devShowPositionProperty: BooleanProperty [value: false]
17:23:32.771 [FXGL Background Thread 3 ] DEBUG Engine               - enabledMenuItems: []
17:23:32.771 [FXGL Background Thread 3 ] DEBUG Engine               - engineServices: [class com.almasb.fxgl.app.services.FXGLAssetLoaderService, class com.almasb.fxgl.app.FXGLApplication$GameApplicationService, class com.almasb.fxgl.app.services.FXGLDialogService, class com.almasb.fxgl.app.services.IOTaskExecutorService, class com.almasb.fxgl.io.FileSystemService, class com.almasb.fxgl.localization.LocalizationService, class com.almasb.fxgl.app.services.SystemBundleService, class com.almasb.fxgl.profile.SaveLoadService, class com.almasb.fxgl.ui.FXGLUIFactoryServiceProvider, class com.almasb.fxgl.ui.FXGLDialogFactoryServiceProvider, class com.almasb.fxgl.audio.AudioPlayer, class com.almasb.fxgl.notification.impl.NotificationServiceProvider, class com.almasb.fxgl.achievement.AchievementService, class com.almasb.fxgl.cutscene.CutsceneService, class com.almasb.fxgl.minigames.MiniGameService, class com.almasb.fxgl.net.NetService, class com.almasb.fxgl.app.services.UpdaterService, class com.almasb.fxgl.dev.DevService]
17:23:32.771 [FXGL Background Thread 3 ] DEBUG Engine               - fontGame: Abel-Regular.ttf
17:23:32.772 [FXGL Background Thread 3 ] DEBUG Engine               - fontMono: TerminalLandMono-Regular.otf
17:23:32.772 [FXGL Background Thread 3 ] DEBUG Engine               - fontText: Courier-Prime.ttf
17:23:32.773 [FXGL Background Thread 3 ] DEBUG Engine               - fontUI: VarelaRound-Regular.ttf
17:23:32.774 [FXGL Background Thread 3 ] DEBUG Engine               - fullScreen: BooleanProperty [value: false]
17:23:32.775 [FXGL Background Thread 3 ] DEBUG Engine               - gameDifficulty: MEDIUM
17:23:32.775 [FXGL Background Thread 3 ] DEBUG Engine               - gameDifficultyProperty: ObjectProperty [value: MEDIUM]
17:23:32.775 [FXGL Background Thread 3 ] DEBUG Engine               - globalMusicVolume: 0.5
17:23:32.775 [FXGL Background Thread 3 ] DEBUG Engine               - globalMusicVolumeProperty: DoubleProperty [value: 0.5]
17:23:32.775 [FXGL Background Thread 3 ] DEBUG Engine               - globalSoundVolume: 0.5
17:23:32.775 [FXGL Background Thread 3 ] DEBUG Engine               - globalSoundVolumeProperty: DoubleProperty [value: 0.5]
17:23:32.775 [FXGL Background Thread 3 ] DEBUG Engine               - height: 600
17:23:32.775 [FXGL Background Thread 3 ] DEBUG Engine               - is3D: false
17:23:32.775 [FXGL Background Thread 3 ] DEBUG Engine               - isAndroid: false
17:23:32.775 [FXGL Background Thread 3 ] DEBUG Engine               - isBrowser: false
17:23:32.775 [FXGL Background Thread 3 ] DEBUG Engine               - isClickFeedbackEnabled: false
17:23:32.776 [FXGL Background Thread 3 ] DEBUG Engine               - isCloseConfirmation: false
17:23:32.776 [FXGL Background Thread 3 ] DEBUG Engine               - isDesktop: true
17:23:32.776 [FXGL Background Thread 3 ] DEBUG Engine               - isDeveloperMenuEnabled: false
17:23:32.776 [FXGL Background Thread 3 ] DEBUG Engine               - isEmbedded: false
17:23:32.776 [FXGL Background Thread 3 ] DEBUG Engine               - isEntityPreloadEnabled: true
17:23:32.776 [FXGL Background Thread 3 ] DEBUG Engine               - isExperimentalTiledLargeMap: false
17:23:32.776 [FXGL Background Thread 3 ] DEBUG Engine               - isFileSystemWriteAllowed: true
17:23:32.776 [FXGL Background Thread 3 ] DEBUG Engine               - isFullScreenAllowed: false
17:23:32.776 [FXGL Background Thread 3 ] DEBUG Engine               - isFullScreenFromStart: false
17:23:32.776 [FXGL Background Thread 3 ] DEBUG Engine               - isGameMenuEnabled: true
17:23:32.776 [FXGL Background Thread 3 ] DEBUG Engine               - isIOS: false
17:23:32.776 [FXGL Background Thread 3 ] DEBUG Engine               - isIntroEnabled: false
17:23:32.777 [FXGL Background Thread 3 ] DEBUG Engine               - isLinux: true
17:23:32.777 [FXGL Background Thread 3 ] DEBUG Engine               - isMac: false
17:23:32.777 [FXGL Background Thread 3 ] DEBUG Engine               - isMainMenuEnabled: false
17:23:32.777 [FXGL Background Thread 3 ] DEBUG Engine               - isManualResizeEnabled: false
17:23:32.777 [FXGL Background Thread 3 ] DEBUG Engine               - isMobile: false
17:23:32.777 [FXGL Background Thread 3 ] DEBUG Engine               - isNative: false
17:23:32.777 [FXGL Background Thread 3 ] DEBUG Engine               - isPauseMusicWhenMinimized: true
17:23:32.777 [FXGL Background Thread 3 ] DEBUG Engine               - isPreserveResizeRatio: false
17:23:32.777 [FXGL Background Thread 3 ] DEBUG Engine               - isProfilingEnabled: false
17:23:32.777 [FXGL Background Thread 3 ] DEBUG Engine               - isScaleAffectedOnResize: true
17:23:32.777 [FXGL Background Thread 3 ] DEBUG Engine               - isSingleStep: false
17:23:32.777 [FXGL Background Thread 3 ] DEBUG Engine               - isUserProfileEnabled: false
17:23:32.777 [FXGL Background Thread 3 ] DEBUG Engine               - isWindows: false
17:23:32.777 [FXGL Background Thread 3 ] DEBUG Engine               - language: ObjectProperty [value: ENGLISH]
17:23:32.778 [FXGL Background Thread 3 ] DEBUG Engine               - menuKey: ESCAPE
17:23:32.778 [FXGL Background Thread 3 ] DEBUG Engine               - mouseSensitivity: 0.2
17:23:32.778 [FXGL Background Thread 3 ] DEBUG Engine               - notificationViewClass: class com.almasb.fxgl.notification.view.XboxNotificationView
17:23:32.778 [FXGL Background Thread 3 ] DEBUG Engine               - pixelsPerMeter: 50.0
17:23:32.778 [FXGL Background Thread 3 ] DEBUG Engine               - platform: LINUX
17:23:32.778 [FXGL Background Thread 3 ] DEBUG Engine               - prefHeightProperty: ReadOnlyDoubleProperty [value: 600.0]
17:23:32.778 [FXGL Background Thread 3 ] DEBUG Engine               - prefWidthProperty: ReadOnlyDoubleProperty [value: 600.0]
17:23:32.778 [FXGL Background Thread 3 ] DEBUG Engine               - profileDir: profiles/
17:23:32.778 [FXGL Background Thread 3 ] DEBUG Engine               - profileName: StringProperty [value: DEFAULT]
17:23:32.778 [FXGL Background Thread 3 ] DEBUG Engine               - randomSeed: -1
17:23:32.779 [FXGL Background Thread 3 ] DEBUG Engine               - runtimeInfo: RuntimeInfo(platform=LINUX, version=17.2, build=20.08.2022 16.50)
17:23:32.779 [FXGL Background Thread 3 ] DEBUG Engine               - saveFileExt: sav
17:23:32.779 [FXGL Background Thread 3 ] DEBUG Engine               - scaledHeightProp$fxgl: DoubleProperty [bound, value: 608.0]
17:23:32.779 [FXGL Background Thread 3 ] DEBUG Engine               - scaledWidthProp$fxgl: DoubleProperty [bound, value: 598.0]
17:23:32.779 [FXGL Background Thread 3 ] DEBUG Engine               - sceneFactory: com.almasb.fxgl.app.scene.SceneFactory@6538921e
17:23:32.779 [FXGL Background Thread 3 ] DEBUG Engine               - secondsIn24h: 60
17:23:32.779 [FXGL Background Thread 3 ] DEBUG Engine               - soundMenuBack: menu/back.wav
17:23:32.779 [FXGL Background Thread 3 ] DEBUG Engine               - soundMenuPress: menu/press.wav
17:23:32.779 [FXGL Background Thread 3 ] DEBUG Engine               - soundMenuSelect: menu/select.wav
17:23:32.779 [FXGL Background Thread 3 ] DEBUG Engine               - soundNotification: core/notification.wav
17:23:32.779 [FXGL Background Thread 3 ] DEBUG Engine               - stageStyle: DECORATED
17:23:32.779 [FXGL Background Thread 3 ] DEBUG Engine               - supportedLanguages: [ENGLISH, FRENCH, GERMAN, HUNGARIAN, RUSSIAN]
17:23:32.780 [FXGL Background Thread 3 ] DEBUG Engine               - ticksPerSecond: -1
17:23:32.780 [FXGL Background Thread 3 ] DEBUG Engine               - title: Game
17:23:32.780 [FXGL Background Thread 3 ] DEBUG Engine               - urlGithub: https://github.com/AlmasB/FXGL
17:23:32.780 [FXGL Background Thread 3 ] DEBUG Engine               - urlLeaderboard: http://fxgl-top.herokuapp.com/
17:23:32.780 [FXGL Background Thread 3 ] DEBUG Engine               - urlPOM: https://raw.githubusercontent.com/AlmasB/FXGL/release/README.md
17:23:32.780 [FXGL Background Thread 3 ] DEBUG Engine               - userAppClass: class nsu.GameApp
17:23:32.780 [FXGL Background Thread 3 ] DEBUG Engine               - version: 0.0
17:23:32.780 [FXGL Background Thread 3 ] DEBUG Engine               - versionCheckDays: 7
17:23:32.780 [FXGL Background Thread 3 ] DEBUG Engine               - width: 600
17:23:32.780 [FXGL Background Thread 3 ] DEBUG Engine               - Logging services
17:23:32.780 [FXGL Background Thread 3 ] DEBUG Engine               - class com.almasb.fxgl.app.services.FXGLAssetLoaderService
17:23:32.780 [FXGL Background Thread 3 ] DEBUG Engine               - class com.almasb.fxgl.app.FXGLApplication$GameApplicationService
17:23:32.780 [FXGL Background Thread 3 ] DEBUG Engine               - class com.almasb.fxgl.app.services.FXGLDialogService
17:23:32.780 [FXGL Background Thread 3 ] DEBUG Engine               - class com.almasb.fxgl.app.services.IOTaskExecutorService
17:23:32.780 [FXGL Background Thread 3 ] DEBUG Engine               - class com.almasb.fxgl.io.FileSystemService
17:23:32.780 [FXGL Background Thread 3 ] DEBUG Engine               - class com.almasb.fxgl.localization.LocalizationService
17:23:32.781 [FXGL Background Thread 3 ] DEBUG Engine               - class com.almasb.fxgl.app.services.SystemBundleService
17:23:32.781 [FXGL Background Thread 3 ] DEBUG Engine               - class com.almasb.fxgl.profile.SaveLoadService
17:23:32.781 [FXGL Background Thread 3 ] DEBUG Engine               - class com.almasb.fxgl.ui.FXGLUIFactoryServiceProvider
17:23:32.781 [FXGL Background Thread 3 ] DEBUG Engine               - class com.almasb.fxgl.ui.FXGLDialogFactoryServiceProvider
17:23:32.781 [FXGL Background Thread 3 ] DEBUG Engine               - class com.almasb.fxgl.audio.AudioPlayer
17:23:32.781 [FXGL Background Thread 3 ] DEBUG Engine               - class com.almasb.fxgl.notification.impl.NotificationServiceProvider
17:23:32.781 [FXGL Background Thread 3 ] DEBUG Engine               - class com.almasb.fxgl.achievement.AchievementService
17:23:32.781 [FXGL Background Thread 3 ] DEBUG Engine               - class com.almasb.fxgl.cutscene.CutsceneService
17:23:32.781 [FXGL Background Thread 3 ] DEBUG Engine               - class com.almasb.fxgl.minigames.MiniGameService
17:23:32.781 [FXGL Background Thread 3 ] DEBUG Engine               - class com.almasb.fxgl.net.NetService
17:23:32.781 [FXGL Background Thread 3 ] DEBUG Engine               - class com.almasb.fxgl.app.services.UpdaterService
17:23:32.781 [FXGL Background Thread 3 ] DEBUG Engine               - class com.almasb.fxgl.dev.DevService
17:23:39.985 [JavaFX Application Thread] DEBUG PrimaryStageWindow   - Push state: DialogSubScene
17:23:39.986 [JavaFX Application Thread] DEBUG Input                - Clearing active input actions
17:23:39.991 [JavaFX Application Thread] DEBUG GameApplicationServi - Removing overlay from GameScene and adding to DialogSubScene
17:23:39.991 [JavaFX Application Thread] DEBUG PrimaryStageWindow   - GameScene -> DialogSubScene
17:23:39.993 [JavaFX Application Thread] DEBUG FXGLAssetLoaderServi - Loading from file system: file:/home/oksana/IdeaProjects/tutorial/build/resources/main/assets/textures/background2.png
17:23:41.905 [JavaFX Application Thread] DEBUG PrimaryStageWindow   - Pop state: DialogSubScene
17:23:41.905 [JavaFX Application Thread] DEBUG Input                - Clearing active input actions
17:23:41.907 [JavaFX Application Thread] DEBUG GameApplicationServi - Removing overlay from DialogSubScene and adding to GameScene
17:23:41.907 [JavaFX Application Thread] DEBUG PrimaryStageWindow   - GameScene <- DialogSubScene
17:23:58.091 [JavaFX Application Thread] DEBUG PrimaryStageWindow   - Push state: DialogSubScene
17:23:58.091 [JavaFX Application Thread] DEBUG Input                - Clearing active input actions
17:23:58.092 [JavaFX Application Thread] DEBUG GameApplicationServi - Removing overlay from GameScene and adding to DialogSubScene
17:23:58.092 [JavaFX Application Thread] DEBUG PrimaryStageWindow   - GameScene -> DialogSubScene
17:23:58.095 [JavaFX Application Thread] DEBUG LoopRunner           - Stopping loop
17:23:58.098 [JavaFX Application Thread] FATAL FXGLApplication      - Uncaught Exception:
java.lang.NullPointerException: Cannot invoke "nsu.LevelManager$Level.loadLevel()" because the return value of "java.util.Map.get(Object)" is null
	at nsu.LevelManager.loadGame(LevelManager.java:62)
	at nsu.LevelManager.EndLevel(LevelManager.java:67)
	at nsu.GameApp.onUpdate(GameApp.java:58)
	at com.almasb.fxgl.app.FXGLApplication$GameApplicationService.onGameUpdate(FXGLApplication.kt:421)
	at com.almasb.fxgl.app.Engine.onGameUpdate(Engine.kt:138)
	at com.almasb.fxgl.app.FXGLApplication.postServicesInit$lambda-7(FXGLApplication.kt:182)
	at com.almasb.fxgl.scene.Scene.update(Scene.kt:113)
	at com.almasb.fxgl.app.MainWindow$update$1.invoke(MainWindow.kt:115)
	at com.almasb.fxgl.app.MainWindow$update$1.invoke(MainWindow.kt:115)
	at com.almasb.fxgl.core.fsm.StateMachine.runOnActiveStates(StateMachine.kt:69)
	at com.almasb.fxgl.app.MainWindow.update(MainWindow.kt:115)
	at com.almasb.fxgl.app.FXGLApplication$GameApplicationService.onUpdate(FXGLApplication.kt:426)
	at com.almasb.fxgl.app.Engine.loop(Engine.kt:134)
	at com.almasb.fxgl.app.Engine.access$loop(Engine.kt:24)
	at com.almasb.fxgl.app.Engine$loop$1.invoke(Engine.kt:28)
	at com.almasb.fxgl.app.Engine$loop$1.invoke(Engine.kt:28)
	at com.almasb.fxgl.app.LoopRunner.frame(LoopRunner.kt:103)
	at com.almasb.fxgl.app.LoopRunner.access$frame(LoopRunner.kt:23)
	at com.almasb.fxgl.app.LoopRunner$impl$2$1.onTick(LoopRunner.kt:57)
	at com.almasb.fxgl.app.AnimationTimerLoop$timer$1.handle(LoopRunner.kt:137)
	at javafx.animation.AnimationTimer$AnimationTimerReceiver.lambda$handle$0(AnimationTimer.java:58)
	at java.base/java.security.AccessController.doPrivileged(AccessController.java:400)
	at javafx.animation.AnimationTimer$AnimationTimerReceiver.handle(AnimationTimer.java:57)
	at com.sun.scenario.animation.AbstractPrimaryTimer.timePulseImpl(AbstractPrimaryTimer.java:356)
	at com.sun.scenario.animation.AbstractPrimaryTimer$MainLoop.run(AbstractPrimaryTimer.java:266)
	at com.sun.javafx.tk.quantum.QuantumToolkit.pulse(QuantumToolkit.java:571)
	at com.sun.javafx.tk.quantum.QuantumToolkit.pulse(QuantumToolkit.java:555)
	at com.sun.javafx.tk.quantum.QuantumToolkit.pulseFromQueue(QuantumToolkit.java:548)
	at com.sun.javafx.tk.quantum.QuantumToolkit.lambda$runToolkit$11(QuantumToolkit.java:352)
	at com.sun.glass.ui.InvokeLaterDispatcher$Future.run(InvokeLaterDispatcher.java:96)
	at com.sun.glass.ui.gtk.GtkApplication._runLoop(Native Method)
	at com.sun.glass.ui.gtk.GtkApplication.lambda$runLoop$11(GtkApplication.java:316)
	at java.base/java.lang.Thread.run(Thread.java:1575)

17:23:58.098 [JavaFX Application Thread] FATAL FXGLApplication      - Application will now exit
17:23:58.145 [JavaFX Application Thread] DEBUG PrimaryStageWindow   - Push state: ErrorSubScene
17:23:58.146 [JavaFX Application Thread] DEBUG Input                - Clearing active input actions
17:23:58.152 [JavaFX Application Thread] DEBUG GameApplicationServi - Removing overlay from DialogSubScene and adding to ErrorSubScene
17:23:58.153 [JavaFX Application Thread] DEBUG PrimaryStageWindow   - DialogSubScene -> ErrorSubScene
17:24:00.472 [JavaFX Application Thread] DEBUG FXGLApplication      - Exiting FXGL
17:24:00.472 [JavaFX Application Thread] DEBUG Async                - Shutting down background threads
17:24:00.473 [JavaFX Application Thread] DEBUG PrimaryStageWindow   - Closing main window
17:24:00.480 [JavaFX Application Thread] DEBUG Logger               - Closing Logger
