21:15:09.940 [main                     ] DEBUG Logger               - Configured Logger
21:15:10.006 [main                     ] DEBUG GameApplication      - Logging settings
Title: Game
Version: 0.0
Width: 600
Height: 580
Fullscreen: false
Intro: false
Profiling: false
Single step:false
App Mode: DEVELOPER
Menu Key: ESCAPE
Stage Style: DECORATED
Scene Factory: class com.almasb.fxgl.app.scene.SceneFactory

21:15:10.621 [JavaFX Application Thread] DEBUG FXGLApplication      - Initializing FXGL
21:15:10.630 [JavaFX Application Thread] INFO  Engine               - FXGL-17.2 (20.08.2022 16.50) on LINUX (J:23.0.2 FX:18)
21:15:10.631 [JavaFX Application Thread] DEBUG Engine               - JRE Vendor Name: Oracle Corporation
21:15:10.631 [JavaFX Application Thread] DEBUG Engine               - Running on OS: Linux version 6.8.0-58-generic
21:15:10.631 [JavaFX Application Thread] DEBUG Engine               - Architecture: amd64
21:15:10.631 [JavaFX Application Thread] INFO  Engine               - Source code and latest versions at: https://github.com/AlmasB/FXGL
21:15:10.632 [JavaFX Application Thread] INFO  Engine               -       Ask questions and discuss at: https://github.com/AlmasB/FXGL/discussions
21:15:10.632 [JavaFX Application Thread] INFO  Engine               -              Join the FXGL chat at: https://gitter.im/AlmasB/FXGL
21:15:10.796 [JavaFX Application Thread] DEBUG PrimaryStageWindow   - Creating a JavaFX scene
21:15:10.938 [JavaFX Application Thread] DEBUG PrimaryStageWindow   - Target settings size: 600.0 x 580.0
21:15:10.938 [JavaFX Application Thread] DEBUG PrimaryStageWindow   - Scaled scene size:    600.0 x 580.0
21:15:10.939 [JavaFX Application Thread] DEBUG PrimaryStageWindow   - Scaled ratio: (1.0, 1.0)
21:15:10.942 [JavaFX Application Thread] DEBUG PrimaryStageWindow   - Set initial scene to FXGLStartupScene
21:15:10.961 [JavaFX Application Thread] DEBUG PrimaryStageWindow   - Opening main window
21:15:11.052 [JavaFX Application Thread] DEBUG PrimaryStageWindow   - Window border size: (2.0, 29.0)
21:15:11.053 [JavaFX Application Thread] DEBUG PrimaryStageWindow   - Scaled size: 600.0 x 580.0
21:15:11.053 [JavaFX Application Thread] DEBUG PrimaryStageWindow   - Scaled ratio: (1.0, 1.0)
21:15:11.054 [JavaFX Application Thread] DEBUG PrimaryStageWindow   - Scene size: 600.0 x 580.0
21:15:11.055 [JavaFX Application Thread] DEBUG PrimaryStageWindow   - Stage size: 602.0 x 609.0
21:15:11.074 [FXGL Background Thread 1 ] DEBUG Engine               - Initializing environment variables
21:15:11.276 [FXGL Background Thread 1 ] DEBUG FXGLAssetLoaderServi - User app class for loading assets: class nsu.GameApp
21:15:11.277 [FXGL Background Thread 1 ] DEBUG GameApplicationServi - Applying CSS: fxgl_dark.css
21:15:11.279 [FXGL Background Thread 1 ] DEBUG FXGLAssetLoaderServi - Loading from file system: jar:file:/home/oksana/.gradle/caches/modules-2/files-2.1/com.github.almasb/fxgl/17.2/35db6ae960eec2dcfd19262d3b7f9c42f0e95bc3/fxgl-17.2.jar!/fxglassets/ui/css/fxgl_dark.css
21:15:11.365 [FXGL Background Thread 1 ] DEBUG GameApplicationServi - Initializing application scenes
21:15:11.589 [FXGL Background Thread 1 ] DEBUG GameWorld            - Game world initialized
21:15:11.789 [FXGL Background Thread 1 ] DEBUG PhysicsWorld         - Physics world initialized: appHeight=580, physics.ppm=50.0
21:15:11.790 [FXGL Background Thread 1 ] DEBUG PhysicsWorld         - Using strategy: BRUTE_FORCE
21:15:11.809 [FXGL Background Thread 1 ] DEBUG GameScene            - Game scene initialized: 600x580
21:15:11.842 [FXGL Background Thread 1 ] WARN  FXGL.DefaultMenu     - FXGLDefaultMenu is not designed for resolutions < 800x600
21:15:11.843 [FXGL Background Thread 1 ] DEBUG FXGL.DefaultMenu     - createMenuBodyGameMenu()
21:15:11.873 [FXGL Background Thread 1 ] DEBUG FXGL.DefaultMenu     - createOptionsMenu()
21:15:11.902 [FXGL Background Thread 1 ] DEBUG FXGLAssetLoaderServi - Loading from file system: jar:file:/home/oksana/.gradle/caches/modules-2/files-2.1/com.github.almasb/fxgl/17.2/35db6ae960eec2dcfd19262d3b7f9c42f0e95bc3/fxgl-17.2.jar!/fxglassets/textures/particles/smoke.png
21:15:12.130 [FXGL Background Thread 1 ] DEBUG FXGLAssetLoaderServi - Loading from file system: jar:file:/home/oksana/.gradle/caches/modules-2/files-2.1/com.github.almasb/fxgl/17.2/35db6ae960eec2dcfd19262d3b7f9c42f0e95bc3/fxgl-17.2.jar!/fxglassets/textures/particles/trace_horizontal.png
21:15:12.181 [FXGL Background Thread 1 ] DEBUG GameApplicationServi - Application scenes initialized
21:15:12.208 [FXGL Background Thread 1 ] DEBUG SystemBundleService  - Loading FXGL system data
21:15:12.217 [FXGL Background Thread 1 ] DEBUG FileSystemAccess     - Reading from: /home/oksana/IdeaProjects/tutorial/system/fxgl.bundle
21:15:12.229 [FXGL Background Thread 1 ] DEBUG SystemBundleService  - Bundle FXGL: {}
21:15:12.229 [FXGL Background Thread 1 ] DEBUG UpdaterService       - Checking for updates
21:15:12.237 [FXGL Background Thread 4 ] DEBUG FXGLApplication      - Loading fonts
21:15:12.239 [FXGL Background Thread 4 ] DEBUG FXGLAssetLoaderServi - Loading from file system: jar:file:/home/oksana/.gradle/caches/modules-2/files-2.1/com.github.almasb/fxgl/17.2/35db6ae960eec2dcfd19262d3b7f9c42f0e95bc3/fxgl-17.2.jar!/fxglassets/ui/fonts/VarelaRound-Regular.ttf
21:15:12.239 [FXGL Background Thread 1 ] DEBUG FXGLApplication      - Loading default localization
21:15:12.240 [FXGL Background Thread 1 ] DEBUG FXGLAssetLoaderServi - Loading from file system: jar:file:/home/oksana/.gradle/caches/modules-2/files-2.1/com.github.almasb/fxgl/17.2/35db6ae960eec2dcfd19262d3b7f9c42f0e95bc3/fxgl-17.2.jar!/fxglassets/languages/english.lang
21:15:12.280 [FXGL Background Thread 1 ] INFO  FXGLApplication      - FXGL initialization took: 1.205 sec
21:15:12.290 [FXGL Background Thread 4 ] DEBUG FXGLAssetLoaderServi - Loading from file system: jar:file:/home/oksana/.gradle/caches/modules-2/files-2.1/com.github.almasb/fxgl/17.2/35db6ae960eec2dcfd19262d3b7f9c42f0e95bc3/fxgl-17.2.jar!/fxglassets/ui/fonts/Abel-Regular.ttf
21:15:12.297 [FXGL Background Thread 4 ] DEBUG FXGLAssetLoaderServi - Loading from file system: jar:file:/home/oksana/.gradle/caches/modules-2/files-2.1/com.github.almasb/fxgl/17.2/35db6ae960eec2dcfd19262d3b7f9c42f0e95bc3/fxgl-17.2.jar!/fxglassets/ui/fonts/TerminalLandMono-Regular.otf
21:15:12.304 [JavaFX Application Thread] DEBUG Input                - Registered new binding: Move Right - D
21:15:12.306 [JavaFX Application Thread] DEBUG Input                - Registered new binding: Move Left - A
21:15:12.307 [JavaFX Application Thread] DEBUG Input                - Registered new binding: Jump - W
21:15:12.307 [JavaFX Application Thread] DEBUG Input                - Registered new binding: Shot - Space
21:15:12.308 [JavaFX Application Thread] DEBUG FXGLAssetLoaderServi - Loading from file system: jar:file:/home/oksana/.gradle/caches/modules-2/files-2.1/com.github.almasb/fxgl/17.2/35db6ae960eec2dcfd19262d3b7f9c42f0e95bc3/fxgl-17.2.jar!/fxglassets/textures/fxgl_icon.png
21:15:12.308 [FXGL Background Thread 4 ] DEBUG FXGLAssetLoaderServi - Loading from file system: jar:file:/home/oksana/.gradle/caches/modules-2/files-2.1/com.github.almasb/fxgl/17.2/35db6ae960eec2dcfd19262d3b7f9c42f0e95bc3/fxgl-17.2.jar!/fxglassets/ui/fonts/Courier-Prime.ttf
21:15:12.395 [JavaFX Application Thread] DEBUG FXGLAssetLoaderServi - Loading from file system: jar:file:/home/oksana/.gradle/caches/modules-2/files-2.1/com.github.almasb/fxgl/17.2/35db6ae960eec2dcfd19262d3b7f9c42f0e95bc3/fxgl-17.2.jar!/fxglassets/textures/fxgl_default_cursor.png
21:15:12.399 [JavaFX Application Thread] DEBUG Input                - Registered new binding: Screenshot - CTRL+8
21:15:12.400 [JavaFX Application Thread] DEBUG Input                - Registered new binding: System info dump - CTRL+9
21:15:12.402 [JavaFX Application Thread] DEBUG Input                - Registered new binding: Restart - CTRL+R
21:15:12.405 [JavaFX Application Thread] DEBUG Input                - Registered new binding: Toggle Debug Camera - CTRL+7
21:15:12.412 [JavaFX Application Thread] DEBUG LoopRunner           - Starting loop
21:15:12.413 [JavaFX Application Thread] DEBUG LoopRunner           - Initializing JavaFX AnimationTimerLoop
21:15:12.419 [JavaFX Application Thread] DEBUG GameApplicationServi - Starting new game
21:15:12.420 [JavaFX Application Thread] DEBUG Input                - Clearing active input actions
21:15:12.451 [JavaFX Application Thread] DEBUG GameApplicationServi - Removing overlay from FXGLStartupScene and adding to FXGLLoadingScene
21:15:12.452 [JavaFX Application Thread] DEBUG PrimaryStageWindow   - FXGLStartupScene -> FXGLLoadingScene
21:15:12.452 [JavaFX Application Thread] DEBUG GameApplicationServi - Clearing previous game
21:15:12.453 [JavaFX Application Thread] DEBUG GameScene            - Clearing game scene
21:15:12.453 [JavaFX Application Thread] DEBUG GameWorld            - Clearing game world
21:15:12.453 [JavaFX Application Thread] DEBUG PhysicsWorld         - Clearing physics world
21:15:12.457 [FXGL Background Thread 4 ] DEBUG FXGLApplication      - Initializing game
21:15:12.496 [JavaFX Application Thread] DEBUG FXGLApplication      - Registering font factories with UI factory
21:15:12.520 [FXGL Background Thread 4 ] DEBUG FXGLAssetLoaderServi - Loading from file system: file:/home/oksana/IdeaProjects/tutorial/build/resources/main/assets/textures/back2.jpg
21:15:12.630 [FXGL Background Thread 4 ] DEBUG FXGLAssetLoaderServi - Loading from file system: file:/home/oksana/IdeaProjects/tutorial/build/resources/main/assets/textures/block1.png
21:15:12.760 [FXGL Background Thread 4 ] DEBUG FXGLAssetLoaderServi - Loading from file system: file:/home/oksana/IdeaProjects/tutorial/build/resources/main/assets/textures/block1.png
21:15:12.774 [FXGL Background Thread 4 ] DEBUG FXGLAssetLoaderServi - Loading from file system: file:/home/oksana/IdeaProjects/tutorial/build/resources/main/assets/textures/block1.png
21:15:12.788 [FXGL Background Thread 4 ] DEBUG FXGLAssetLoaderServi - Loading from file system: file:/home/oksana/IdeaProjects/tutorial/build/resources/main/assets/textures/coin.png
21:15:12.800 [FXGL Background Thread 4 ] DEBUG FXGLAssetLoaderServi - Loading from file system: file:/home/oksana/IdeaProjects/tutorial/build/resources/main/assets/textures/right_enemy.png
21:15:12.813 [FXGL Background Thread 4 ] DEBUG FXGLAssetLoaderServi - Loading from file system: file:/home/oksana/IdeaProjects/tutorial/build/resources/main/assets/textures/right_smart_enemy.png
21:15:12.831 [FXGL Background Thread 4 ] DEBUG FXGLAssetLoaderServi - Loading from file system: file:/home/oksana/IdeaProjects/tutorial/build/resources/main/assets/textures/right_player.png
21:15:12.868 [FXGL Background Thread 4 ] INFO  FXGLApplication      - Game initialization took: 0.411 sec
21:15:12.874 [JavaFX Application Thread] DEBUG Input                - Clearing active input actions
21:15:12.901 [JavaFX Application Thread] DEBUG GameApplicationServi - Removing overlay from FXGLLoadingScene and adding to GameScene
21:15:12.902 [JavaFX Application Thread] DEBUG PrimaryStageWindow   - FXGLLoadingScene -> GameScene
21:15:14.257 [FXGL Background Thread 2 ] INFO  UpdaterService       - Your current version:  17.2
21:15:14.257 [FXGL Background Thread 2 ] INFO  UpdaterService       - Latest stable version: 21.1
21:15:15.234 [FXGL Background Thread 3 ] DEBUG Engine               - Logging environment variables
21:15:15.236 [FXGL Background Thread 3 ] DEBUG Engine               - achievements: []
21:15:15.236 [FXGL Background Thread 3 ] DEBUG Engine               - actualHeight: 588.0
21:15:15.237 [FXGL Background Thread 3 ] DEBUG Engine               - actualHeightProperty: ReadOnlyDoubleProperty [value: 588.0]
21:15:15.237 [FXGL Background Thread 3 ] DEBUG Engine               - actualWidth: 598.0
21:15:15.237 [FXGL Background Thread 3 ] DEBUG Engine               - actualWidthProperty: ReadOnlyDoubleProperty [value: 598.0]
21:15:15.238 [FXGL Background Thread 3 ] DEBUG Engine               - appIcon: fxgl_icon.png
21:15:15.238 [FXGL Background Thread 3 ] DEBUG Engine               - applicationMode: DEVELOPER
21:15:15.238 [FXGL Background Thread 3 ] DEBUG Engine               - cSSList: [fxgl_dark.css]
21:15:15.238 [FXGL Background Thread 3 ] DEBUG Engine               - collisionDetectionStrategy: BRUTE_FORCE
21:15:15.238 [FXGL Background Thread 3 ] DEBUG Engine               - configClass: Optional.empty
21:15:15.238 [FXGL Background Thread 3 ] DEBUG Engine               - credits: []
21:15:15.239 [FXGL Background Thread 3 ] DEBUG Engine               - defaultCursor: CursorInfo(imageName=fxgl_default_cursor.png, hotspotX=7.0, hotspotY=6.0)
21:15:15.240 [FXGL Background Thread 3 ] DEBUG Engine               - devBBoxColorProperty: ObjectProperty [value: 0xff0000ff]
21:15:15.241 [FXGL Background Thread 3 ] DEBUG Engine               - devEnableDebugCameraProperty: BooleanProperty [value: false]
21:15:15.241 [FXGL Background Thread 3 ] DEBUG Engine               - devSensorColorProperty: ObjectProperty [value: 0xffff00ff]
21:15:15.241 [FXGL Background Thread 3 ] DEBUG Engine               - devShowBBoxProperty: BooleanProperty [value: false]
21:15:15.242 [FXGL Background Thread 3 ] DEBUG Engine               - devShowPositionProperty: BooleanProperty [value: false]
21:15:15.242 [FXGL Background Thread 3 ] DEBUG Engine               - enabledMenuItems: []
21:15:15.242 [FXGL Background Thread 3 ] DEBUG Engine               - engineServices: [class com.almasb.fxgl.app.services.FXGLAssetLoaderService, class com.almasb.fxgl.app.FXGLApplication$GameApplicationService, class com.almasb.fxgl.app.services.FXGLDialogService, class com.almasb.fxgl.app.services.IOTaskExecutorService, class com.almasb.fxgl.io.FileSystemService, class com.almasb.fxgl.localization.LocalizationService, class com.almasb.fxgl.app.services.SystemBundleService, class com.almasb.fxgl.profile.SaveLoadService, class com.almasb.fxgl.ui.FXGLUIFactoryServiceProvider, class com.almasb.fxgl.ui.FXGLDialogFactoryServiceProvider, class com.almasb.fxgl.audio.AudioPlayer, class com.almasb.fxgl.notification.impl.NotificationServiceProvider, class com.almasb.fxgl.achievement.AchievementService, class com.almasb.fxgl.cutscene.CutsceneService, class com.almasb.fxgl.minigames.MiniGameService, class com.almasb.fxgl.net.NetService, class com.almasb.fxgl.app.services.UpdaterService, class com.almasb.fxgl.dev.DevService]
21:15:15.242 [FXGL Background Thread 3 ] DEBUG Engine               - fontGame: Abel-Regular.ttf
21:15:15.242 [FXGL Background Thread 3 ] DEBUG Engine               - fontMono: TerminalLandMono-Regular.otf
21:15:15.242 [FXGL Background Thread 3 ] DEBUG Engine               - fontText: Courier-Prime.ttf
21:15:15.242 [FXGL Background Thread 3 ] DEBUG Engine               - fontUI: VarelaRound-Regular.ttf
21:15:15.243 [FXGL Background Thread 3 ] DEBUG Engine               - fullScreen: BooleanProperty [value: false]
21:15:15.243 [FXGL Background Thread 3 ] DEBUG Engine               - gameDifficulty: MEDIUM
21:15:15.243 [FXGL Background Thread 3 ] DEBUG Engine               - gameDifficultyProperty: ObjectProperty [value: MEDIUM]
21:15:15.243 [FXGL Background Thread 3 ] DEBUG Engine               - globalMusicVolume: 0.5
21:15:15.243 [FXGL Background Thread 3 ] DEBUG Engine               - globalMusicVolumeProperty: DoubleProperty [value: 0.5]
21:15:15.244 [FXGL Background Thread 3 ] DEBUG Engine               - globalSoundVolume: 0.5
21:15:15.244 [FXGL Background Thread 3 ] DEBUG Engine               - globalSoundVolumeProperty: DoubleProperty [value: 0.5]
21:15:15.244 [FXGL Background Thread 3 ] DEBUG Engine               - height: 580
21:15:15.244 [FXGL Background Thread 3 ] DEBUG Engine               - is3D: false
21:15:15.244 [FXGL Background Thread 3 ] DEBUG Engine               - isAndroid: false
21:15:15.244 [FXGL Background Thread 3 ] DEBUG Engine               - isBrowser: false
21:15:15.245 [FXGL Background Thread 3 ] DEBUG Engine               - isClickFeedbackEnabled: false
21:15:15.245 [FXGL Background Thread 3 ] DEBUG Engine               - isCloseConfirmation: false
21:15:15.245 [FXGL Background Thread 3 ] DEBUG Engine               - isDesktop: true
21:15:15.245 [FXGL Background Thread 3 ] DEBUG Engine               - isDeveloperMenuEnabled: false
21:15:15.245 [FXGL Background Thread 3 ] DEBUG Engine               - isEmbedded: false
21:15:15.245 [FXGL Background Thread 3 ] DEBUG Engine               - isEntityPreloadEnabled: true
21:15:15.245 [FXGL Background Thread 3 ] DEBUG Engine               - isExperimentalTiledLargeMap: false
21:15:15.246 [FXGL Background Thread 3 ] DEBUG Engine               - isFileSystemWriteAllowed: true
21:15:15.246 [FXGL Background Thread 3 ] DEBUG Engine               - isFullScreenAllowed: false
21:15:15.246 [FXGL Background Thread 3 ] DEBUG Engine               - isFullScreenFromStart: false
21:15:15.246 [FXGL Background Thread 3 ] DEBUG Engine               - isGameMenuEnabled: true
21:15:15.246 [FXGL Background Thread 3 ] DEBUG Engine               - isIOS: false
21:15:15.246 [FXGL Background Thread 3 ] DEBUG Engine               - isIntroEnabled: false
21:15:15.246 [FXGL Background Thread 3 ] DEBUG Engine               - isLinux: true
21:15:15.246 [FXGL Background Thread 3 ] DEBUG Engine               - isMac: false
21:15:15.246 [FXGL Background Thread 3 ] DEBUG Engine               - isMainMenuEnabled: false
21:15:15.246 [FXGL Background Thread 3 ] DEBUG Engine               - isManualResizeEnabled: false
21:15:15.246 [FXGL Background Thread 3 ] DEBUG Engine               - isMobile: false
21:15:15.247 [FXGL Background Thread 3 ] DEBUG Engine               - isNative: false
21:15:15.247 [FXGL Background Thread 3 ] DEBUG Engine               - isPauseMusicWhenMinimized: true
21:15:15.247 [FXGL Background Thread 3 ] DEBUG Engine               - isPreserveResizeRatio: false
21:15:15.247 [FXGL Background Thread 3 ] DEBUG Engine               - isProfilingEnabled: false
21:15:15.247 [FXGL Background Thread 3 ] DEBUG Engine               - isScaleAffectedOnResize: true
21:15:15.247 [FXGL Background Thread 3 ] DEBUG Engine               - isSingleStep: false
21:15:15.247 [FXGL Background Thread 3 ] DEBUG Engine               - isUserProfileEnabled: false
21:15:15.247 [FXGL Background Thread 3 ] DEBUG Engine               - isWindows: false
21:15:15.247 [FXGL Background Thread 3 ] DEBUG Engine               - language: ObjectProperty [value: ENGLISH]
21:15:15.247 [FXGL Background Thread 3 ] DEBUG Engine               - menuKey: ESCAPE
21:15:15.248 [FXGL Background Thread 3 ] DEBUG Engine               - mouseSensitivity: 0.2
21:15:15.248 [FXGL Background Thread 3 ] DEBUG Engine               - notificationViewClass: class com.almasb.fxgl.notification.view.XboxNotificationView
21:15:15.248 [FXGL Background Thread 3 ] DEBUG Engine               - pixelsPerMeter: 50.0
21:15:15.248 [FXGL Background Thread 3 ] DEBUG Engine               - platform: LINUX
21:15:15.248 [FXGL Background Thread 3 ] DEBUG Engine               - prefHeightProperty: ReadOnlyDoubleProperty [value: 580.0]
21:15:15.248 [FXGL Background Thread 3 ] DEBUG Engine               - prefWidthProperty: ReadOnlyDoubleProperty [value: 600.0]
21:15:15.248 [FXGL Background Thread 3 ] DEBUG Engine               - profileDir: profiles/
21:15:15.248 [FXGL Background Thread 3 ] DEBUG Engine               - profileName: StringProperty [value: DEFAULT]
21:15:15.248 [FXGL Background Thread 3 ] DEBUG Engine               - randomSeed: -1
21:15:15.249 [FXGL Background Thread 3 ] DEBUG Engine               - runtimeInfo: RuntimeInfo(platform=LINUX, version=17.2, build=20.08.2022 16.50)
21:15:15.249 [FXGL Background Thread 3 ] DEBUG Engine               - saveFileExt: sav
21:15:15.250 [FXGL Background Thread 3 ] DEBUG Engine               - scaledHeightProp$fxgl: DoubleProperty [bound, value: 588.0]
21:15:15.250 [FXGL Background Thread 3 ] DEBUG Engine               - scaledWidthProp$fxgl: DoubleProperty [bound, value: 598.0]
21:15:15.250 [FXGL Background Thread 3 ] DEBUG Engine               - sceneFactory: com.almasb.fxgl.app.scene.SceneFactory@1b6273fc
21:15:15.250 [FXGL Background Thread 3 ] DEBUG Engine               - secondsIn24h: 60
21:15:15.250 [FXGL Background Thread 3 ] DEBUG Engine               - soundMenuBack: menu/back.wav
21:15:15.250 [FXGL Background Thread 3 ] DEBUG Engine               - soundMenuPress: menu/press.wav
21:15:15.250 [FXGL Background Thread 3 ] DEBUG Engine               - soundMenuSelect: menu/select.wav
21:15:15.250 [FXGL Background Thread 3 ] DEBUG Engine               - soundNotification: core/notification.wav
21:15:15.251 [FXGL Background Thread 3 ] DEBUG Engine               - stageStyle: DECORATED
21:15:15.251 [FXGL Background Thread 3 ] DEBUG Engine               - supportedLanguages: [ENGLISH, FRENCH, GERMAN, HUNGARIAN, RUSSIAN]
21:15:15.251 [FXGL Background Thread 3 ] DEBUG Engine               - ticksPerSecond: -1
21:15:15.251 [FXGL Background Thread 3 ] DEBUG Engine               - title: Game
21:15:15.251 [FXGL Background Thread 3 ] DEBUG Engine               - urlGithub: https://github.com/AlmasB/FXGL
21:15:15.251 [FXGL Background Thread 3 ] DEBUG Engine               - urlLeaderboard: http://fxgl-top.herokuapp.com/
21:15:15.251 [FXGL Background Thread 3 ] DEBUG Engine               - urlPOM: https://raw.githubusercontent.com/AlmasB/FXGL/release/README.md
21:15:15.252 [FXGL Background Thread 3 ] DEBUG Engine               - userAppClass: class nsu.GameApp
21:15:15.252 [FXGL Background Thread 3 ] DEBUG Engine               - version: 0.0
21:15:15.252 [FXGL Background Thread 3 ] DEBUG Engine               - versionCheckDays: 7
21:15:15.252 [FXGL Background Thread 3 ] DEBUG Engine               - width: 600
21:15:15.252 [FXGL Background Thread 3 ] DEBUG Engine               - Logging services
21:15:15.252 [FXGL Background Thread 3 ] DEBUG Engine               - class com.almasb.fxgl.app.services.FXGLAssetLoaderService
21:15:15.252 [FXGL Background Thread 3 ] DEBUG Engine               - class com.almasb.fxgl.app.FXGLApplication$GameApplicationService
21:15:15.252 [FXGL Background Thread 3 ] DEBUG Engine               - class com.almasb.fxgl.app.services.FXGLDialogService
21:15:15.253 [FXGL Background Thread 3 ] DEBUG Engine               - class com.almasb.fxgl.app.services.IOTaskExecutorService
21:15:15.253 [FXGL Background Thread 3 ] DEBUG Engine               - class com.almasb.fxgl.io.FileSystemService
21:15:15.253 [FXGL Background Thread 3 ] DEBUG Engine               - class com.almasb.fxgl.localization.LocalizationService
21:15:15.253 [FXGL Background Thread 3 ] DEBUG Engine               - class com.almasb.fxgl.app.services.SystemBundleService
21:15:15.253 [FXGL Background Thread 3 ] DEBUG Engine               - class com.almasb.fxgl.profile.SaveLoadService
21:15:15.253 [FXGL Background Thread 3 ] DEBUG Engine               - class com.almasb.fxgl.ui.FXGLUIFactoryServiceProvider
21:15:15.253 [FXGL Background Thread 3 ] DEBUG Engine               - class com.almasb.fxgl.ui.FXGLDialogFactoryServiceProvider
21:15:15.253 [FXGL Background Thread 3 ] DEBUG Engine               - class com.almasb.fxgl.audio.AudioPlayer
21:15:15.253 [FXGL Background Thread 3 ] DEBUG Engine               - class com.almasb.fxgl.notification.impl.NotificationServiceProvider
21:15:15.254 [FXGL Background Thread 3 ] DEBUG Engine               - class com.almasb.fxgl.achievement.AchievementService
21:15:15.254 [FXGL Background Thread 3 ] DEBUG Engine               - class com.almasb.fxgl.cutscene.CutsceneService
21:15:15.254 [FXGL Background Thread 3 ] DEBUG Engine               - class com.almasb.fxgl.minigames.MiniGameService
21:15:15.254 [FXGL Background Thread 3 ] DEBUG Engine               - class com.almasb.fxgl.net.NetService
21:15:15.254 [FXGL Background Thread 3 ] DEBUG Engine               - class com.almasb.fxgl.app.services.UpdaterService
21:15:15.254 [FXGL Background Thread 3 ] DEBUG Engine               - class com.almasb.fxgl.dev.DevService
21:15:16.793 [JavaFX Application Thread] DEBUG FXGLAssetLoaderServi - Loading from file system: file:/home/oksana/IdeaProjects/tutorial/build/resources/main/assets/textures/bullet_right.png
21:15:23.817 [JavaFX Application Thread] DEBUG FXGLAssetLoaderServi - Loading from file system: file:/home/oksana/IdeaProjects/tutorial/build/resources/main/assets/textures/bullet_left.png
21:16:14.971 [JavaFX Application Thread] DEBUG PrimaryStageWindow   - Push state: DialogSubScene
21:16:14.971 [JavaFX Application Thread] DEBUG Input                - Clearing active input actions
21:16:14.977 [JavaFX Application Thread] DEBUG GameApplicationServi - Removing overlay from GameScene and adding to DialogSubScene
21:16:14.978 [JavaFX Application Thread] DEBUG PrimaryStageWindow   - GameScene -> DialogSubScene
21:16:14.982 [JavaFX Application Thread] DEBUG FXGLAssetLoaderServi - Loading from file system: file:/home/oksana/IdeaProjects/tutorial/build/resources/main/assets/textures/background2.png
21:16:19.543 [JavaFX Application Thread] DEBUG PrimaryStageWindow   - Pop state: DialogSubScene
21:16:19.543 [JavaFX Application Thread] DEBUG Input                - Clearing active input actions
21:16:19.545 [JavaFX Application Thread] DEBUG GameApplicationServi - Removing overlay from DialogSubScene and adding to GameScene
21:16:19.545 [JavaFX Application Thread] DEBUG PrimaryStageWindow   - GameScene <- DialogSubScene
21:17:06.299 [JavaFX Application Thread] DEBUG PrimaryStageWindow   - Push state: DialogSubScene
21:17:06.299 [JavaFX Application Thread] DEBUG Input                - Clearing active input actions
21:17:06.300 [JavaFX Application Thread] DEBUG GameApplicationServi - Removing overlay from GameScene and adding to DialogSubScene
21:17:06.301 [JavaFX Application Thread] DEBUG PrimaryStageWindow   - GameScene -> DialogSubScene
21:17:06.304 [JavaFX Application Thread] DEBUG LoopRunner           - Stopping loop
21:17:06.308 [JavaFX Application Thread] FATAL FXGLApplication      - Uncaught Exception:
java.lang.NullPointerException: Cannot invoke "nsu.LevelManager$Level.loadLevel()" because the return value of "java.util.Map.get(Object)" is null
	at nsu.LevelManager.loadGame(LevelManager.java:62)
	at nsu.LevelManager.EndLevel(LevelManager.java:67)
	at nsu.GameApp.onUpdate(GameApp.java:58)
	at com.almasb.fxgl.app.FXGLApplication$GameApplicationService.onGameUpdate(FXGLApplication.kt:421)
	at com.almasb.fxgl.app.Engine.onGameUpdate(Engine.kt:138)
	at com.almasb.fxgl.app.FXGLApplication.postServicesInit$lambda-7(FXGLApplication.kt:182)
	at com.almasb.fxgl.scene.Scene.update(Scene.kt:113)
	at com.almasb.fxgl.app.MainWindow$update$1.invoke(MainWindow.kt:115)
	at com.almasb.fxgl.app.MainWindow$update$1.invoke(MainWindow.kt:115)
	at com.almasb.fxgl.core.fsm.StateMachine.runOnActiveStates(StateMachine.kt:69)
	at com.almasb.fxgl.app.MainWindow.update(MainWindow.kt:115)
	at com.almasb.fxgl.app.FXGLApplication$GameApplicationService.onUpdate(FXGLApplication.kt:426)
	at com.almasb.fxgl.app.Engine.loop(Engine.kt:134)
	at com.almasb.fxgl.app.Engine.access$loop(Engine.kt:24)
	at com.almasb.fxgl.app.Engine$loop$1.invoke(Engine.kt:28)
	at com.almasb.fxgl.app.Engine$loop$1.invoke(Engine.kt:28)
	at com.almasb.fxgl.app.LoopRunner.frame(LoopRunner.kt:103)
	at com.almasb.fxgl.app.LoopRunner.access$frame(LoopRunner.kt:23)
	at com.almasb.fxgl.app.LoopRunner$impl$2$1.onTick(LoopRunner.kt:57)
	at com.almasb.fxgl.app.AnimationTimerLoop$timer$1.handle(LoopRunner.kt:137)
	at javafx.animation.AnimationTimer$AnimationTimerReceiver.lambda$handle$0(AnimationTimer.java:58)
	at java.base/java.security.AccessController.doPrivileged(AccessController.java:400)
	at javafx.animation.AnimationTimer$AnimationTimerReceiver.handle(AnimationTimer.java:57)
	at com.sun.scenario.animation.AbstractPrimaryTimer.timePulseImpl(AbstractPrimaryTimer.java:356)
	at com.sun.scenario.animation.AbstractPrimaryTimer$MainLoop.run(AbstractPrimaryTimer.java:266)
	at com.sun.javafx.tk.quantum.QuantumToolkit.pulse(QuantumToolkit.java:571)
	at com.sun.javafx.tk.quantum.QuantumToolkit.pulse(QuantumToolkit.java:555)
	at com.sun.javafx.tk.quantum.QuantumToolkit.pulseFromQueue(QuantumToolkit.java:548)
	at com.sun.javafx.tk.quantum.QuantumToolkit.lambda$runToolkit$11(QuantumToolkit.java:352)
	at com.sun.glass.ui.InvokeLaterDispatcher$Future.run(InvokeLaterDispatcher.java:96)
	at com.sun.glass.ui.gtk.GtkApplication._runLoop(Native Method)
	at com.sun.glass.ui.gtk.GtkApplication.lambda$runLoop$11(GtkApplication.java:316)
	at java.base/java.lang.Thread.run(Thread.java:1575)

21:17:06.308 [JavaFX Application Thread] FATAL FXGLApplication      - Application will now exit
21:17:06.360 [JavaFX Application Thread] DEBUG PrimaryStageWindow   - Push state: ErrorSubScene
21:17:06.360 [JavaFX Application Thread] DEBUG Input                - Clearing active input actions
21:17:06.367 [JavaFX Application Thread] DEBUG GameApplicationServi - Removing overlay from DialogSubScene and adding to ErrorSubScene
21:17:06.367 [JavaFX Application Thread] DEBUG PrimaryStageWindow   - DialogSubScene -> ErrorSubScene
21:17:11.854 [JavaFX Application Thread] DEBUG FXGLApplication      - Exiting FXGL
21:17:11.855 [JavaFX Application Thread] DEBUG Async                - Shutting down background threads
21:17:11.856 [JavaFX Application Thread] DEBUG PrimaryStageWindow   - Closing main window
21:17:11.860 [JavaFX Application Thread] DEBUG Logger               - Closing Logger
