12:31:56.665 [main                     ] DEBUG Logger               - Configured Logger
12:31:56.699 [main                     ] DEBUG GameApplication      - Logging settings
Title: Game
Version: 0.1
Width: 1800
Height: 900
Fullscreen: false
Intro: false
Profiling: false
Single step:false
App Mode: DEVELOPER
Menu Key: ESCAPE
Stage Style: DECORATED
Scene Factory: class com.almasb.fxgl.app.scene.SceneFactory

12:31:57.275 [JavaFX Application Thread] DEBUG FXGLApplication      - Initializing FXGL
12:31:57.281 [JavaFX Application Thread] INFO  Engine               - FXGL-17.2 (20.08.2022 16.50) on LINUX (J:23.0.2 FX:18)
12:31:57.282 [JavaFX Application Thread] DEBUG Engine               - JRE Vendor Name: Oracle Corporation
12:31:57.282 [JavaFX Application Thread] DEBUG Engine               - Running on OS: Linux version 6.8.0-52-generic
12:31:57.283 [JavaFX Application Thread] DEBUG Engine               - Architecture: amd64
12:31:57.283 [JavaFX Application Thread] INFO  Engine               - Source code and latest versions at: https://github.com/AlmasB/FXGL
12:31:57.283 [JavaFX Application Thread] INFO  Engine               -       Ask questions and discuss at: https://github.com/AlmasB/FXGL/discussions
12:31:57.283 [JavaFX Application Thread] INFO  Engine               -              Join the FXGL chat at: https://gitter.im/AlmasB/FXGL
12:31:57.421 [JavaFX Application Thread] DEBUG PrimaryStageWindow   - Creating a JavaFX scene
12:31:57.563 [JavaFX Application Thread] DEBUG PrimaryStageWindow   - Target settings size: 1800.0 x 900.0
12:31:57.564 [JavaFX Application Thread] DEBUG PrimaryStageWindow   - Scaled scene size:    1800.0 x 900.0
12:31:57.564 [JavaFX Application Thread] DEBUG PrimaryStageWindow   - Scaled ratio: (1.0, 1.0)
12:31:57.566 [JavaFX Application Thread] DEBUG PrimaryStageWindow   - Set initial scene to FXGLStartupScene
12:31:57.577 [JavaFX Application Thread] DEBUG PrimaryStageWindow   - Opening main window
12:31:57.641 [JavaFX Application Thread] DEBUG PrimaryStageWindow   - Window border size: (2.0, 29.0)
12:31:57.641 [JavaFX Application Thread] DEBUG PrimaryStageWindow   - Scaled size: 1800.0 x 900.0
12:31:57.642 [JavaFX Application Thread] DEBUG PrimaryStageWindow   - Scaled ratio: (1.0, 1.0)
12:31:57.642 [JavaFX Application Thread] DEBUG PrimaryStageWindow   - Scene size: 1800.0 x 900.0
12:31:57.642 [JavaFX Application Thread] DEBUG PrimaryStageWindow   - Stage size: 1802.0 x 929.0
12:31:57.659 [FXGL Background Thread 1 ] DEBUG Engine               - Initializing environment variables
12:31:57.818 [FXGL Background Thread 1 ] DEBUG FXGLAssetLoaderServi - User app class for loading assets: class nsu.GameApp
12:31:57.818 [FXGL Background Thread 1 ] DEBUG GameApplicationServi - Applying CSS: fxgl_dark.css
12:31:57.820 [FXGL Background Thread 1 ] DEBUG FXGLAssetLoaderServi - Loading from file system: jar:file:/home/oksana/.gradle/caches/modules-2/files-2.1/com.github.almasb/fxgl/17.2/35db6ae960eec2dcfd19262d3b7f9c42f0e95bc3/fxgl-17.2.jar!/fxglassets/ui/css/fxgl_dark.css
12:31:57.889 [FXGL Background Thread 1 ] DEBUG GameApplicationServi - Initializing application scenes
12:31:57.953 [FXGL Background Thread 1 ] DEBUG GameWorld            - Game world initialized
12:31:58.071 [FXGL Background Thread 1 ] DEBUG PhysicsWorld         - Physics world initialized: appHeight=900, physics.ppm=50.0
12:31:58.072 [FXGL Background Thread 1 ] DEBUG PhysicsWorld         - Using strategy: BRUTE_FORCE
12:31:58.083 [FXGL Background Thread 1 ] DEBUG GameScene            - Game scene initialized: 1800x900
12:31:58.128 [FXGL Background Thread 1 ] DEBUG FXGL.DefaultMenu     - createMenuBodyGameMenu()
12:31:58.150 [FXGL Background Thread 1 ] DEBUG FXGL.DefaultMenu     - createOptionsMenu()
12:31:58.167 [FXGL Background Thread 1 ] DEBUG FXGLAssetLoaderServi - Loading from file system: jar:file:/home/oksana/.gradle/caches/modules-2/files-2.1/com.github.almasb/fxgl/17.2/35db6ae960eec2dcfd19262d3b7f9c42f0e95bc3/fxgl-17.2.jar!/fxglassets/textures/particles/smoke.png
12:31:58.283 [FXGL Background Thread 1 ] DEBUG FXGLAssetLoaderServi - Loading from file system: jar:file:/home/oksana/.gradle/caches/modules-2/files-2.1/com.github.almasb/fxgl/17.2/35db6ae960eec2dcfd19262d3b7f9c42f0e95bc3/fxgl-17.2.jar!/fxglassets/textures/particles/trace_horizontal.png
12:31:58.312 [FXGL Background Thread 1 ] DEBUG GameApplicationServi - Application scenes initialized
12:31:58.330 [FXGL Background Thread 1 ] DEBUG SystemBundleService  - Loading FXGL system data
12:31:58.336 [FXGL Background Thread 1 ] DEBUG FileSystemAccess     - Reading from: /home/oksana/IdeaProjects/tutorial/system/fxgl.bundle
12:31:58.347 [FXGL Background Thread 1 ] DEBUG SystemBundleService  - Bundle FXGL: {}
12:31:58.347 [FXGL Background Thread 1 ] DEBUG UpdaterService       - Checking for updates
12:31:58.353 [FXGL Background Thread 4 ] DEBUG FXGLApplication      - Loading fonts
12:31:58.354 [FXGL Background Thread 1 ] DEBUG FXGLApplication      - Loading default localization
12:31:58.354 [FXGL Background Thread 4 ] DEBUG FXGLAssetLoaderServi - Loading from file system: jar:file:/home/oksana/.gradle/caches/modules-2/files-2.1/com.github.almasb/fxgl/17.2/35db6ae960eec2dcfd19262d3b7f9c42f0e95bc3/fxgl-17.2.jar!/fxglassets/ui/fonts/VarelaRound-Regular.ttf
12:31:58.355 [FXGL Background Thread 1 ] DEBUG FXGLAssetLoaderServi - Loading from file system: jar:file:/home/oksana/.gradle/caches/modules-2/files-2.1/com.github.almasb/fxgl/17.2/35db6ae960eec2dcfd19262d3b7f9c42f0e95bc3/fxgl-17.2.jar!/fxglassets/languages/english.lang
12:31:58.383 [FXGL Background Thread 4 ] DEBUG FXGLAssetLoaderServi - Loading from file system: jar:file:/home/oksana/.gradle/caches/modules-2/files-2.1/com.github.almasb/fxgl/17.2/35db6ae960eec2dcfd19262d3b7f9c42f0e95bc3/fxgl-17.2.jar!/fxglassets/ui/fonts/Abel-Regular.ttf
12:31:58.385 [FXGL Background Thread 1 ] INFO  FXGLApplication      - FXGL initialization took: 0.726 sec
12:31:58.385 [FXGL Background Thread 4 ] DEBUG FXGLAssetLoaderServi - Loading from file system: jar:file:/home/oksana/.gradle/caches/modules-2/files-2.1/com.github.almasb/fxgl/17.2/35db6ae960eec2dcfd19262d3b7f9c42f0e95bc3/fxgl-17.2.jar!/fxglassets/ui/fonts/TerminalLandMono-Regular.otf
12:31:58.388 [FXGL Background Thread 4 ] DEBUG FXGLAssetLoaderServi - Loading from file system: jar:file:/home/oksana/.gradle/caches/modules-2/files-2.1/com.github.almasb/fxgl/17.2/35db6ae960eec2dcfd19262d3b7f9c42f0e95bc3/fxgl-17.2.jar!/fxglassets/ui/fonts/Courier-Prime.ttf
12:31:58.400 [JavaFX Application Thread] DEBUG Input                - Registered new binding: Move Right - D
12:31:58.400 [JavaFX Application Thread] DEBUG Input                - Registered new binding: Move Left - A
12:31:58.400 [JavaFX Application Thread] DEBUG Input                - Registered new binding: Jump - W
12:31:58.401 [JavaFX Application Thread] DEBUG FXGLAssetLoaderServi - Loading from file system: jar:file:/home/oksana/.gradle/caches/modules-2/files-2.1/com.github.almasb/fxgl/17.2/35db6ae960eec2dcfd19262d3b7f9c42f0e95bc3/fxgl-17.2.jar!/fxglassets/textures/fxgl_icon.png
12:31:58.439 [JavaFX Application Thread] DEBUG FXGLAssetLoaderServi - Loading from file system: jar:file:/home/oksana/.gradle/caches/modules-2/files-2.1/com.github.almasb/fxgl/17.2/35db6ae960eec2dcfd19262d3b7f9c42f0e95bc3/fxgl-17.2.jar!/fxglassets/textures/fxgl_default_cursor.png
12:31:58.442 [JavaFX Application Thread] DEBUG Input                - Registered new binding: Screenshot - CTRL+8
12:31:58.443 [JavaFX Application Thread] DEBUG Input                - Registered new binding: System info dump - CTRL+9
12:31:58.443 [JavaFX Application Thread] DEBUG Input                - Registered new binding: Restart - CTRL+R
12:31:58.444 [JavaFX Application Thread] DEBUG Input                - Registered new binding: Toggle Debug Camera - CTRL+7
12:31:58.447 [JavaFX Application Thread] DEBUG LoopRunner           - Starting loop
12:31:58.447 [JavaFX Application Thread] DEBUG LoopRunner           - Initializing JavaFX AnimationTimerLoop
12:31:58.449 [JavaFX Application Thread] DEBUG GameApplicationServi - Starting new game
12:31:58.450 [JavaFX Application Thread] DEBUG Input                - Clearing active input actions
12:31:58.479 [JavaFX Application Thread] DEBUG GameApplicationServi - Removing overlay from FXGLStartupScene and adding to FXGLLoadingScene
12:31:58.479 [JavaFX Application Thread] DEBUG PrimaryStageWindow   - FXGLStartupScene -> FXGLLoadingScene
12:31:58.480 [JavaFX Application Thread] DEBUG GameApplicationServi - Clearing previous game
12:31:58.480 [JavaFX Application Thread] DEBUG GameScene            - Clearing game scene
12:31:58.480 [JavaFX Application Thread] DEBUG GameWorld            - Clearing game world
12:31:58.480 [JavaFX Application Thread] DEBUG PhysicsWorld         - Clearing physics world
12:31:58.482 [FXGL Background Thread 4 ] DEBUG FXGLApplication      - Initializing game
12:31:58.482 [JavaFX Application Thread] DEBUG FXGLApplication      - Registering font factories with UI factory
12:31:58.539 [FXGL Background Thread 4 ] DEBUG FXGLAssetLoaderServi - Loading from file system: file:/home/oksana/IdeaProjects/tutorial/build/resources/main/assets/textures/player.png
12:31:58.561 [FXGL Background Thread 4 ] INFO  FXGLApplication      - Game initialization took: 0.079 sec
12:31:58.647 [JavaFX Application Thread] DEBUG Input                - Clearing active input actions
12:31:58.660 [JavaFX Application Thread] DEBUG GameApplicationServi - Removing overlay from FXGLLoadingScene and adding to GameScene
12:31:58.661 [JavaFX Application Thread] DEBUG PrimaryStageWindow   - FXGLLoadingScene -> GameScene
12:32:00.738 [FXGL Background Thread 2 ] INFO  UpdaterService       - Your current version:  17.2
12:32:00.742 [FXGL Background Thread 2 ] INFO  UpdaterService       - Latest stable version: 21.1
12:32:01.353 [FXGL Background Thread 3 ] DEBUG Engine               - Logging environment variables
12:32:01.357 [FXGL Background Thread 3 ] DEBUG Engine               - achievements: []
12:32:01.357 [FXGL Background Thread 3 ] DEBUG Engine               - actualHeight: 1024.0
12:32:01.358 [FXGL Background Thread 3 ] DEBUG Engine               - actualHeightProperty: ReadOnlyDoubleProperty [value: 1024.0]
12:32:01.359 [FXGL Background Thread 3 ] DEBUG Engine               - actualWidth: 1848.0
12:32:01.359 [FXGL Background Thread 3 ] DEBUG Engine               - actualWidthProperty: ReadOnlyDoubleProperty [value: 1848.0]
12:32:01.359 [FXGL Background Thread 3 ] DEBUG Engine               - appIcon: fxgl_icon.png
12:32:01.360 [FXGL Background Thread 3 ] DEBUG Engine               - applicationMode: DEVELOPER
12:32:01.360 [FXGL Background Thread 3 ] DEBUG Engine               - cSSList: [fxgl_dark.css]
12:32:01.360 [FXGL Background Thread 3 ] DEBUG Engine               - collisionDetectionStrategy: BRUTE_FORCE
12:32:01.360 [FXGL Background Thread 3 ] DEBUG Engine               - configClass: Optional.empty
12:32:01.360 [FXGL Background Thread 3 ] DEBUG Engine               - credits: []
12:32:01.362 [FXGL Background Thread 3 ] DEBUG Engine               - defaultCursor: CursorInfo(imageName=fxgl_default_cursor.png, hotspotX=7.0, hotspotY=6.0)
12:32:01.363 [FXGL Background Thread 3 ] DEBUG Engine               - devBBoxColorProperty: ObjectProperty [value: 0xff0000ff]
12:32:01.364 [FXGL Background Thread 3 ] DEBUG Engine               - devEnableDebugCameraProperty: BooleanProperty [value: false]
12:32:01.365 [FXGL Background Thread 3 ] DEBUG Engine               - devSensorColorProperty: ObjectProperty [value: 0xffff00ff]
12:32:01.365 [FXGL Background Thread 3 ] DEBUG Engine               - devShowBBoxProperty: BooleanProperty [value: false]
12:32:01.365 [FXGL Background Thread 3 ] DEBUG Engine               - devShowPositionProperty: BooleanProperty [value: false]
12:32:01.365 [FXGL Background Thread 3 ] DEBUG Engine               - enabledMenuItems: []
12:32:01.366 [FXGL Background Thread 3 ] DEBUG Engine               - engineServices: [class com.almasb.fxgl.app.services.FXGLAssetLoaderService, class com.almasb.fxgl.app.FXGLApplication$GameApplicationService, class com.almasb.fxgl.app.services.FXGLDialogService, class com.almasb.fxgl.app.services.IOTaskExecutorService, class com.almasb.fxgl.io.FileSystemService, class com.almasb.fxgl.localization.LocalizationService, class com.almasb.fxgl.app.services.SystemBundleService, class com.almasb.fxgl.profile.SaveLoadService, class com.almasb.fxgl.ui.FXGLUIFactoryServiceProvider, class com.almasb.fxgl.ui.FXGLDialogFactoryServiceProvider, class com.almasb.fxgl.audio.AudioPlayer, class com.almasb.fxgl.notification.impl.NotificationServiceProvider, class com.almasb.fxgl.achievement.AchievementService, class com.almasb.fxgl.cutscene.CutsceneService, class com.almasb.fxgl.minigames.MiniGameService, class com.almasb.fxgl.net.NetService, class com.almasb.fxgl.app.services.UpdaterService, class com.almasb.fxgl.dev.DevService]
12:32:01.366 [FXGL Background Thread 3 ] DEBUG Engine               - fontGame: Abel-Regular.ttf
12:32:01.366 [FXGL Background Thread 3 ] DEBUG Engine               - fontMono: TerminalLandMono-Regular.otf
12:32:01.366 [FXGL Background Thread 3 ] DEBUG Engine               - fontText: Courier-Prime.ttf
12:32:01.366 [FXGL Background Thread 3 ] DEBUG Engine               - fontUI: VarelaRound-Regular.ttf
12:32:01.366 [FXGL Background Thread 3 ] DEBUG Engine               - fullScreen: BooleanProperty [value: false]
12:32:01.366 [FXGL Background Thread 3 ] DEBUG Engine               - gameDifficulty: MEDIUM
12:32:01.366 [FXGL Background Thread 3 ] DEBUG Engine               - gameDifficultyProperty: ObjectProperty [value: MEDIUM]
12:32:01.366 [FXGL Background Thread 3 ] DEBUG Engine               - globalMusicVolume: 0.5
12:32:01.366 [FXGL Background Thread 3 ] DEBUG Engine               - globalMusicVolumeProperty: DoubleProperty [value: 0.5]
12:32:01.367 [FXGL Background Thread 3 ] DEBUG Engine               - globalSoundVolume: 0.5
12:32:01.367 [FXGL Background Thread 3 ] DEBUG Engine               - globalSoundVolumeProperty: DoubleProperty [value: 0.5]
12:32:01.367 [FXGL Background Thread 3 ] DEBUG Engine               - height: 900
12:32:01.367 [FXGL Background Thread 3 ] DEBUG Engine               - is3D: false
12:32:01.367 [FXGL Background Thread 3 ] DEBUG Engine               - isAndroid: false
12:32:01.367 [FXGL Background Thread 3 ] DEBUG Engine               - isBrowser: false
12:32:01.367 [FXGL Background Thread 3 ] DEBUG Engine               - isClickFeedbackEnabled: false
12:32:01.367 [FXGL Background Thread 3 ] DEBUG Engine               - isCloseConfirmation: false
12:32:01.367 [FXGL Background Thread 3 ] DEBUG Engine               - isDesktop: true
12:32:01.368 [FXGL Background Thread 3 ] DEBUG Engine               - isDeveloperMenuEnabled: false
12:32:01.368 [FXGL Background Thread 3 ] DEBUG Engine               - isEmbedded: false
12:32:01.368 [FXGL Background Thread 3 ] DEBUG Engine               - isEntityPreloadEnabled: true
12:32:01.368 [FXGL Background Thread 3 ] DEBUG Engine               - isExperimentalTiledLargeMap: false
12:32:01.368 [FXGL Background Thread 3 ] DEBUG Engine               - isFileSystemWriteAllowed: true
12:32:01.368 [FXGL Background Thread 3 ] DEBUG Engine               - isFullScreenAllowed: false
12:32:01.368 [FXGL Background Thread 3 ] DEBUG Engine               - isFullScreenFromStart: false
12:32:01.368 [FXGL Background Thread 3 ] DEBUG Engine               - isGameMenuEnabled: true
12:32:01.368 [FXGL Background Thread 3 ] DEBUG Engine               - isIOS: false
12:32:01.368 [FXGL Background Thread 3 ] DEBUG Engine               - isIntroEnabled: false
12:32:01.369 [FXGL Background Thread 3 ] DEBUG Engine               - isLinux: true
12:32:01.369 [FXGL Background Thread 3 ] DEBUG Engine               - isMac: false
12:32:01.369 [FXGL Background Thread 3 ] DEBUG Engine               - isMainMenuEnabled: false
12:32:01.369 [FXGL Background Thread 3 ] DEBUG Engine               - isManualResizeEnabled: false
12:32:01.370 [FXGL Background Thread 3 ] DEBUG Engine               - isMobile: false
12:32:01.370 [FXGL Background Thread 3 ] DEBUG Engine               - isNative: false
12:32:01.370 [FXGL Background Thread 3 ] DEBUG Engine               - isPauseMusicWhenMinimized: true
12:32:01.370 [FXGL Background Thread 3 ] DEBUG Engine               - isPreserveResizeRatio: false
12:32:01.370 [FXGL Background Thread 3 ] DEBUG Engine               - isProfilingEnabled: false
12:32:01.371 [FXGL Background Thread 3 ] DEBUG Engine               - isScaleAffectedOnResize: true
12:32:01.371 [FXGL Background Thread 3 ] DEBUG Engine               - isSingleStep: false
12:32:01.371 [FXGL Background Thread 3 ] DEBUG Engine               - isUserProfileEnabled: false
12:32:01.371 [FXGL Background Thread 3 ] DEBUG Engine               - isWindows: false
12:32:01.372 [FXGL Background Thread 3 ] DEBUG Engine               - language: ObjectProperty [value: ENGLISH]
12:32:01.372 [FXGL Background Thread 3 ] DEBUG Engine               - menuKey: ESCAPE
12:32:01.372 [FXGL Background Thread 3 ] DEBUG Engine               - mouseSensitivity: 0.2
12:32:01.372 [FXGL Background Thread 3 ] DEBUG Engine               - notificationViewClass: class com.almasb.fxgl.notification.view.XboxNotificationView
12:32:01.373 [FXGL Background Thread 3 ] DEBUG Engine               - pixelsPerMeter: 50.0
12:32:01.373 [FXGL Background Thread 3 ] DEBUG Engine               - platform: LINUX
12:32:01.373 [FXGL Background Thread 3 ] DEBUG Engine               - prefHeightProperty: ReadOnlyDoubleProperty [value: 900.0]
12:32:01.373 [FXGL Background Thread 3 ] DEBUG Engine               - prefWidthProperty: ReadOnlyDoubleProperty [value: 1800.0]
12:32:01.373 [FXGL Background Thread 3 ] DEBUG Engine               - profileDir: profiles/
12:32:01.373 [FXGL Background Thread 3 ] DEBUG Engine               - profileName: StringProperty [value: DEFAULT]
12:32:01.373 [FXGL Background Thread 3 ] DEBUG Engine               - randomSeed: -1
12:32:01.375 [FXGL Background Thread 3 ] DEBUG Engine               - runtimeInfo: RuntimeInfo(platform=LINUX, version=17.2, build=20.08.2022 16.50)
12:32:01.375 [FXGL Background Thread 3 ] DEBUG Engine               - saveFileExt: sav
12:32:01.375 [FXGL Background Thread 3 ] DEBUG Engine               - scaledHeightProp$fxgl: DoubleProperty [bound, value: 1024.0]
12:32:01.376 [FXGL Background Thread 3 ] DEBUG Engine               - scaledWidthProp$fxgl: DoubleProperty [bound, value: 1848.0]
12:32:01.376 [FXGL Background Thread 3 ] DEBUG Engine               - sceneFactory: com.almasb.fxgl.app.scene.SceneFactory@47ac7a13
12:32:01.376 [FXGL Background Thread 3 ] DEBUG Engine               - secondsIn24h: 60
12:32:01.376 [FXGL Background Thread 3 ] DEBUG Engine               - soundMenuBack: menu/back.wav
12:32:01.377 [FXGL Background Thread 3 ] DEBUG Engine               - soundMenuPress: menu/press.wav
12:32:01.377 [FXGL Background Thread 3 ] DEBUG Engine               - soundMenuSelect: menu/select.wav
12:32:01.378 [FXGL Background Thread 3 ] DEBUG Engine               - soundNotification: core/notification.wav
12:32:01.378 [FXGL Background Thread 3 ] DEBUG Engine               - stageStyle: DECORATED
12:32:01.378 [FXGL Background Thread 3 ] DEBUG Engine               - supportedLanguages: [ENGLISH, FRENCH, GERMAN, HUNGARIAN, RUSSIAN]
12:32:01.378 [FXGL Background Thread 3 ] DEBUG Engine               - ticksPerSecond: -1
12:32:01.378 [FXGL Background Thread 3 ] DEBUG Engine               - title: Game
12:32:01.378 [FXGL Background Thread 3 ] DEBUG Engine               - urlGithub: https://github.com/AlmasB/FXGL
12:32:01.379 [FXGL Background Thread 3 ] DEBUG Engine               - urlLeaderboard: http://fxgl-top.herokuapp.com/
12:32:01.379 [FXGL Background Thread 3 ] DEBUG Engine               - urlPOM: https://raw.githubusercontent.com/AlmasB/FXGL/release/README.md
12:32:01.379 [FXGL Background Thread 3 ] DEBUG Engine               - userAppClass: class nsu.GameApp
12:32:01.379 [FXGL Background Thread 3 ] DEBUG Engine               - version: 0.1
12:32:01.379 [FXGL Background Thread 3 ] DEBUG Engine               - versionCheckDays: 7
12:32:01.379 [FXGL Background Thread 3 ] DEBUG Engine               - width: 1800
12:32:01.379 [FXGL Background Thread 3 ] DEBUG Engine               - Logging services
12:32:01.379 [FXGL Background Thread 3 ] DEBUG Engine               - class com.almasb.fxgl.app.services.FXGLAssetLoaderService
12:32:01.380 [FXGL Background Thread 3 ] DEBUG Engine               - class com.almasb.fxgl.app.FXGLApplication$GameApplicationService
12:32:01.380 [FXGL Background Thread 3 ] DEBUG Engine               - class com.almasb.fxgl.app.services.FXGLDialogService
12:32:01.380 [FXGL Background Thread 3 ] DEBUG Engine               - class com.almasb.fxgl.app.services.IOTaskExecutorService
12:32:01.380 [FXGL Background Thread 3 ] DEBUG Engine               - class com.almasb.fxgl.io.FileSystemService
12:32:01.380 [FXGL Background Thread 3 ] DEBUG Engine               - class com.almasb.fxgl.localization.LocalizationService
12:32:01.380 [FXGL Background Thread 3 ] DEBUG Engine               - class com.almasb.fxgl.app.services.SystemBundleService
12:32:01.380 [FXGL Background Thread 3 ] DEBUG Engine               - class com.almasb.fxgl.profile.SaveLoadService
12:32:01.380 [FXGL Background Thread 3 ] DEBUG Engine               - class com.almasb.fxgl.ui.FXGLUIFactoryServiceProvider
12:32:01.380 [FXGL Background Thread 3 ] DEBUG Engine               - class com.almasb.fxgl.ui.FXGLDialogFactoryServiceProvider
12:32:01.380 [FXGL Background Thread 3 ] DEBUG Engine               - class com.almasb.fxgl.audio.AudioPlayer
12:32:01.381 [FXGL Background Thread 3 ] DEBUG Engine               - class com.almasb.fxgl.notification.impl.NotificationServiceProvider
12:32:01.381 [FXGL Background Thread 3 ] DEBUG Engine               - class com.almasb.fxgl.achievement.AchievementService
12:32:01.381 [FXGL Background Thread 3 ] DEBUG Engine               - class com.almasb.fxgl.cutscene.CutsceneService
12:32:01.381 [FXGL Background Thread 3 ] DEBUG Engine               - class com.almasb.fxgl.minigames.MiniGameService
12:32:01.381 [FXGL Background Thread 3 ] DEBUG Engine               - class com.almasb.fxgl.net.NetService
12:32:01.382 [FXGL Background Thread 3 ] DEBUG Engine               - class com.almasb.fxgl.app.services.UpdaterService
12:32:01.382 [FXGL Background Thread 3 ] DEBUG Engine               - class com.almasb.fxgl.dev.DevService
12:33:31.562 [JavaFX Application Thread] DEBUG PrimaryStageWindow   - Push state: DialogSubScene
12:33:31.562 [JavaFX Application Thread] DEBUG Input                - Clearing active input actions
12:33:31.580 [JavaFX Application Thread] DEBUG GameApplicationServi - Removing overlay from GameScene and adding to DialogSubScene
12:33:31.582 [JavaFX Application Thread] DEBUG PrimaryStageWindow   - GameScene -> DialogSubScene
12:33:34.006 [JavaFX Application Thread] DEBUG PrimaryStageWindow   - Pop state: DialogSubScene
12:33:34.006 [JavaFX Application Thread] DEBUG Input                - Clearing active input actions
12:33:34.007 [JavaFX Application Thread] DEBUG GameApplicationServi - Removing overlay from DialogSubScene and adding to GameScene
12:33:34.008 [JavaFX Application Thread] DEBUG PrimaryStageWindow   - GameScene <- DialogSubScene
12:33:34.009 [JavaFX Application Thread] DEBUG FXGLApplication      - Exiting FXGL
12:33:34.009 [JavaFX Application Thread] DEBUG LoopRunner           - Stopping loop
12:33:34.009 [JavaFX Application Thread] DEBUG SystemBundleService  - Saving FXGL system data
12:33:34.013 [JavaFX Application Thread] DEBUG FileSystemAccess     - Writing to: /home/oksana/IdeaProjects/tutorial/system/fxgl.bundle
12:33:34.019 [JavaFX Application Thread] DEBUG Async                - Shutting down background threads
12:33:34.020 [JavaFX Application Thread] DEBUG PrimaryStageWindow   - Closing main window
12:33:34.026 [JavaFX Application Thread] DEBUG Logger               - Closing Logger
