17:13:17.581 [main                     ] DEBUG Logger               - Configured Logger
17:13:17.633 [main                     ] DEBUG GameApplication      - Logging settings
Title: Game
Version: 0.0
Width: 600
Height: 600
Fullscreen: false
Intro: false
Profiling: false
Single step:false
App Mode: DEVELOPER
Menu Key: ESCAPE
Stage Style: DECORATED
Scene Factory: class com.almasb.fxgl.app.scene.SceneFactory

17:13:18.094 [JavaFX Application Thread] DEBUG FXGLApplication      - Initializing FXGL
17:13:18.101 [JavaFX Application Thread] INFO  Engine               - FXGL-17.2 (20.08.2022 16.50) on LINUX (J:23.0.2 FX:18)
17:13:18.101 [JavaFX Application Thread] DEBUG Engine               - JRE Vendor Name: Oracle Corporation
17:13:18.102 [JavaFX Application Thread] DEBUG Engine               - Running on OS: Linux version 6.8.0-58-generic
17:13:18.102 [JavaFX Application Thread] DEBUG Engine               - Architecture: amd64
17:13:18.102 [JavaFX Application Thread] INFO  Engine               - Source code and latest versions at: https://github.com/AlmasB/FXGL
17:13:18.102 [JavaFX Application Thread] INFO  Engine               -       Ask questions and discuss at: https://github.com/AlmasB/FXGL/discussions
17:13:18.102 [JavaFX Application Thread] INFO  Engine               -              Join the FXGL chat at: https://gitter.im/AlmasB/FXGL
17:13:18.210 [JavaFX Application Thread] DEBUG PrimaryStageWindow   - Creating a JavaFX scene
17:13:18.307 [JavaFX Application Thread] DEBUG PrimaryStageWindow   - Target settings size: 600.0 x 600.0
17:13:18.307 [JavaFX Application Thread] DEBUG PrimaryStageWindow   - Scaled scene size:    600.0 x 600.0
17:13:18.308 [JavaFX Application Thread] DEBUG PrimaryStageWindow   - Scaled ratio: (1.0, 1.0)
17:13:18.309 [JavaFX Application Thread] DEBUG PrimaryStageWindow   - Set initial scene to FXGLStartupScene
17:13:18.322 [JavaFX Application Thread] DEBUG PrimaryStageWindow   - Opening main window
17:13:18.379 [JavaFX Application Thread] DEBUG PrimaryStageWindow   - Window border size: (2.0, 29.0)
17:13:18.380 [JavaFX Application Thread] DEBUG PrimaryStageWindow   - Scaled size: 600.0 x 600.0
17:13:18.380 [JavaFX Application Thread] DEBUG PrimaryStageWindow   - Scaled ratio: (1.0, 1.0)
17:13:18.380 [JavaFX Application Thread] DEBUG PrimaryStageWindow   - Scene size: 600.0 x 600.0
17:13:18.381 [JavaFX Application Thread] DEBUG PrimaryStageWindow   - Stage size: 602.0 x 629.0
17:13:18.394 [FXGL Background Thread 1 ] DEBUG Engine               - Initializing environment variables
17:13:18.533 [FXGL Background Thread 1 ] DEBUG FXGLAssetLoaderServi - User app class for loading assets: class nsu.GameApp
17:13:18.533 [FXGL Background Thread 1 ] DEBUG GameApplicationServi - Applying CSS: fxgl_dark.css
17:13:18.535 [FXGL Background Thread 1 ] DEBUG FXGLAssetLoaderServi - Loading from file system: jar:file:/home/oksana/.gradle/caches/modules-2/files-2.1/com.github.almasb/fxgl/17.2/35db6ae960eec2dcfd19262d3b7f9c42f0e95bc3/fxgl-17.2.jar!/fxglassets/ui/css/fxgl_dark.css
17:13:18.603 [FXGL Background Thread 1 ] DEBUG GameApplicationServi - Initializing application scenes
17:13:18.662 [FXGL Background Thread 1 ] DEBUG GameWorld            - Game world initialized
17:13:18.750 [FXGL Background Thread 1 ] DEBUG PhysicsWorld         - Physics world initialized: appHeight=600, physics.ppm=50.0
17:13:18.751 [FXGL Background Thread 1 ] DEBUG PhysicsWorld         - Using strategy: BRUTE_FORCE
17:13:18.761 [FXGL Background Thread 1 ] DEBUG GameScene            - Game scene initialized: 600x600
17:13:18.782 [FXGL Background Thread 1 ] WARN  FXGL.DefaultMenu     - FXGLDefaultMenu is not designed for resolutions < 800x600
17:13:18.783 [FXGL Background Thread 1 ] DEBUG FXGL.DefaultMenu     - createMenuBodyGameMenu()
17:13:18.803 [FXGL Background Thread 1 ] DEBUG FXGL.DefaultMenu     - createOptionsMenu()
17:13:18.821 [FXGL Background Thread 1 ] DEBUG FXGLAssetLoaderServi - Loading from file system: jar:file:/home/oksana/.gradle/caches/modules-2/files-2.1/com.github.almasb/fxgl/17.2/35db6ae960eec2dcfd19262d3b7f9c42f0e95bc3/fxgl-17.2.jar!/fxglassets/textures/particles/smoke.png
17:13:18.959 [FXGL Background Thread 1 ] DEBUG FXGLAssetLoaderServi - Loading from file system: jar:file:/home/oksana/.gradle/caches/modules-2/files-2.1/com.github.almasb/fxgl/17.2/35db6ae960eec2dcfd19262d3b7f9c42f0e95bc3/fxgl-17.2.jar!/fxglassets/textures/particles/trace_horizontal.png
17:13:19.001 [FXGL Background Thread 1 ] DEBUG GameApplicationServi - Application scenes initialized
17:13:19.021 [FXGL Background Thread 1 ] DEBUG SystemBundleService  - Loading FXGL system data
17:13:19.027 [FXGL Background Thread 1 ] DEBUG FileSystemAccess     - Reading from: /home/oksana/IdeaProjects/tutorial/system/fxgl.bundle
17:13:19.037 [FXGL Background Thread 1 ] DEBUG SystemBundleService  - Bundle FXGL: {}
17:13:19.037 [FXGL Background Thread 1 ] DEBUG UpdaterService       - Checking for updates
17:13:19.045 [FXGL Background Thread 4 ] DEBUG FXGLApplication      - Loading fonts
17:13:19.046 [FXGL Background Thread 4 ] DEBUG FXGLAssetLoaderServi - Loading from file system: jar:file:/home/oksana/.gradle/caches/modules-2/files-2.1/com.github.almasb/fxgl/17.2/35db6ae960eec2dcfd19262d3b7f9c42f0e95bc3/fxgl-17.2.jar!/fxglassets/ui/fonts/VarelaRound-Regular.ttf
17:13:19.047 [FXGL Background Thread 1 ] DEBUG FXGLApplication      - Loading default localization
17:13:19.048 [FXGL Background Thread 1 ] DEBUG FXGLAssetLoaderServi - Loading from file system: jar:file:/home/oksana/.gradle/caches/modules-2/files-2.1/com.github.almasb/fxgl/17.2/35db6ae960eec2dcfd19262d3b7f9c42f0e95bc3/fxgl-17.2.jar!/fxglassets/languages/english.lang
17:13:19.079 [FXGL Background Thread 4 ] DEBUG FXGLAssetLoaderServi - Loading from file system: jar:file:/home/oksana/.gradle/caches/modules-2/files-2.1/com.github.almasb/fxgl/17.2/35db6ae960eec2dcfd19262d3b7f9c42f0e95bc3/fxgl-17.2.jar!/fxglassets/ui/fonts/Abel-Regular.ttf
17:13:19.081 [FXGL Background Thread 4 ] DEBUG FXGLAssetLoaderServi - Loading from file system: jar:file:/home/oksana/.gradle/caches/modules-2/files-2.1/com.github.almasb/fxgl/17.2/35db6ae960eec2dcfd19262d3b7f9c42f0e95bc3/fxgl-17.2.jar!/fxglassets/ui/fonts/TerminalLandMono-Regular.otf
17:13:19.083 [FXGL Background Thread 4 ] DEBUG FXGLAssetLoaderServi - Loading from file system: jar:file:/home/oksana/.gradle/caches/modules-2/files-2.1/com.github.almasb/fxgl/17.2/35db6ae960eec2dcfd19262d3b7f9c42f0e95bc3/fxgl-17.2.jar!/fxglassets/ui/fonts/Courier-Prime.ttf
17:13:19.088 [JavaFX Application Thread] DEBUG FXGLApplication      - Registering font factories with UI factory
17:13:19.090 [FXGL Background Thread 1 ] INFO  FXGLApplication      - FXGL initialization took: 0.696 sec
17:13:19.102 [JavaFX Application Thread] DEBUG Input                - Registered new binding: Move Right - D
17:13:19.103 [JavaFX Application Thread] DEBUG Input                - Registered new binding: Move Left - A
17:13:19.103 [JavaFX Application Thread] DEBUG Input                - Registered new binding: Jump - W
17:13:19.103 [JavaFX Application Thread] DEBUG Input                - Registered new binding: Shot - Space
17:13:19.103 [JavaFX Application Thread] DEBUG FXGLAssetLoaderServi - Loading from file system: jar:file:/home/oksana/.gradle/caches/modules-2/files-2.1/com.github.almasb/fxgl/17.2/35db6ae960eec2dcfd19262d3b7f9c42f0e95bc3/fxgl-17.2.jar!/fxglassets/textures/fxgl_icon.png
17:13:19.137 [JavaFX Application Thread] DEBUG FXGLAssetLoaderServi - Loading from file system: jar:file:/home/oksana/.gradle/caches/modules-2/files-2.1/com.github.almasb/fxgl/17.2/35db6ae960eec2dcfd19262d3b7f9c42f0e95bc3/fxgl-17.2.jar!/fxglassets/textures/fxgl_default_cursor.png
17:13:19.139 [JavaFX Application Thread] DEBUG Input                - Registered new binding: Screenshot - CTRL+8
17:13:19.140 [JavaFX Application Thread] DEBUG Input                - Registered new binding: System info dump - CTRL+9
17:13:19.140 [JavaFX Application Thread] DEBUG Input                - Registered new binding: Restart - CTRL+R
17:13:19.141 [JavaFX Application Thread] DEBUG Input                - Registered new binding: Toggle Debug Camera - CTRL+7
17:13:19.144 [JavaFX Application Thread] DEBUG LoopRunner           - Starting loop
17:13:19.144 [JavaFX Application Thread] DEBUG LoopRunner           - Initializing JavaFX AnimationTimerLoop
17:13:19.146 [JavaFX Application Thread] DEBUG GameApplicationServi - Starting new game
17:13:19.147 [JavaFX Application Thread] DEBUG Input                - Clearing active input actions
17:13:19.175 [JavaFX Application Thread] DEBUG GameApplicationServi - Removing overlay from FXGLStartupScene and adding to FXGLLoadingScene
17:13:19.176 [JavaFX Application Thread] DEBUG PrimaryStageWindow   - FXGLStartupScene -> FXGLLoadingScene
17:13:19.176 [JavaFX Application Thread] DEBUG GameApplicationServi - Clearing previous game
17:13:19.176 [JavaFX Application Thread] DEBUG GameScene            - Clearing game scene
17:13:19.177 [JavaFX Application Thread] DEBUG GameWorld            - Clearing game world
17:13:19.177 [JavaFX Application Thread] DEBUG PhysicsWorld         - Clearing physics world
17:13:19.180 [FXGL Background Thread 1 ] DEBUG FXGLApplication      - Initializing game
17:13:19.213 [FXGL Background Thread 1 ] DEBUG FXGLAssetLoaderServi - Loading from file system: file:/home/oksana/IdeaProjects/tutorial/build/resources/main/assets/textures/back2.jpg
17:13:19.260 [FXGL Background Thread 1 ] DEBUG FXGLAssetLoaderServi - Loading from file system: file:/home/oksana/IdeaProjects/tutorial/build/resources/main/assets/textures/block1.png
17:13:19.327 [FXGL Background Thread 1 ] DEBUG FXGLAssetLoaderServi - Loading from file system: file:/home/oksana/IdeaProjects/tutorial/build/resources/main/assets/textures/block1.png
17:13:19.337 [FXGL Background Thread 1 ] DEBUG FXGLAssetLoaderServi - Loading from file system: file:/home/oksana/IdeaProjects/tutorial/build/resources/main/assets/textures/block1.png
17:13:19.348 [FXGL Background Thread 1 ] DEBUG FXGLAssetLoaderServi - Loading from file system: file:/home/oksana/IdeaProjects/tutorial/build/resources/main/assets/textures/coin.png
17:13:19.354 [FXGL Background Thread 1 ] DEBUG FXGLAssetLoaderServi - Loading from file system: file:/home/oksana/IdeaProjects/tutorial/build/resources/main/assets/textures/right_enemy.png
17:13:19.361 [FXGL Background Thread 1 ] DEBUG FXGLAssetLoaderServi - Loading from file system: file:/home/oksana/IdeaProjects/tutorial/build/resources/main/assets/textures/right_smart_enemy.png
17:13:19.373 [FXGL Background Thread 1 ] DEBUG FXGLAssetLoaderServi - Loading from file system: file:/home/oksana/IdeaProjects/tutorial/build/resources/main/assets/textures/right_player.png
17:13:19.383 [FXGL Background Thread 1 ] INFO  FXGLApplication      - Game initialization took: 0.202 sec
17:13:19.386 [JavaFX Application Thread] DEBUG Input                - Clearing active input actions
17:13:19.398 [JavaFX Application Thread] DEBUG GameApplicationServi - Removing overlay from FXGLLoadingScene and adding to GameScene
17:13:19.399 [JavaFX Application Thread] DEBUG PrimaryStageWindow   - FXGLLoadingScene -> GameScene
17:13:20.212 [JavaFX Application Thread] DEBUG FXGLAssetLoaderServi - Loading from file system: file:/home/oksana/IdeaProjects/tutorial/build/resources/main/assets/textures/bullet_right.png
17:13:20.376 [FXGL Background Thread 2 ] INFO  UpdaterService       - Your current version:  17.2
17:13:20.376 [FXGL Background Thread 2 ] INFO  UpdaterService       - Latest stable version: 21.1
17:13:22.042 [FXGL Background Thread 3 ] DEBUG Engine               - Logging environment variables
17:13:22.044 [FXGL Background Thread 3 ] DEBUG Engine               - achievements: []
17:13:22.044 [FXGL Background Thread 3 ] DEBUG Engine               - actualHeight: 608.0
17:13:22.044 [FXGL Background Thread 3 ] DEBUG Engine               - actualHeightProperty: ReadOnlyDoubleProperty [value: 608.0]
17:13:22.044 [FXGL Background Thread 3 ] DEBUG Engine               - actualWidth: 598.0
17:13:22.044 [FXGL Background Thread 3 ] DEBUG Engine               - actualWidthProperty: ReadOnlyDoubleProperty [value: 598.0]
17:13:22.044 [FXGL Background Thread 3 ] DEBUG Engine               - appIcon: fxgl_icon.png
17:13:22.045 [FXGL Background Thread 3 ] DEBUG Engine               - applicationMode: DEVELOPER
17:13:22.045 [FXGL Background Thread 3 ] DEBUG Engine               - cSSList: [fxgl_dark.css]
17:13:22.045 [FXGL Background Thread 3 ] DEBUG Engine               - collisionDetectionStrategy: BRUTE_FORCE
17:13:22.045 [FXGL Background Thread 3 ] DEBUG Engine               - configClass: Optional.empty
17:13:22.045 [FXGL Background Thread 3 ] DEBUG Engine               - credits: []
17:13:22.046 [FXGL Background Thread 3 ] DEBUG Engine               - defaultCursor: CursorInfo(imageName=fxgl_default_cursor.png, hotspotX=7.0, hotspotY=6.0)
17:13:22.047 [FXGL Background Thread 3 ] DEBUG Engine               - devBBoxColorProperty: ObjectProperty [value: 0xff0000ff]
17:13:22.047 [FXGL Background Thread 3 ] DEBUG Engine               - devEnableDebugCameraProperty: BooleanProperty [value: false]
17:13:22.047 [FXGL Background Thread 3 ] DEBUG Engine               - devSensorColorProperty: ObjectProperty [value: 0xffff00ff]
17:13:22.047 [FXGL Background Thread 3 ] DEBUG Engine               - devShowBBoxProperty: BooleanProperty [value: false]
17:13:22.047 [FXGL Background Thread 3 ] DEBUG Engine               - devShowPositionProperty: BooleanProperty [value: false]
17:13:22.047 [FXGL Background Thread 3 ] DEBUG Engine               - enabledMenuItems: []
17:13:22.047 [FXGL Background Thread 3 ] DEBUG Engine               - engineServices: [class com.almasb.fxgl.app.services.FXGLAssetLoaderService, class com.almasb.fxgl.app.FXGLApplication$GameApplicationService, class com.almasb.fxgl.app.services.FXGLDialogService, class com.almasb.fxgl.app.services.IOTaskExecutorService, class com.almasb.fxgl.io.FileSystemService, class com.almasb.fxgl.localization.LocalizationService, class com.almasb.fxgl.app.services.SystemBundleService, class com.almasb.fxgl.profile.SaveLoadService, class com.almasb.fxgl.ui.FXGLUIFactoryServiceProvider, class com.almasb.fxgl.ui.FXGLDialogFactoryServiceProvider, class com.almasb.fxgl.audio.AudioPlayer, class com.almasb.fxgl.notification.impl.NotificationServiceProvider, class com.almasb.fxgl.achievement.AchievementService, class com.almasb.fxgl.cutscene.CutsceneService, class com.almasb.fxgl.minigames.MiniGameService, class com.almasb.fxgl.net.NetService, class com.almasb.fxgl.app.services.UpdaterService, class com.almasb.fxgl.dev.DevService]
17:13:22.047 [FXGL Background Thread 3 ] DEBUG Engine               - fontGame: Abel-Regular.ttf
17:13:22.047 [FXGL Background Thread 3 ] DEBUG Engine               - fontMono: TerminalLandMono-Regular.otf
17:13:22.047 [FXGL Background Thread 3 ] DEBUG Engine               - fontText: Courier-Prime.ttf
17:13:22.048 [FXGL Background Thread 3 ] DEBUG Engine               - fontUI: VarelaRound-Regular.ttf
17:13:22.048 [FXGL Background Thread 3 ] DEBUG Engine               - fullScreen: BooleanProperty [value: false]
17:13:22.048 [FXGL Background Thread 3 ] DEBUG Engine               - gameDifficulty: MEDIUM
17:13:22.048 [FXGL Background Thread 3 ] DEBUG Engine               - gameDifficultyProperty: ObjectProperty [value: MEDIUM]
17:13:22.048 [FXGL Background Thread 3 ] DEBUG Engine               - globalMusicVolume: 0.5
17:13:22.048 [FXGL Background Thread 3 ] DEBUG Engine               - globalMusicVolumeProperty: DoubleProperty [value: 0.5]
17:13:22.048 [FXGL Background Thread 3 ] DEBUG Engine               - globalSoundVolume: 0.5
17:13:22.048 [FXGL Background Thread 3 ] DEBUG Engine               - globalSoundVolumeProperty: DoubleProperty [value: 0.5]
17:13:22.048 [FXGL Background Thread 3 ] DEBUG Engine               - height: 600
17:13:22.048 [FXGL Background Thread 3 ] DEBUG Engine               - is3D: false
17:13:22.048 [FXGL Background Thread 3 ] DEBUG Engine               - isAndroid: false
17:13:22.048 [FXGL Background Thread 3 ] DEBUG Engine               - isBrowser: false
17:13:22.048 [FXGL Background Thread 3 ] DEBUG Engine               - isClickFeedbackEnabled: false
17:13:22.049 [FXGL Background Thread 3 ] DEBUG Engine               - isCloseConfirmation: false
17:13:22.049 [FXGL Background Thread 3 ] DEBUG Engine               - isDesktop: true
17:13:22.049 [FXGL Background Thread 3 ] DEBUG Engine               - isDeveloperMenuEnabled: false
17:13:22.049 [FXGL Background Thread 3 ] DEBUG Engine               - isEmbedded: false
17:13:22.049 [FXGL Background Thread 3 ] DEBUG Engine               - isEntityPreloadEnabled: true
17:13:22.049 [FXGL Background Thread 3 ] DEBUG Engine               - isExperimentalTiledLargeMap: false
17:13:22.049 [FXGL Background Thread 3 ] DEBUG Engine               - isFileSystemWriteAllowed: true
17:13:22.049 [FXGL Background Thread 3 ] DEBUG Engine               - isFullScreenAllowed: false
17:13:22.049 [FXGL Background Thread 3 ] DEBUG Engine               - isFullScreenFromStart: false
17:13:22.049 [FXGL Background Thread 3 ] DEBUG Engine               - isGameMenuEnabled: true
17:13:22.049 [FXGL Background Thread 3 ] DEBUG Engine               - isIOS: false
17:13:22.049 [FXGL Background Thread 3 ] DEBUG Engine               - isIntroEnabled: false
17:13:22.049 [FXGL Background Thread 3 ] DEBUG Engine               - isLinux: true
17:13:22.049 [FXGL Background Thread 3 ] DEBUG Engine               - isMac: false
17:13:22.049 [FXGL Background Thread 3 ] DEBUG Engine               - isMainMenuEnabled: false
17:13:22.050 [FXGL Background Thread 3 ] DEBUG Engine               - isManualResizeEnabled: false
17:13:22.050 [FXGL Background Thread 3 ] DEBUG Engine               - isMobile: false
17:13:22.050 [FXGL Background Thread 3 ] DEBUG Engine               - isNative: false
17:13:22.050 [FXGL Background Thread 3 ] DEBUG Engine               - isPauseMusicWhenMinimized: true
17:13:22.050 [FXGL Background Thread 3 ] DEBUG Engine               - isPreserveResizeRatio: false
17:13:22.050 [FXGL Background Thread 3 ] DEBUG Engine               - isProfilingEnabled: false
17:13:22.050 [FXGL Background Thread 3 ] DEBUG Engine               - isScaleAffectedOnResize: true
17:13:22.050 [FXGL Background Thread 3 ] DEBUG Engine               - isSingleStep: false
17:13:22.050 [FXGL Background Thread 3 ] DEBUG Engine               - isUserProfileEnabled: false
17:13:22.050 [FXGL Background Thread 3 ] DEBUG Engine               - isWindows: false
17:13:22.050 [FXGL Background Thread 3 ] DEBUG Engine               - language: ObjectProperty [value: ENGLISH]
17:13:22.050 [FXGL Background Thread 3 ] DEBUG Engine               - menuKey: ESCAPE
17:13:22.050 [FXGL Background Thread 3 ] DEBUG Engine               - mouseSensitivity: 0.2
17:13:22.050 [FXGL Background Thread 3 ] DEBUG Engine               - notificationViewClass: class com.almasb.fxgl.notification.view.XboxNotificationView
17:13:22.050 [FXGL Background Thread 3 ] DEBUG Engine               - pixelsPerMeter: 50.0
17:13:22.050 [FXGL Background Thread 3 ] DEBUG Engine               - platform: LINUX
17:13:22.050 [FXGL Background Thread 3 ] DEBUG Engine               - prefHeightProperty: ReadOnlyDoubleProperty [value: 600.0]
17:13:22.050 [FXGL Background Thread 3 ] DEBUG Engine               - prefWidthProperty: ReadOnlyDoubleProperty [value: 600.0]
17:13:22.051 [FXGL Background Thread 3 ] DEBUG Engine               - profileDir: profiles/
17:13:22.051 [FXGL Background Thread 3 ] DEBUG Engine               - profileName: StringProperty [value: DEFAULT]
17:13:22.051 [FXGL Background Thread 3 ] DEBUG Engine               - randomSeed: -1
17:13:22.051 [FXGL Background Thread 3 ] DEBUG Engine               - runtimeInfo: RuntimeInfo(platform=LINUX, version=17.2, build=20.08.2022 16.50)
17:13:22.051 [FXGL Background Thread 3 ] DEBUG Engine               - saveFileExt: sav
17:13:22.051 [FXGL Background Thread 3 ] DEBUG Engine               - scaledHeightProp$fxgl: DoubleProperty [bound, value: 608.0]
17:13:22.052 [FXGL Background Thread 3 ] DEBUG Engine               - scaledWidthProp$fxgl: DoubleProperty [bound, value: 598.0]
17:13:22.052 [FXGL Background Thread 3 ] DEBUG Engine               - sceneFactory: com.almasb.fxgl.app.scene.SceneFactory@cc18b02
17:13:22.052 [FXGL Background Thread 3 ] DEBUG Engine               - secondsIn24h: 60
17:13:22.052 [FXGL Background Thread 3 ] DEBUG Engine               - soundMenuBack: menu/back.wav
17:13:22.052 [FXGL Background Thread 3 ] DEBUG Engine               - soundMenuPress: menu/press.wav
17:13:22.052 [FXGL Background Thread 3 ] DEBUG Engine               - soundMenuSelect: menu/select.wav
17:13:22.052 [FXGL Background Thread 3 ] DEBUG Engine               - soundNotification: core/notification.wav
17:13:22.052 [FXGL Background Thread 3 ] DEBUG Engine               - stageStyle: DECORATED
17:13:22.052 [FXGL Background Thread 3 ] DEBUG Engine               - supportedLanguages: [ENGLISH, FRENCH, GERMAN, HUNGARIAN, RUSSIAN]
17:13:22.052 [FXGL Background Thread 3 ] DEBUG Engine               - ticksPerSecond: -1
17:13:22.053 [FXGL Background Thread 3 ] DEBUG Engine               - title: Game
17:13:22.053 [FXGL Background Thread 3 ] DEBUG Engine               - urlGithub: https://github.com/AlmasB/FXGL
17:13:22.053 [FXGL Background Thread 3 ] DEBUG Engine               - urlLeaderboard: http://fxgl-top.herokuapp.com/
17:13:22.053 [FXGL Background Thread 3 ] DEBUG Engine               - urlPOM: https://raw.githubusercontent.com/AlmasB/FXGL/release/README.md
17:13:22.053 [FXGL Background Thread 3 ] DEBUG Engine               - userAppClass: class nsu.GameApp
17:13:22.053 [FXGL Background Thread 3 ] DEBUG Engine               - version: 0.0
17:13:22.053 [FXGL Background Thread 3 ] DEBUG Engine               - versionCheckDays: 7
17:13:22.053 [FXGL Background Thread 3 ] DEBUG Engine               - width: 600
17:13:22.053 [FXGL Background Thread 3 ] DEBUG Engine               - Logging services
17:13:22.053 [FXGL Background Thread 3 ] DEBUG Engine               - class com.almasb.fxgl.app.services.FXGLAssetLoaderService
17:13:22.053 [FXGL Background Thread 3 ] DEBUG Engine               - class com.almasb.fxgl.app.FXGLApplication$GameApplicationService
17:13:22.053 [FXGL Background Thread 3 ] DEBUG Engine               - class com.almasb.fxgl.app.services.FXGLDialogService
17:13:22.053 [FXGL Background Thread 3 ] DEBUG Engine               - class com.almasb.fxgl.app.services.IOTaskExecutorService
17:13:22.053 [FXGL Background Thread 3 ] DEBUG Engine               - class com.almasb.fxgl.io.FileSystemService
17:13:22.053 [FXGL Background Thread 3 ] DEBUG Engine               - class com.almasb.fxgl.localization.LocalizationService
17:13:22.053 [FXGL Background Thread 3 ] DEBUG Engine               - class com.almasb.fxgl.app.services.SystemBundleService
17:13:22.053 [FXGL Background Thread 3 ] DEBUG Engine               - class com.almasb.fxgl.profile.SaveLoadService
17:13:22.054 [FXGL Background Thread 3 ] DEBUG Engine               - class com.almasb.fxgl.ui.FXGLUIFactoryServiceProvider
17:13:22.054 [FXGL Background Thread 3 ] DEBUG Engine               - class com.almasb.fxgl.ui.FXGLDialogFactoryServiceProvider
17:13:22.054 [FXGL Background Thread 3 ] DEBUG Engine               - class com.almasb.fxgl.audio.AudioPlayer
17:13:22.054 [FXGL Background Thread 3 ] DEBUG Engine               - class com.almasb.fxgl.notification.impl.NotificationServiceProvider
17:13:22.054 [FXGL Background Thread 3 ] DEBUG Engine               - class com.almasb.fxgl.achievement.AchievementService
17:13:22.054 [FXGL Background Thread 3 ] DEBUG Engine               - class com.almasb.fxgl.cutscene.CutsceneService
17:13:22.054 [FXGL Background Thread 3 ] DEBUG Engine               - class com.almasb.fxgl.minigames.MiniGameService
17:13:22.054 [FXGL Background Thread 3 ] DEBUG Engine               - class com.almasb.fxgl.net.NetService
17:13:22.054 [FXGL Background Thread 3 ] DEBUG Engine               - class com.almasb.fxgl.app.services.UpdaterService
17:13:22.054 [FXGL Background Thread 3 ] DEBUG Engine               - class com.almasb.fxgl.dev.DevService
17:13:22.933 [JavaFX Application Thread] DEBUG PrimaryStageWindow   - Push state: DialogSubScene
17:13:22.934 [JavaFX Application Thread] DEBUG Input                - Clearing active input actions
17:13:22.948 [JavaFX Application Thread] DEBUG GameApplicationServi - Removing overlay from GameScene and adding to DialogSubScene
17:13:22.949 [JavaFX Application Thread] DEBUG PrimaryStageWindow   - GameScene -> DialogSubScene
17:13:24.803 [JavaFX Application Thread] DEBUG PrimaryStageWindow   - Pop state: DialogSubScene
17:13:24.803 [JavaFX Application Thread] DEBUG Input                - Clearing active input actions
17:13:24.805 [JavaFX Application Thread] DEBUG GameApplicationServi - Removing overlay from DialogSubScene and adding to GameScene
17:13:24.805 [JavaFX Application Thread] DEBUG PrimaryStageWindow   - GameScene <- DialogSubScene
17:13:24.805 [JavaFX Application Thread] DEBUG FXGLApplication      - Exiting FXGL
17:13:24.806 [JavaFX Application Thread] DEBUG LoopRunner           - Stopping loop
17:13:24.806 [JavaFX Application Thread] DEBUG SystemBundleService  - Saving FXGL system data
17:13:24.809 [JavaFX Application Thread] DEBUG FileSystemAccess     - Writing to: /home/oksana/IdeaProjects/tutorial/system/fxgl.bundle
17:13:24.812 [JavaFX Application Thread] DEBUG Async                - Shutting down background threads
17:13:24.812 [JavaFX Application Thread] DEBUG PrimaryStageWindow   - Closing main window
17:13:24.815 [JavaFX Application Thread] DEBUG Logger               - Closing Logger
