21:11:50.707 [main                     ] DEBUG Logger               - Configured Logger
21:11:50.761 [main                     ] DEBUG GameApplication      - Logging settings
Title: Game
Version: 0.0
Width: 600
Height: 600
Fullscreen: false
Intro: false
Profiling: false
Single step:false
App Mode: DEVELOPER
Menu Key: ESCAPE
Stage Style: DECORATED
Scene Factory: class com.almasb.fxgl.app.scene.SceneFactory

21:11:51.418 [JavaFX Application Thread] DEBUG FXGLApplication      - Initializing FXGL
21:11:51.427 [JavaFX Application Thread] INFO  Engine               - FXGL-17.2 (20.08.2022 16.50) on LINUX (J:23.0.2 FX:18)
21:11:51.427 [JavaFX Application Thread] DEBUG Engine               - JRE Vendor Name: Oracle Corporation
21:11:51.428 [JavaFX Application Thread] DEBUG Engine               - Running on OS: Linux version 6.8.0-58-generic
21:11:51.429 [JavaFX Application Thread] DEBUG Engine               - Architecture: amd64
21:11:51.429 [JavaFX Application Thread] INFO  Engine               - Source code and latest versions at: https://github.com/AlmasB/FXGL
21:11:51.430 [JavaFX Application Thread] INFO  Engine               -       Ask questions and discuss at: https://github.com/AlmasB/FXGL/discussions
21:11:51.430 [JavaFX Application Thread] INFO  Engine               -              Join the FXGL chat at: https://gitter.im/AlmasB/FXGL
21:11:51.626 [JavaFX Application Thread] DEBUG PrimaryStageWindow   - Creating a JavaFX scene
21:11:51.791 [JavaFX Application Thread] DEBUG PrimaryStageWindow   - Target settings size: 600.0 x 600.0
21:11:51.792 [JavaFX Application Thread] DEBUG PrimaryStageWindow   - Scaled scene size:    600.0 x 600.0
21:11:51.793 [JavaFX Application Thread] DEBUG PrimaryStageWindow   - Scaled ratio: (1.0, 1.0)
21:11:51.795 [JavaFX Application Thread] DEBUG PrimaryStageWindow   - Set initial scene to FXGLStartupScene
21:11:51.813 [JavaFX Application Thread] DEBUG PrimaryStageWindow   - Opening main window
21:11:51.911 [JavaFX Application Thread] DEBUG PrimaryStageWindow   - Window border size: (2.0, 29.0)
21:11:51.912 [JavaFX Application Thread] DEBUG PrimaryStageWindow   - Scaled size: 600.0 x 600.0
21:11:51.913 [JavaFX Application Thread] DEBUG PrimaryStageWindow   - Scaled ratio: (1.0, 1.0)
21:11:51.913 [JavaFX Application Thread] DEBUG PrimaryStageWindow   - Scene size: 600.0 x 600.0
21:11:51.914 [JavaFX Application Thread] DEBUG PrimaryStageWindow   - Stage size: 602.0 x 629.0
21:11:51.937 [FXGL Background Thread 1 ] DEBUG Engine               - Initializing environment variables
21:11:52.383 [FXGL Background Thread 1 ] DEBUG FXGLAssetLoaderServi - User app class for loading assets: class nsu.GameApp
21:11:52.384 [FXGL Background Thread 1 ] DEBUG GameApplicationServi - Applying CSS: fxgl_dark.css
21:11:52.388 [FXGL Background Thread 1 ] DEBUG FXGLAssetLoaderServi - Loading from file system: jar:file:/home/oksana/.gradle/caches/modules-2/files-2.1/com.github.almasb/fxgl/17.2/35db6ae960eec2dcfd19262d3b7f9c42f0e95bc3/fxgl-17.2.jar!/fxglassets/ui/css/fxgl_dark.css
21:11:52.636 [FXGL Background Thread 1 ] DEBUG GameApplicationServi - Initializing application scenes
21:11:52.883 [FXGL Background Thread 1 ] DEBUG GameWorld            - Game world initialized
21:11:53.156 [FXGL Background Thread 1 ] DEBUG PhysicsWorld         - Physics world initialized: appHeight=600, physics.ppm=50.0
21:11:53.157 [FXGL Background Thread 1 ] DEBUG PhysicsWorld         - Using strategy: BRUTE_FORCE
21:11:53.174 [FXGL Background Thread 1 ] DEBUG GameScene            - Game scene initialized: 600x600
21:11:53.218 [FXGL Background Thread 1 ] WARN  FXGL.DefaultMenu     - FXGLDefaultMenu is not designed for resolutions < 800x600
21:11:53.220 [FXGL Background Thread 1 ] DEBUG FXGL.DefaultMenu     - createMenuBodyGameMenu()
21:11:53.304 [FXGL Background Thread 1 ] DEBUG FXGL.DefaultMenu     - createOptionsMenu()
21:11:53.376 [FXGL Background Thread 1 ] DEBUG FXGLAssetLoaderServi - Loading from file system: jar:file:/home/oksana/.gradle/caches/modules-2/files-2.1/com.github.almasb/fxgl/17.2/35db6ae960eec2dcfd19262d3b7f9c42f0e95bc3/fxgl-17.2.jar!/fxglassets/textures/particles/smoke.png
21:11:53.759 [FXGL Background Thread 1 ] DEBUG FXGLAssetLoaderServi - Loading from file system: jar:file:/home/oksana/.gradle/caches/modules-2/files-2.1/com.github.almasb/fxgl/17.2/35db6ae960eec2dcfd19262d3b7f9c42f0e95bc3/fxgl-17.2.jar!/fxglassets/textures/particles/trace_horizontal.png
21:11:53.840 [FXGL Background Thread 1 ] DEBUG GameApplicationServi - Application scenes initialized
21:11:53.901 [FXGL Background Thread 1 ] DEBUG SystemBundleService  - Loading FXGL system data
21:11:53.913 [FXGL Background Thread 1 ] DEBUG FileSystemAccess     - Reading from: /home/oksana/IdeaProjects/tutorial/system/fxgl.bundle
21:11:53.950 [FXGL Background Thread 1 ] DEBUG SystemBundleService  - Bundle FXGL: {}
21:11:53.950 [FXGL Background Thread 1 ] DEBUG UpdaterService       - Checking for updates
21:11:53.976 [FXGL Background Thread 4 ] DEBUG FXGLApplication      - Loading fonts
21:11:53.977 [FXGL Background Thread 4 ] DEBUG FXGLAssetLoaderServi - Loading from file system: jar:file:/home/oksana/.gradle/caches/modules-2/files-2.1/com.github.almasb/fxgl/17.2/35db6ae960eec2dcfd19262d3b7f9c42f0e95bc3/fxgl-17.2.jar!/fxglassets/ui/fonts/VarelaRound-Regular.ttf
21:11:53.981 [FXGL Background Thread 1 ] DEBUG FXGLApplication      - Loading default localization
21:11:53.984 [FXGL Background Thread 1 ] DEBUG FXGLAssetLoaderServi - Loading from file system: jar:file:/home/oksana/.gradle/caches/modules-2/files-2.1/com.github.almasb/fxgl/17.2/35db6ae960eec2dcfd19262d3b7f9c42f0e95bc3/fxgl-17.2.jar!/fxglassets/languages/english.lang
21:11:54.035 [FXGL Background Thread 4 ] DEBUG FXGLAssetLoaderServi - Loading from file system: jar:file:/home/oksana/.gradle/caches/modules-2/files-2.1/com.github.almasb/fxgl/17.2/35db6ae960eec2dcfd19262d3b7f9c42f0e95bc3/fxgl-17.2.jar!/fxglassets/ui/fonts/Abel-Regular.ttf
21:11:54.047 [FXGL Background Thread 4 ] DEBUG FXGLAssetLoaderServi - Loading from file system: jar:file:/home/oksana/.gradle/caches/modules-2/files-2.1/com.github.almasb/fxgl/17.2/35db6ae960eec2dcfd19262d3b7f9c42f0e95bc3/fxgl-17.2.jar!/fxglassets/ui/fonts/TerminalLandMono-Regular.otf
21:11:54.060 [FXGL Background Thread 4 ] DEBUG FXGLAssetLoaderServi - Loading from file system: jar:file:/home/oksana/.gradle/caches/modules-2/files-2.1/com.github.almasb/fxgl/17.2/35db6ae960eec2dcfd19262d3b7f9c42f0e95bc3/fxgl-17.2.jar!/fxglassets/ui/fonts/Courier-Prime.ttf
21:11:54.078 [FXGL Background Thread 1 ] INFO  FXGLApplication      - FXGL initialization took: 2.141 sec
21:11:54.081 [JavaFX Application Thread] DEBUG FXGLApplication      - Registering font factories with UI factory
21:11:54.124 [JavaFX Application Thread] DEBUG Input                - Registered new binding: Move Right - D
21:11:54.128 [JavaFX Application Thread] DEBUG Input                - Registered new binding: Move Left - A
21:11:54.128 [JavaFX Application Thread] DEBUG Input                - Registered new binding: Jump - W
21:11:54.129 [JavaFX Application Thread] DEBUG Input                - Registered new binding: Shot - Space
21:11:54.130 [JavaFX Application Thread] DEBUG FXGLAssetLoaderServi - Loading from file system: jar:file:/home/oksana/.gradle/caches/modules-2/files-2.1/com.github.almasb/fxgl/17.2/35db6ae960eec2dcfd19262d3b7f9c42f0e95bc3/fxgl-17.2.jar!/fxglassets/textures/fxgl_icon.png
21:11:54.205 [JavaFX Application Thread] DEBUG FXGLAssetLoaderServi - Loading from file system: jar:file:/home/oksana/.gradle/caches/modules-2/files-2.1/com.github.almasb/fxgl/17.2/35db6ae960eec2dcfd19262d3b7f9c42f0e95bc3/fxgl-17.2.jar!/fxglassets/textures/fxgl_default_cursor.png
21:11:54.211 [JavaFX Application Thread] DEBUG Input                - Registered new binding: Screenshot - CTRL+8
21:11:54.213 [JavaFX Application Thread] DEBUG Input                - Registered new binding: System info dump - CTRL+9
21:11:54.214 [JavaFX Application Thread] DEBUG Input                - Registered new binding: Restart - CTRL+R
21:11:54.215 [JavaFX Application Thread] DEBUG Input                - Registered new binding: Toggle Debug Camera - CTRL+7
21:11:54.220 [JavaFX Application Thread] DEBUG LoopRunner           - Starting loop
21:11:54.220 [JavaFX Application Thread] DEBUG LoopRunner           - Initializing JavaFX AnimationTimerLoop
21:11:54.226 [JavaFX Application Thread] DEBUG GameApplicationServi - Starting new game
21:11:54.227 [JavaFX Application Thread] DEBUG Input                - Clearing active input actions
21:11:54.289 [JavaFX Application Thread] DEBUG GameApplicationServi - Removing overlay from FXGLStartupScene and adding to FXGLLoadingScene
21:11:54.291 [JavaFX Application Thread] DEBUG PrimaryStageWindow   - FXGLStartupScene -> FXGLLoadingScene
21:11:54.291 [JavaFX Application Thread] DEBUG GameApplicationServi - Clearing previous game
21:11:54.291 [JavaFX Application Thread] DEBUG GameScene            - Clearing game scene
21:11:54.291 [JavaFX Application Thread] DEBUG GameWorld            - Clearing game world
21:11:54.292 [JavaFX Application Thread] DEBUG PhysicsWorld         - Clearing physics world
21:11:54.296 [FXGL Background Thread 1 ] DEBUG FXGLApplication      - Initializing game
21:11:54.362 [FXGL Background Thread 1 ] DEBUG FXGLAssetLoaderServi - Loading from file system: file:/home/oksana/IdeaProjects/tutorial/build/resources/main/assets/textures/back2.jpg
21:11:54.455 [FXGL Background Thread 1 ] DEBUG FXGLAssetLoaderServi - Loading from file system: file:/home/oksana/IdeaProjects/tutorial/build/resources/main/assets/textures/block1.png
21:11:54.578 [FXGL Background Thread 1 ] DEBUG FXGLAssetLoaderServi - Loading from file system: file:/home/oksana/IdeaProjects/tutorial/build/resources/main/assets/textures/block1.png
21:11:54.591 [FXGL Background Thread 1 ] DEBUG FXGLAssetLoaderServi - Loading from file system: file:/home/oksana/IdeaProjects/tutorial/build/resources/main/assets/textures/block1.png
21:11:54.609 [FXGL Background Thread 1 ] DEBUG FXGLAssetLoaderServi - Loading from file system: file:/home/oksana/IdeaProjects/tutorial/build/resources/main/assets/textures/coin.png
21:11:54.618 [FXGL Background Thread 1 ] DEBUG FXGLAssetLoaderServi - Loading from file system: file:/home/oksana/IdeaProjects/tutorial/build/resources/main/assets/textures/right_enemy.png
21:11:54.640 [FXGL Background Thread 1 ] DEBUG FXGLAssetLoaderServi - Loading from file system: file:/home/oksana/IdeaProjects/tutorial/build/resources/main/assets/textures/right_smart_enemy.png
21:11:54.663 [FXGL Background Thread 1 ] DEBUG FXGLAssetLoaderServi - Loading from file system: file:/home/oksana/IdeaProjects/tutorial/build/resources/main/assets/textures/right_player.png
21:11:54.683 [FXGL Background Thread 1 ] INFO  FXGLApplication      - Game initialization took: 0.387 sec
21:11:54.694 [JavaFX Application Thread] DEBUG Input                - Clearing active input actions
21:11:54.708 [JavaFX Application Thread] DEBUG GameApplicationServi - Removing overlay from FXGLLoadingScene and adding to GameScene
21:11:54.709 [JavaFX Application Thread] DEBUG PrimaryStageWindow   - FXGLLoadingScene -> GameScene
21:11:56.296 [FXGL Background Thread 2 ] INFO  UpdaterService       - Your current version:  17.2
21:11:56.297 [FXGL Background Thread 2 ] INFO  UpdaterService       - Latest stable version: 21.1
21:11:56.966 [FXGL Background Thread 3 ] DEBUG Engine               - Logging environment variables
21:11:56.969 [FXGL Background Thread 3 ] DEBUG Engine               - achievements: []
21:11:56.969 [FXGL Background Thread 3 ] DEBUG Engine               - actualHeight: 608.0
21:11:56.969 [FXGL Background Thread 3 ] DEBUG Engine               - actualHeightProperty: ReadOnlyDoubleProperty [value: 608.0]
21:11:56.969 [FXGL Background Thread 3 ] DEBUG Engine               - actualWidth: 598.0
21:11:56.969 [FXGL Background Thread 3 ] DEBUG Engine               - actualWidthProperty: ReadOnlyDoubleProperty [value: 598.0]
21:11:56.970 [FXGL Background Thread 3 ] DEBUG Engine               - appIcon: fxgl_icon.png
21:11:56.970 [FXGL Background Thread 3 ] DEBUG Engine               - applicationMode: DEVELOPER
21:11:56.970 [FXGL Background Thread 3 ] DEBUG Engine               - cSSList: [fxgl_dark.css]
21:11:56.970 [FXGL Background Thread 3 ] DEBUG Engine               - collisionDetectionStrategy: BRUTE_FORCE
21:11:56.970 [FXGL Background Thread 3 ] DEBUG Engine               - configClass: Optional.empty
21:11:56.970 [FXGL Background Thread 3 ] DEBUG Engine               - credits: []
21:11:56.973 [FXGL Background Thread 3 ] DEBUG Engine               - defaultCursor: CursorInfo(imageName=fxgl_default_cursor.png, hotspotX=7.0, hotspotY=6.0)
21:11:56.974 [FXGL Background Thread 3 ] DEBUG Engine               - devBBoxColorProperty: ObjectProperty [value: 0xff0000ff]
21:11:56.974 [FXGL Background Thread 3 ] DEBUG Engine               - devEnableDebugCameraProperty: BooleanProperty [value: false]
21:11:56.974 [FXGL Background Thread 3 ] DEBUG Engine               - devSensorColorProperty: ObjectProperty [value: 0xffff00ff]
21:11:56.974 [FXGL Background Thread 3 ] DEBUG Engine               - devShowBBoxProperty: BooleanProperty [value: false]
21:11:56.974 [FXGL Background Thread 3 ] DEBUG Engine               - devShowPositionProperty: BooleanProperty [value: false]
21:11:56.974 [FXGL Background Thread 3 ] DEBUG Engine               - enabledMenuItems: []
21:11:56.976 [FXGL Background Thread 3 ] DEBUG Engine               - engineServices: [class com.almasb.fxgl.app.services.FXGLAssetLoaderService, class com.almasb.fxgl.app.FXGLApplication$GameApplicationService, class com.almasb.fxgl.app.services.FXGLDialogService, class com.almasb.fxgl.app.services.IOTaskExecutorService, class com.almasb.fxgl.io.FileSystemService, class com.almasb.fxgl.localization.LocalizationService, class com.almasb.fxgl.app.services.SystemBundleService, class com.almasb.fxgl.profile.SaveLoadService, class com.almasb.fxgl.ui.FXGLUIFactoryServiceProvider, class com.almasb.fxgl.ui.FXGLDialogFactoryServiceProvider, class com.almasb.fxgl.audio.AudioPlayer, class com.almasb.fxgl.notification.impl.NotificationServiceProvider, class com.almasb.fxgl.achievement.AchievementService, class com.almasb.fxgl.cutscene.CutsceneService, class com.almasb.fxgl.minigames.MiniGameService, class com.almasb.fxgl.net.NetService, class com.almasb.fxgl.app.services.UpdaterService, class com.almasb.fxgl.dev.DevService]
21:11:56.976 [FXGL Background Thread 3 ] DEBUG Engine               - fontGame: Abel-Regular.ttf
21:11:56.976 [FXGL Background Thread 3 ] DEBUG Engine               - fontMono: TerminalLandMono-Regular.otf
21:11:56.977 [FXGL Background Thread 3 ] DEBUG Engine               - fontText: Courier-Prime.ttf
21:11:56.977 [FXGL Background Thread 3 ] DEBUG Engine               - fontUI: VarelaRound-Regular.ttf
21:11:56.977 [FXGL Background Thread 3 ] DEBUG Engine               - fullScreen: BooleanProperty [value: false]
21:11:56.977 [FXGL Background Thread 3 ] DEBUG Engine               - gameDifficulty: MEDIUM
21:11:56.977 [FXGL Background Thread 3 ] DEBUG Engine               - gameDifficultyProperty: ObjectProperty [value: MEDIUM]
21:11:56.977 [FXGL Background Thread 3 ] DEBUG Engine               - globalMusicVolume: 0.5
21:11:56.977 [FXGL Background Thread 3 ] DEBUG Engine               - globalMusicVolumeProperty: DoubleProperty [value: 0.5]
21:11:56.977 [FXGL Background Thread 3 ] DEBUG Engine               - globalSoundVolume: 0.5
21:11:56.977 [FXGL Background Thread 3 ] DEBUG Engine               - globalSoundVolumeProperty: DoubleProperty [value: 0.5]
21:11:56.977 [FXGL Background Thread 3 ] DEBUG Engine               - height: 600
21:11:56.978 [FXGL Background Thread 3 ] DEBUG Engine               - is3D: false
21:11:56.978 [FXGL Background Thread 3 ] DEBUG Engine               - isAndroid: false
21:11:56.978 [FXGL Background Thread 3 ] DEBUG Engine               - isBrowser: false
21:11:56.978 [FXGL Background Thread 3 ] DEBUG Engine               - isClickFeedbackEnabled: false
21:11:56.978 [FXGL Background Thread 3 ] DEBUG Engine               - isCloseConfirmation: false
21:11:56.978 [FXGL Background Thread 3 ] DEBUG Engine               - isDesktop: true
21:11:56.978 [FXGL Background Thread 3 ] DEBUG Engine               - isDeveloperMenuEnabled: false
21:11:56.978 [FXGL Background Thread 3 ] DEBUG Engine               - isEmbedded: false
21:11:56.978 [FXGL Background Thread 3 ] DEBUG Engine               - isEntityPreloadEnabled: true
21:11:56.978 [FXGL Background Thread 3 ] DEBUG Engine               - isExperimentalTiledLargeMap: false
21:11:56.979 [FXGL Background Thread 3 ] DEBUG Engine               - isFileSystemWriteAllowed: true
21:11:56.979 [FXGL Background Thread 3 ] DEBUG Engine               - isFullScreenAllowed: false
21:11:56.979 [FXGL Background Thread 3 ] DEBUG Engine               - isFullScreenFromStart: false
21:11:56.979 [FXGL Background Thread 3 ] DEBUG Engine               - isGameMenuEnabled: true
21:11:56.979 [FXGL Background Thread 3 ] DEBUG Engine               - isIOS: false
21:11:56.980 [FXGL Background Thread 3 ] DEBUG Engine               - isIntroEnabled: false
21:11:56.980 [FXGL Background Thread 3 ] DEBUG Engine               - isLinux: true
21:11:56.980 [FXGL Background Thread 3 ] DEBUG Engine               - isMac: false
21:11:56.980 [FXGL Background Thread 3 ] DEBUG Engine               - isMainMenuEnabled: false
21:11:56.980 [FXGL Background Thread 3 ] DEBUG Engine               - isManualResizeEnabled: false
21:11:56.980 [FXGL Background Thread 3 ] DEBUG Engine               - isMobile: false
21:11:56.980 [FXGL Background Thread 3 ] DEBUG Engine               - isNative: false
21:11:56.980 [FXGL Background Thread 3 ] DEBUG Engine               - isPauseMusicWhenMinimized: true
21:11:56.980 [FXGL Background Thread 3 ] DEBUG Engine               - isPreserveResizeRatio: false
21:11:56.980 [FXGL Background Thread 3 ] DEBUG Engine               - isProfilingEnabled: false
21:11:56.980 [FXGL Background Thread 3 ] DEBUG Engine               - isScaleAffectedOnResize: true
21:11:56.980 [FXGL Background Thread 3 ] DEBUG Engine               - isSingleStep: false
21:11:56.980 [FXGL Background Thread 3 ] DEBUG Engine               - isUserProfileEnabled: false
21:11:56.980 [FXGL Background Thread 3 ] DEBUG Engine               - isWindows: false
21:11:56.981 [FXGL Background Thread 3 ] DEBUG Engine               - language: ObjectProperty [value: ENGLISH]
21:11:56.981 [FXGL Background Thread 3 ] DEBUG Engine               - menuKey: ESCAPE
21:11:56.981 [FXGL Background Thread 3 ] DEBUG Engine               - mouseSensitivity: 0.2
21:11:56.981 [FXGL Background Thread 3 ] DEBUG Engine               - notificationViewClass: class com.almasb.fxgl.notification.view.XboxNotificationView
21:11:56.981 [FXGL Background Thread 3 ] DEBUG Engine               - pixelsPerMeter: 50.0
21:11:56.981 [FXGL Background Thread 3 ] DEBUG Engine               - platform: LINUX
21:11:56.981 [FXGL Background Thread 3 ] DEBUG Engine               - prefHeightProperty: ReadOnlyDoubleProperty [value: 600.0]
21:11:56.981 [FXGL Background Thread 3 ] DEBUG Engine               - prefWidthProperty: ReadOnlyDoubleProperty [value: 600.0]
21:11:56.981 [FXGL Background Thread 3 ] DEBUG Engine               - profileDir: profiles/
21:11:56.981 [FXGL Background Thread 3 ] DEBUG Engine               - profileName: StringProperty [value: DEFAULT]
21:11:56.982 [FXGL Background Thread 3 ] DEBUG Engine               - randomSeed: -1
21:11:56.984 [FXGL Background Thread 3 ] DEBUG Engine               - runtimeInfo: RuntimeInfo(platform=LINUX, version=17.2, build=20.08.2022 16.50)
21:11:56.984 [FXGL Background Thread 3 ] DEBUG Engine               - saveFileExt: sav
21:11:56.984 [FXGL Background Thread 3 ] DEBUG Engine               - scaledHeightProp$fxgl: DoubleProperty [bound, value: 608.0]
21:11:56.984 [FXGL Background Thread 3 ] DEBUG Engine               - scaledWidthProp$fxgl: DoubleProperty [bound, value: 598.0]
21:11:56.985 [FXGL Background Thread 3 ] DEBUG Engine               - sceneFactory: com.almasb.fxgl.app.scene.SceneFactory@63e62f
21:11:56.985 [FXGL Background Thread 3 ] DEBUG Engine               - secondsIn24h: 60
21:11:56.985 [FXGL Background Thread 3 ] DEBUG Engine               - soundMenuBack: menu/back.wav
21:11:56.985 [FXGL Background Thread 3 ] DEBUG Engine               - soundMenuPress: menu/press.wav
21:11:56.986 [FXGL Background Thread 3 ] DEBUG Engine               - soundMenuSelect: menu/select.wav
21:11:56.986 [FXGL Background Thread 3 ] DEBUG Engine               - soundNotification: core/notification.wav
21:11:56.986 [FXGL Background Thread 3 ] DEBUG Engine               - stageStyle: DECORATED
21:11:56.986 [FXGL Background Thread 3 ] DEBUG Engine               - supportedLanguages: [ENGLISH, FRENCH, GERMAN, HUNGARIAN, RUSSIAN]
21:11:56.987 [FXGL Background Thread 3 ] DEBUG Engine               - ticksPerSecond: -1
21:11:56.987 [FXGL Background Thread 3 ] DEBUG Engine               - title: Game
21:11:56.987 [FXGL Background Thread 3 ] DEBUG Engine               - urlGithub: https://github.com/AlmasB/FXGL
21:11:56.988 [FXGL Background Thread 3 ] DEBUG Engine               - urlLeaderboard: http://fxgl-top.herokuapp.com/
21:11:56.988 [FXGL Background Thread 3 ] DEBUG Engine               - urlPOM: https://raw.githubusercontent.com/AlmasB/FXGL/release/README.md
21:11:56.988 [FXGL Background Thread 3 ] DEBUG Engine               - userAppClass: class nsu.GameApp
21:11:56.988 [FXGL Background Thread 3 ] DEBUG Engine               - version: 0.0
21:11:56.988 [FXGL Background Thread 3 ] DEBUG Engine               - versionCheckDays: 7
21:11:56.990 [FXGL Background Thread 3 ] DEBUG Engine               - width: 600
21:11:56.991 [FXGL Background Thread 3 ] DEBUG Engine               - Logging services
21:11:56.991 [FXGL Background Thread 3 ] DEBUG Engine               - class com.almasb.fxgl.app.services.FXGLAssetLoaderService
21:11:56.991 [FXGL Background Thread 3 ] DEBUG Engine               - class com.almasb.fxgl.app.FXGLApplication$GameApplicationService
21:11:56.991 [FXGL Background Thread 3 ] DEBUG Engine               - class com.almasb.fxgl.app.services.FXGLDialogService
21:11:56.991 [FXGL Background Thread 3 ] DEBUG Engine               - class com.almasb.fxgl.app.services.IOTaskExecutorService
21:11:56.991 [FXGL Background Thread 3 ] DEBUG Engine               - class com.almasb.fxgl.io.FileSystemService
21:11:56.991 [FXGL Background Thread 3 ] DEBUG Engine               - class com.almasb.fxgl.localization.LocalizationService
21:11:56.991 [FXGL Background Thread 3 ] DEBUG Engine               - class com.almasb.fxgl.app.services.SystemBundleService
21:11:56.991 [FXGL Background Thread 3 ] DEBUG Engine               - class com.almasb.fxgl.profile.SaveLoadService
21:11:56.992 [FXGL Background Thread 3 ] DEBUG Engine               - class com.almasb.fxgl.ui.FXGLUIFactoryServiceProvider
21:11:56.992 [FXGL Background Thread 3 ] DEBUG Engine               - class com.almasb.fxgl.ui.FXGLDialogFactoryServiceProvider
21:11:56.992 [FXGL Background Thread 3 ] DEBUG Engine               - class com.almasb.fxgl.audio.AudioPlayer
21:11:56.992 [FXGL Background Thread 3 ] DEBUG Engine               - class com.almasb.fxgl.notification.impl.NotificationServiceProvider
21:11:56.992 [FXGL Background Thread 3 ] DEBUG Engine               - class com.almasb.fxgl.achievement.AchievementService
21:11:56.992 [FXGL Background Thread 3 ] DEBUG Engine               - class com.almasb.fxgl.cutscene.CutsceneService
21:11:56.992 [FXGL Background Thread 3 ] DEBUG Engine               - class com.almasb.fxgl.minigames.MiniGameService
21:11:56.992 [FXGL Background Thread 3 ] DEBUG Engine               - class com.almasb.fxgl.net.NetService
21:11:56.992 [FXGL Background Thread 3 ] DEBUG Engine               - class com.almasb.fxgl.app.services.UpdaterService
21:11:56.992 [FXGL Background Thread 3 ] DEBUG Engine               - class com.almasb.fxgl.dev.DevService
21:12:01.867 [JavaFX Application Thread] DEBUG FXGLApplication      - Exiting FXGL
21:12:01.868 [JavaFX Application Thread] DEBUG LoopRunner           - Stopping loop
21:12:01.868 [JavaFX Application Thread] DEBUG SystemBundleService  - Saving FXGL system data
21:12:01.875 [JavaFX Application Thread] DEBUG FileSystemAccess     - Writing to: /home/oksana/IdeaProjects/tutorial/system/fxgl.bundle
21:12:01.883 [JavaFX Application Thread] DEBUG Async                - Shutting down background threads
21:12:01.884 [JavaFX Application Thread] DEBUG PrimaryStageWindow   - Closing main window
21:12:01.889 [JavaFX Application Thread] DEBUG Logger               - Closing Logger
