12:39:40.069 [main                     ] DEBUG Logger               - Configured Logger
12:39:40.117 [main                     ] DEBUG GameApplication      - Logging settings
Title: Game
Version: 0.1
Width: 600
Height: 900
Fullscreen: false
Intro: false
Profiling: false
Single step:false
App Mode: DEVELOPER
Menu Key: ESCAPE
Stage Style: DECORATED
Scene Factory: class com.almasb.fxgl.app.scene.SceneFactory

12:39:40.622 [JavaFX Application Thread] DEBUG FXGLApplication      - Initializing FXGL
12:39:40.629 [JavaFX Application Thread] INFO  Engine               - FXGL-17.2 (20.08.2022 16.50) on LINUX (J:23.0.2 FX:18)
12:39:40.630 [JavaFX Application Thread] DEBUG Engine               - JRE Vendor Name: Oracle Corporation
12:39:40.630 [JavaFX Application Thread] DEBUG Engine               - Running on OS: Linux version 6.8.0-52-generic
12:39:40.630 [JavaFX Application Thread] DEBUG Engine               - Architecture: amd64
12:39:40.630 [JavaFX Application Thread] INFO  Engine               - Source code and latest versions at: https://github.com/AlmasB/FXGL
12:39:40.630 [JavaFX Application Thread] INFO  Engine               -       Ask questions and discuss at: https://github.com/AlmasB/FXGL/discussions
12:39:40.630 [JavaFX Application Thread] INFO  Engine               -              Join the FXGL chat at: https://gitter.im/AlmasB/FXGL
12:39:40.757 [JavaFX Application Thread] DEBUG PrimaryStageWindow   - Creating a JavaFX scene
12:39:40.848 [JavaFX Application Thread] DEBUG PrimaryStageWindow   - Target settings size: 600.0 x 900.0
12:39:40.848 [JavaFX Application Thread] DEBUG PrimaryStageWindow   - Scaled scene size:    600.0 x 900.0
12:39:40.848 [JavaFX Application Thread] DEBUG PrimaryStageWindow   - Scaled ratio: (1.0, 1.0)
12:39:40.850 [JavaFX Application Thread] DEBUG PrimaryStageWindow   - Set initial scene to FXGLStartupScene
12:39:40.858 [JavaFX Application Thread] DEBUG PrimaryStageWindow   - Opening main window
12:39:40.918 [JavaFX Application Thread] DEBUG PrimaryStageWindow   - Window border size: (2.0, 29.0)
12:39:40.918 [JavaFX Application Thread] DEBUG PrimaryStageWindow   - Scaled size: 600.0 x 900.0
12:39:40.919 [JavaFX Application Thread] DEBUG PrimaryStageWindow   - Scaled ratio: (1.0, 1.0)
12:39:40.919 [JavaFX Application Thread] DEBUG PrimaryStageWindow   - Scene size: 600.0 x 900.0
12:39:40.919 [JavaFX Application Thread] DEBUG PrimaryStageWindow   - Stage size: 602.0 x 929.0
12:39:40.932 [FXGL Background Thread 1 ] DEBUG Engine               - Initializing environment variables
12:39:41.089 [FXGL Background Thread 1 ] DEBUG FXGLAssetLoaderServi - User app class for loading assets: class nsu.GameApp
12:39:41.090 [FXGL Background Thread 1 ] DEBUG GameApplicationServi - Applying CSS: fxgl_dark.css
12:39:41.092 [FXGL Background Thread 1 ] DEBUG FXGLAssetLoaderServi - Loading from file system: jar:file:/home/oksana/.gradle/caches/modules-2/files-2.1/com.github.almasb/fxgl/17.2/35db6ae960eec2dcfd19262d3b7f9c42f0e95bc3/fxgl-17.2.jar!/fxglassets/ui/css/fxgl_dark.css
12:39:41.149 [FXGL Background Thread 1 ] DEBUG GameApplicationServi - Initializing application scenes
12:39:41.207 [FXGL Background Thread 1 ] DEBUG GameWorld            - Game world initialized
12:39:41.281 [FXGL Background Thread 1 ] DEBUG PhysicsWorld         - Physics world initialized: appHeight=900, physics.ppm=50.0
12:39:41.282 [FXGL Background Thread 1 ] DEBUG PhysicsWorld         - Using strategy: BRUTE_FORCE
12:39:41.288 [FXGL Background Thread 1 ] DEBUG GameScene            - Game scene initialized: 600x900
12:39:41.303 [FXGL Background Thread 1 ] WARN  FXGL.DefaultMenu     - FXGLDefaultMenu is not designed for resolutions < 800x600
12:39:41.303 [FXGL Background Thread 1 ] DEBUG FXGL.DefaultMenu     - createMenuBodyGameMenu()
12:39:41.320 [FXGL Background Thread 1 ] DEBUG FXGL.DefaultMenu     - createOptionsMenu()
12:39:41.337 [FXGL Background Thread 1 ] DEBUG FXGLAssetLoaderServi - Loading from file system: jar:file:/home/oksana/.gradle/caches/modules-2/files-2.1/com.github.almasb/fxgl/17.2/35db6ae960eec2dcfd19262d3b7f9c42f0e95bc3/fxgl-17.2.jar!/fxglassets/textures/particles/smoke.png
12:39:41.466 [FXGL Background Thread 1 ] DEBUG FXGLAssetLoaderServi - Loading from file system: jar:file:/home/oksana/.gradle/caches/modules-2/files-2.1/com.github.almasb/fxgl/17.2/35db6ae960eec2dcfd19262d3b7f9c42f0e95bc3/fxgl-17.2.jar!/fxglassets/textures/particles/trace_horizontal.png
12:39:41.494 [FXGL Background Thread 1 ] DEBUG GameApplicationServi - Application scenes initialized
12:39:41.510 [FXGL Background Thread 1 ] DEBUG SystemBundleService  - Loading FXGL system data
12:39:41.517 [FXGL Background Thread 1 ] DEBUG FileSystemAccess     - Reading from: /home/oksana/IdeaProjects/tutorial/system/fxgl.bundle
12:39:41.526 [FXGL Background Thread 1 ] DEBUG SystemBundleService  - Bundle FXGL: {}
12:39:41.526 [FXGL Background Thread 1 ] DEBUG UpdaterService       - Checking for updates
12:39:41.532 [FXGL Background Thread 4 ] DEBUG FXGLApplication      - Loading fonts
12:39:41.533 [FXGL Background Thread 1 ] DEBUG FXGLApplication      - Loading default localization
12:39:41.533 [FXGL Background Thread 4 ] DEBUG FXGLAssetLoaderServi - Loading from file system: jar:file:/home/oksana/.gradle/caches/modules-2/files-2.1/com.github.almasb/fxgl/17.2/35db6ae960eec2dcfd19262d3b7f9c42f0e95bc3/fxgl-17.2.jar!/fxglassets/ui/fonts/VarelaRound-Regular.ttf
12:39:41.533 [FXGL Background Thread 1 ] DEBUG FXGLAssetLoaderServi - Loading from file system: jar:file:/home/oksana/.gradle/caches/modules-2/files-2.1/com.github.almasb/fxgl/17.2/35db6ae960eec2dcfd19262d3b7f9c42f0e95bc3/fxgl-17.2.jar!/fxglassets/languages/english.lang
12:39:41.547 [FXGL Background Thread 4 ] DEBUG FXGLAssetLoaderServi - Loading from file system: jar:file:/home/oksana/.gradle/caches/modules-2/files-2.1/com.github.almasb/fxgl/17.2/35db6ae960eec2dcfd19262d3b7f9c42f0e95bc3/fxgl-17.2.jar!/fxglassets/ui/fonts/Abel-Regular.ttf
12:39:41.552 [FXGL Background Thread 4 ] DEBUG FXGLAssetLoaderServi - Loading from file system: jar:file:/home/oksana/.gradle/caches/modules-2/files-2.1/com.github.almasb/fxgl/17.2/35db6ae960eec2dcfd19262d3b7f9c42f0e95bc3/fxgl-17.2.jar!/fxglassets/ui/fonts/TerminalLandMono-Regular.otf
12:39:41.556 [FXGL Background Thread 4 ] DEBUG FXGLAssetLoaderServi - Loading from file system: jar:file:/home/oksana/.gradle/caches/modules-2/files-2.1/com.github.almasb/fxgl/17.2/35db6ae960eec2dcfd19262d3b7f9c42f0e95bc3/fxgl-17.2.jar!/fxglassets/ui/fonts/Courier-Prime.ttf
12:39:41.562 [FXGL Background Thread 1 ] INFO  FXGLApplication      - FXGL initialization took: 0.630 sec
12:39:41.563 [JavaFX Application Thread] DEBUG FXGLApplication      - Registering font factories with UI factory
12:39:41.574 [JavaFX Application Thread] DEBUG Input                - Registered new binding: Move Right - D
12:39:41.574 [JavaFX Application Thread] DEBUG Input                - Registered new binding: Move Left - A
12:39:41.575 [JavaFX Application Thread] DEBUG Input                - Registered new binding: Jump - W
12:39:41.575 [JavaFX Application Thread] DEBUG FXGLAssetLoaderServi - Loading from file system: jar:file:/home/oksana/.gradle/caches/modules-2/files-2.1/com.github.almasb/fxgl/17.2/35db6ae960eec2dcfd19262d3b7f9c42f0e95bc3/fxgl-17.2.jar!/fxglassets/textures/fxgl_icon.png
12:39:41.613 [JavaFX Application Thread] DEBUG FXGLAssetLoaderServi - Loading from file system: jar:file:/home/oksana/.gradle/caches/modules-2/files-2.1/com.github.almasb/fxgl/17.2/35db6ae960eec2dcfd19262d3b7f9c42f0e95bc3/fxgl-17.2.jar!/fxglassets/textures/fxgl_default_cursor.png
12:39:41.616 [JavaFX Application Thread] DEBUG Input                - Registered new binding: Screenshot - CTRL+8
12:39:41.617 [JavaFX Application Thread] DEBUG Input                - Registered new binding: System info dump - CTRL+9
12:39:41.617 [JavaFX Application Thread] DEBUG Input                - Registered new binding: Restart - CTRL+R
12:39:41.618 [JavaFX Application Thread] DEBUG Input                - Registered new binding: Toggle Debug Camera - CTRL+7
12:39:41.620 [JavaFX Application Thread] DEBUG LoopRunner           - Starting loop
12:39:41.620 [JavaFX Application Thread] DEBUG LoopRunner           - Initializing JavaFX AnimationTimerLoop
12:39:41.622 [JavaFX Application Thread] DEBUG GameApplicationServi - Starting new game
12:39:41.632 [JavaFX Application Thread] DEBUG Input                - Clearing active input actions
12:39:41.648 [JavaFX Application Thread] DEBUG GameApplicationServi - Removing overlay from FXGLStartupScene and adding to FXGLLoadingScene
12:39:41.649 [JavaFX Application Thread] DEBUG PrimaryStageWindow   - FXGLStartupScene -> FXGLLoadingScene
12:39:41.649 [JavaFX Application Thread] DEBUG GameApplicationServi - Clearing previous game
12:39:41.649 [JavaFX Application Thread] DEBUG GameScene            - Clearing game scene
12:39:41.649 [JavaFX Application Thread] DEBUG GameWorld            - Clearing game world
12:39:41.650 [JavaFX Application Thread] DEBUG PhysicsWorld         - Clearing physics world
12:39:41.653 [FXGL Background Thread 1 ] DEBUG FXGLApplication      - Initializing game
12:39:41.733 [FXGL Background Thread 1 ] DEBUG FXGLAssetLoaderServi - Loading from file system: file:/home/oksana/IdeaProjects/tutorial/build/resources/main/assets/textures/player.png
12:39:41.762 [FXGL Background Thread 1 ] INFO  FXGLApplication      - Game initialization took: 0.109 sec
12:39:41.780 [JavaFX Application Thread] DEBUG Input                - Clearing active input actions
12:39:41.790 [JavaFX Application Thread] DEBUG GameApplicationServi - Removing overlay from FXGLLoadingScene and adding to GameScene
12:39:41.790 [JavaFX Application Thread] DEBUG PrimaryStageWindow   - FXGLLoadingScene -> GameScene
12:39:42.611 [FXGL Background Thread 2 ] INFO  UpdaterService       - Your current version:  17.2
12:39:42.611 [FXGL Background Thread 2 ] INFO  UpdaterService       - Latest stable version: 21.1
12:39:44.530 [FXGL Background Thread 3 ] DEBUG Engine               - Logging environment variables
12:39:44.531 [FXGL Background Thread 3 ] DEBUG Engine               - achievements: []
12:39:44.531 [FXGL Background Thread 3 ] DEBUG Engine               - actualHeight: 908.0
12:39:44.531 [FXGL Background Thread 3 ] DEBUG Engine               - actualHeightProperty: ReadOnlyDoubleProperty [value: 908.0]
12:39:44.531 [FXGL Background Thread 3 ] DEBUG Engine               - actualWidth: 598.0
12:39:44.531 [FXGL Background Thread 3 ] DEBUG Engine               - actualWidthProperty: ReadOnlyDoubleProperty [value: 598.0]
12:39:44.531 [FXGL Background Thread 3 ] DEBUG Engine               - appIcon: fxgl_icon.png
12:39:44.531 [FXGL Background Thread 3 ] DEBUG Engine               - applicationMode: DEVELOPER
12:39:44.531 [FXGL Background Thread 3 ] DEBUG Engine               - cSSList: [fxgl_dark.css]
12:39:44.532 [FXGL Background Thread 3 ] DEBUG Engine               - collisionDetectionStrategy: BRUTE_FORCE
12:39:44.532 [FXGL Background Thread 3 ] DEBUG Engine               - configClass: Optional.empty
12:39:44.532 [FXGL Background Thread 3 ] DEBUG Engine               - credits: []
12:39:44.533 [FXGL Background Thread 3 ] DEBUG Engine               - defaultCursor: CursorInfo(imageName=fxgl_default_cursor.png, hotspotX=7.0, hotspotY=6.0)
12:39:44.533 [FXGL Background Thread 3 ] DEBUG Engine               - devBBoxColorProperty: ObjectProperty [value: 0xff0000ff]
12:39:44.533 [FXGL Background Thread 3 ] DEBUG Engine               - devEnableDebugCameraProperty: BooleanProperty [value: false]
12:39:44.533 [FXGL Background Thread 3 ] DEBUG Engine               - devSensorColorProperty: ObjectProperty [value: 0xffff00ff]
12:39:44.533 [FXGL Background Thread 3 ] DEBUG Engine               - devShowBBoxProperty: BooleanProperty [value: false]
12:39:44.534 [FXGL Background Thread 3 ] DEBUG Engine               - devShowPositionProperty: BooleanProperty [value: false]
12:39:44.534 [FXGL Background Thread 3 ] DEBUG Engine               - enabledMenuItems: []
12:39:44.534 [FXGL Background Thread 3 ] DEBUG Engine               - engineServices: [class com.almasb.fxgl.app.services.FXGLAssetLoaderService, class com.almasb.fxgl.app.FXGLApplication$GameApplicationService, class com.almasb.fxgl.app.services.FXGLDialogService, class com.almasb.fxgl.app.services.IOTaskExecutorService, class com.almasb.fxgl.io.FileSystemService, class com.almasb.fxgl.localization.LocalizationService, class com.almasb.fxgl.app.services.SystemBundleService, class com.almasb.fxgl.profile.SaveLoadService, class com.almasb.fxgl.ui.FXGLUIFactoryServiceProvider, class com.almasb.fxgl.ui.FXGLDialogFactoryServiceProvider, class com.almasb.fxgl.audio.AudioPlayer, class com.almasb.fxgl.notification.impl.NotificationServiceProvider, class com.almasb.fxgl.achievement.AchievementService, class com.almasb.fxgl.cutscene.CutsceneService, class com.almasb.fxgl.minigames.MiniGameService, class com.almasb.fxgl.net.NetService, class com.almasb.fxgl.app.services.UpdaterService, class com.almasb.fxgl.dev.DevService]
12:39:44.534 [FXGL Background Thread 3 ] DEBUG Engine               - fontGame: Abel-Regular.ttf
12:39:44.534 [FXGL Background Thread 3 ] DEBUG Engine               - fontMono: TerminalLandMono-Regular.otf
12:39:44.534 [FXGL Background Thread 3 ] DEBUG Engine               - fontText: Courier-Prime.ttf
12:39:44.534 [FXGL Background Thread 3 ] DEBUG Engine               - fontUI: VarelaRound-Regular.ttf
12:39:44.534 [FXGL Background Thread 3 ] DEBUG Engine               - fullScreen: BooleanProperty [value: false]
12:39:44.535 [FXGL Background Thread 3 ] DEBUG Engine               - gameDifficulty: MEDIUM
12:39:44.535 [FXGL Background Thread 3 ] DEBUG Engine               - gameDifficultyProperty: ObjectProperty [value: MEDIUM]
12:39:44.535 [FXGL Background Thread 3 ] DEBUG Engine               - globalMusicVolume: 0.5
12:39:44.535 [FXGL Background Thread 3 ] DEBUG Engine               - globalMusicVolumeProperty: DoubleProperty [value: 0.5]
12:39:44.535 [FXGL Background Thread 3 ] DEBUG Engine               - globalSoundVolume: 0.5
12:39:44.535 [FXGL Background Thread 3 ] DEBUG Engine               - globalSoundVolumeProperty: DoubleProperty [value: 0.5]
12:39:44.535 [FXGL Background Thread 3 ] DEBUG Engine               - height: 900
12:39:44.535 [FXGL Background Thread 3 ] DEBUG Engine               - is3D: false
12:39:44.535 [FXGL Background Thread 3 ] DEBUG Engine               - isAndroid: false
12:39:44.535 [FXGL Background Thread 3 ] DEBUG Engine               - isBrowser: false
12:39:44.536 [FXGL Background Thread 3 ] DEBUG Engine               - isClickFeedbackEnabled: false
12:39:44.536 [FXGL Background Thread 3 ] DEBUG Engine               - isCloseConfirmation: false
12:39:44.536 [FXGL Background Thread 3 ] DEBUG Engine               - isDesktop: true
12:39:44.536 [FXGL Background Thread 3 ] DEBUG Engine               - isDeveloperMenuEnabled: false
12:39:44.536 [FXGL Background Thread 3 ] DEBUG Engine               - isEmbedded: false
12:39:44.536 [FXGL Background Thread 3 ] DEBUG Engine               - isEntityPreloadEnabled: true
12:39:44.536 [FXGL Background Thread 3 ] DEBUG Engine               - isExperimentalTiledLargeMap: false
12:39:44.536 [FXGL Background Thread 3 ] DEBUG Engine               - isFileSystemWriteAllowed: true
12:39:44.536 [FXGL Background Thread 3 ] DEBUG Engine               - isFullScreenAllowed: false
12:39:44.536 [FXGL Background Thread 3 ] DEBUG Engine               - isFullScreenFromStart: false
12:39:44.536 [FXGL Background Thread 3 ] DEBUG Engine               - isGameMenuEnabled: true
12:39:44.536 [FXGL Background Thread 3 ] DEBUG Engine               - isIOS: false
12:39:44.537 [FXGL Background Thread 3 ] DEBUG Engine               - isIntroEnabled: false
12:39:44.537 [FXGL Background Thread 3 ] DEBUG Engine               - isLinux: true
12:39:44.537 [FXGL Background Thread 3 ] DEBUG Engine               - isMac: false
12:39:44.537 [FXGL Background Thread 3 ] DEBUG Engine               - isMainMenuEnabled: false
12:39:44.537 [FXGL Background Thread 3 ] DEBUG Engine               - isManualResizeEnabled: false
12:39:44.537 [FXGL Background Thread 3 ] DEBUG Engine               - isMobile: false
12:39:44.537 [FXGL Background Thread 3 ] DEBUG Engine               - isNative: false
12:39:44.537 [FXGL Background Thread 3 ] DEBUG Engine               - isPauseMusicWhenMinimized: true
12:39:44.537 [FXGL Background Thread 3 ] DEBUG Engine               - isPreserveResizeRatio: false
12:39:44.537 [FXGL Background Thread 3 ] DEBUG Engine               - isProfilingEnabled: false
12:39:44.537 [FXGL Background Thread 3 ] DEBUG Engine               - isScaleAffectedOnResize: true
12:39:44.538 [FXGL Background Thread 3 ] DEBUG Engine               - isSingleStep: false
12:39:44.538 [FXGL Background Thread 3 ] DEBUG Engine               - isUserProfileEnabled: false
12:39:44.538 [FXGL Background Thread 3 ] DEBUG Engine               - isWindows: false
12:39:44.538 [FXGL Background Thread 3 ] DEBUG Engine               - language: ObjectProperty [value: ENGLISH]
12:39:44.538 [FXGL Background Thread 3 ] DEBUG Engine               - menuKey: ESCAPE
12:39:44.538 [FXGL Background Thread 3 ] DEBUG Engine               - mouseSensitivity: 0.2
12:39:44.538 [FXGL Background Thread 3 ] DEBUG Engine               - notificationViewClass: class com.almasb.fxgl.notification.view.XboxNotificationView
12:39:44.538 [FXGL Background Thread 3 ] DEBUG Engine               - pixelsPerMeter: 50.0
12:39:44.538 [FXGL Background Thread 3 ] DEBUG Engine               - platform: LINUX
12:39:44.538 [FXGL Background Thread 3 ] DEBUG Engine               - prefHeightProperty: ReadOnlyDoubleProperty [value: 900.0]
12:39:44.538 [FXGL Background Thread 3 ] DEBUG Engine               - prefWidthProperty: ReadOnlyDoubleProperty [value: 600.0]
12:39:44.539 [FXGL Background Thread 3 ] DEBUG Engine               - profileDir: profiles/
12:39:44.539 [FXGL Background Thread 3 ] DEBUG Engine               - profileName: StringProperty [value: DEFAULT]
12:39:44.539 [FXGL Background Thread 3 ] DEBUG Engine               - randomSeed: -1
12:39:44.540 [FXGL Background Thread 3 ] DEBUG Engine               - runtimeInfo: RuntimeInfo(platform=LINUX, version=17.2, build=20.08.2022 16.50)
12:39:44.540 [FXGL Background Thread 3 ] DEBUG Engine               - saveFileExt: sav
12:39:44.540 [FXGL Background Thread 3 ] DEBUG Engine               - scaledHeightProp$fxgl: DoubleProperty [bound, value: 908.0]
12:39:44.540 [FXGL Background Thread 3 ] DEBUG Engine               - scaledWidthProp$fxgl: DoubleProperty [bound, value: 598.0]
12:39:44.540 [FXGL Background Thread 3 ] DEBUG Engine               - sceneFactory: com.almasb.fxgl.app.scene.SceneFactory@1a31e0dd
12:39:44.541 [FXGL Background Thread 3 ] DEBUG Engine               - secondsIn24h: 60
12:39:44.541 [FXGL Background Thread 3 ] DEBUG Engine               - soundMenuBack: menu/back.wav
12:39:44.541 [FXGL Background Thread 3 ] DEBUG Engine               - soundMenuPress: menu/press.wav
12:39:44.541 [FXGL Background Thread 3 ] DEBUG Engine               - soundMenuSelect: menu/select.wav
12:39:44.541 [FXGL Background Thread 3 ] DEBUG Engine               - soundNotification: core/notification.wav
12:39:44.541 [FXGL Background Thread 3 ] DEBUG Engine               - stageStyle: DECORATED
12:39:44.541 [FXGL Background Thread 3 ] DEBUG Engine               - supportedLanguages: [ENGLISH, FRENCH, GERMAN, HUNGARIAN, RUSSIAN]
12:39:44.541 [FXGL Background Thread 3 ] DEBUG Engine               - ticksPerSecond: -1
12:39:44.541 [FXGL Background Thread 3 ] DEBUG Engine               - title: Game
12:39:44.541 [FXGL Background Thread 3 ] DEBUG Engine               - urlGithub: https://github.com/AlmasB/FXGL
12:39:44.541 [FXGL Background Thread 3 ] DEBUG Engine               - urlLeaderboard: http://fxgl-top.herokuapp.com/
12:39:44.542 [FXGL Background Thread 3 ] DEBUG Engine               - urlPOM: https://raw.githubusercontent.com/AlmasB/FXGL/release/README.md
12:39:44.542 [FXGL Background Thread 3 ] DEBUG Engine               - userAppClass: class nsu.GameApp
12:39:44.542 [FXGL Background Thread 3 ] DEBUG Engine               - version: 0.1
12:39:44.542 [FXGL Background Thread 3 ] DEBUG Engine               - versionCheckDays: 7
12:39:44.542 [FXGL Background Thread 3 ] DEBUG Engine               - width: 600
12:39:44.542 [FXGL Background Thread 3 ] DEBUG Engine               - Logging services
12:39:44.542 [FXGL Background Thread 3 ] DEBUG Engine               - class com.almasb.fxgl.app.services.FXGLAssetLoaderService
12:39:44.542 [FXGL Background Thread 3 ] DEBUG Engine               - class com.almasb.fxgl.app.FXGLApplication$GameApplicationService
12:39:44.542 [FXGL Background Thread 3 ] DEBUG Engine               - class com.almasb.fxgl.app.services.FXGLDialogService
12:39:44.542 [FXGL Background Thread 3 ] DEBUG Engine               - class com.almasb.fxgl.app.services.IOTaskExecutorService
12:39:44.542 [FXGL Background Thread 3 ] DEBUG Engine               - class com.almasb.fxgl.io.FileSystemService
12:39:44.544 [FXGL Background Thread 3 ] DEBUG Engine               - class com.almasb.fxgl.localization.LocalizationService
12:39:44.545 [FXGL Background Thread 3 ] DEBUG Engine               - class com.almasb.fxgl.app.services.SystemBundleService
12:39:44.545 [FXGL Background Thread 3 ] DEBUG Engine               - class com.almasb.fxgl.profile.SaveLoadService
12:39:44.545 [FXGL Background Thread 3 ] DEBUG Engine               - class com.almasb.fxgl.ui.FXGLUIFactoryServiceProvider
12:39:44.545 [FXGL Background Thread 3 ] DEBUG Engine               - class com.almasb.fxgl.ui.FXGLDialogFactoryServiceProvider
12:39:44.545 [FXGL Background Thread 3 ] DEBUG Engine               - class com.almasb.fxgl.audio.AudioPlayer
12:39:44.545 [FXGL Background Thread 3 ] DEBUG Engine               - class com.almasb.fxgl.notification.impl.NotificationServiceProvider
12:39:44.546 [FXGL Background Thread 3 ] DEBUG Engine               - class com.almasb.fxgl.achievement.AchievementService
12:39:44.546 [FXGL Background Thread 3 ] DEBUG Engine               - class com.almasb.fxgl.cutscene.CutsceneService
12:39:44.546 [FXGL Background Thread 3 ] DEBUG Engine               - class com.almasb.fxgl.minigames.MiniGameService
12:39:44.546 [FXGL Background Thread 3 ] DEBUG Engine               - class com.almasb.fxgl.net.NetService
12:39:44.546 [FXGL Background Thread 3 ] DEBUG Engine               - class com.almasb.fxgl.app.services.UpdaterService
12:39:44.546 [FXGL Background Thread 3 ] DEBUG Engine               - class com.almasb.fxgl.dev.DevService
12:40:06.803 [JavaFX Application Thread] DEBUG PrimaryStageWindow   - Push state: DialogSubScene
12:40:06.804 [JavaFX Application Thread] DEBUG Input                - Clearing active input actions
12:40:06.812 [JavaFX Application Thread] DEBUG GameApplicationServi - Removing overlay from GameScene and adding to DialogSubScene
12:40:06.813 [JavaFX Application Thread] DEBUG PrimaryStageWindow   - GameScene -> DialogSubScene
12:41:28.999 [JavaFX Application Thread] DEBUG PrimaryStageWindow   - Pop state: DialogSubScene
12:41:28.999 [JavaFX Application Thread] DEBUG Input                - Clearing active input actions
12:41:29.001 [JavaFX Application Thread] DEBUG GameApplicationServi - Removing overlay from DialogSubScene and adding to GameScene
12:41:29.001 [JavaFX Application Thread] DEBUG PrimaryStageWindow   - GameScene <- DialogSubScene
12:41:29.002 [JavaFX Application Thread] DEBUG FXGLApplication      - Exiting FXGL
12:41:29.002 [JavaFX Application Thread] DEBUG LoopRunner           - Stopping loop
12:41:29.002 [JavaFX Application Thread] DEBUG SystemBundleService  - Saving FXGL system data
12:41:29.006 [JavaFX Application Thread] DEBUG FileSystemAccess     - Writing to: /home/oksana/IdeaProjects/tutorial/system/fxgl.bundle
12:41:29.010 [JavaFX Application Thread] DEBUG Async                - Shutting down background threads
12:41:29.011 [JavaFX Application Thread] DEBUG PrimaryStageWindow   - Closing main window
12:41:29.015 [JavaFX Application Thread] DEBUG Logger               - Closing Logger
